#
# There is insufficient memory for the Java Runtime Environment to continue.
# Native memory allocation (malloc) failed to allocate 262160 bytes. Error detail: Chunk::new
# Possible reasons:
#   The system is out of physical RAM or swap space
#   This process is running with CompressedOops enabled, and the Java Heap may be blocking the growth of the native heap
# Possible solutions:
#   Reduce memory load on the system
#   Increase physical memory or swap space
#   Check if swap backing store is full
#   Decrease Java heap size (-Xmx/-Xms)
#   Decrease number of Java threads
#   Decrease Java thread stack sizes (-Xss)
#   Set larger code cache with -XX:ReservedCodeCacheSize=
#   JVM is running with Unscaled Compressed Oops mode in which the Java heap is
#     placed in the first 4GB address space. The Java Heap base address is the
#     maximum limit for the native heap growth. Please use -XX:HeapBaseMinAddress
#     to set the Java Heap base and to place the Java Heap above 4GB virtual address.
# This output file may be truncated or incomplete.
#
#  Out of Memory Error (arena.cpp:168), pid=7584, tid=19080
#
# JRE version: OpenJDK Runtime Environment (21.0.9) (build 21.0.9+-14787801-b1163.94)
# Java VM: OpenJDK 64-Bit Server VM (21.0.9+-14787801-b1163.94, mixed mode, tiered, compressed oops, compressed class ptrs, g1 gc, windows-amd64)
# No core dump will be written. Minidumps are not enabled by default on client versions of Windows
#

---------------  S U M M A R Y ------------

Command Line: --add-opens=java.base/java.lang=ALL-UNNAMED --add-opens=java.base/java.lang.invoke=ALL-UNNAMED --add-opens=java.base/java.util=ALL-UNNAMED --add-opens=java.prefs/java.util.prefs=ALL-UNNAMED --add-exports=jdk.compiler/com.sun.tools.javac.api=ALL-UNNAMED --add-exports=jdk.compiler/com.sun.tools.javac.util=ALL-UNNAMED --add-opens=java.base/java.util=ALL-UNNAMED --add-opens=java.prefs/java.util.prefs=ALL-UNNAMED --add-opens=java.base/java.nio.charset=ALL-UNNAMED --add-opens=java.base/java.net=ALL-UNNAMED --add-opens=java.base/java.util.concurrent=ALL-UNNAMED --add-opens=java.base/java.util.concurrent.atomic=ALL-UNNAMED --add-opens=java.xml/javax.xml.namespace=ALL-UNNAMED --add-opens=java.base/java.time=ALL-UNNAMED -Xmx2048m -Dfile.encoding=UTF-8 -Duser.country=ZA -Duser.language=en -Duser.variant -javaagent:C:\Users\ofent\.gradle\wrapper\dists\gradle-9.3.1-bin\23ovyewtku6u96viwx3xl3oks\gradle-9.3.1\lib\agents\gradle-instrumentation-agent-9.3.1.jar org.gradle.launcher.daemon.bootstrap.GradleDaemon 9.3.1

Host: Intel(R) Celeron(R) N4020 CPU @ 1.10GHz, 2 cores, 3G,  Windows 11 , 64 bit Build 26100 (10.0.26100.8246)
Time: Tue Apr 28 21:43:52 2026 South Africa Standard Time elapsed time: 107.682655 seconds (0d 0h 1m 47s)

---------------  T H R E A D  ---------------

Current thread (0x0000026a6b041150):  JavaThread "C2 CompilerThread0" daemon [_thread_in_native, id=19080, stack(0x0000007413600000,0x0000007413700000) (1024K)]


Current CompileTask:
C2:107684 4794   !   4       java.net.URLClassLoader$1::run (81 bytes)

Stack: [0x0000007413600000,0x0000007413700000]
Native frames: (J=compiled Java code, j=interpreted, Vv=VM code, C=native code)
V  [jvm.dll+0x6d6c99]
V  [jvm.dll+0x866b83]
V  [jvm.dll+0x8691ae]
V  [jvm.dll+0x869893]
V  [jvm.dll+0x280776]
V  [jvm.dll+0xc07cd]
V  [jvm.dll+0xc0d03]
V  [jvm.dll+0x6fda34]
V  [jvm.dll+0x6fe208]
V  [jvm.dll+0x700480]
V  [jvm.dll+0x6fe7e3]
V  [jvm.dll+0x2525ae]
V  [jvm.dll+0x24ad6d]
V  [jvm.dll+0x24892e]
V  [jvm.dll+0x1c7344]
V  [jvm.dll+0x2581ae]
V  [jvm.dll+0x2566f6]
V  [jvm.dll+0x3f48a6]
V  [jvm.dll+0x80f118]
V  [jvm.dll+0x6d54ed]
C  [ucrtbase.dll+0x37b0]
C  [KERNEL32.DLL+0x2e8d7]
C  [ntdll.dll+0x8c3fc]


---------------  P R O C E S S  ---------------

Threads class SMR info:
_java_thread_list=0x0000026a6e43fc60, length=34, elements={
0x0000026a4dea3c90, 0x0000026a6b0102e0, 0x0000026a66bce210, 0x0000026a6b0265e0,
0x0000026a6b028570, 0x0000026a6b028fd0, 0x0000026a6b029a30, 0x0000026a6b035120,
0x0000026a6b041150, 0x0000026a6b043c10, 0x0000026a6b0364d0, 0x0000026a6b035e40,
0x0000026a6b0371f0, 0x0000026a6b037880, 0x0000026a6b034400, 0x0000026a6b0357b0,
0x0000026a6b034a90, 0x0000026a6c387aa0, 0x0000026a6c3866f0, 0x0000026a6c387410,
0x0000026a6c3887c0, 0x0000026a6c386d80, 0x0000026a6c388e50, 0x0000026a6c3894e0,
0x0000026a6c38d680, 0x0000026a6c38cff0, 0x0000026a6c38c2d0, 0x0000026a6c38a200,
0x0000026a6c38af20, 0x0000026a6c38c960, 0x0000026a6c38b5b0, 0x0000026a6c38bc40,
0x0000026a6d057c60, 0x0000026a6d0596a0
}

Java Threads: ( => current thread )
  0x0000026a4dea3c90 JavaThread "main"                              [_thread_blocked, id=14300, stack(0x0000007412700000,0x0000007412800000) (1024K)]
  0x0000026a6b0102e0 JavaThread "Common-Cleaner"             daemon [_thread_blocked, id=7904, stack(0x0000007412f00000,0x0000007413000000) (1024K)]
  0x0000026a66bce210 JavaThread "Reference Handler"          daemon [_thread_blocked, id=15956, stack(0x0000007413000000,0x0000007413100000) (1024K)]
  0x0000026a6b0265e0 JavaThread "Finalizer"                  daemon [_thread_blocked, id=19164, stack(0x0000007413100000,0x0000007413200000) (1024K)]
  0x0000026a6b028570 JavaThread "Signal Dispatcher"          daemon [_thread_blocked, id=11192, stack(0x0000007413200000,0x0000007413300000) (1024K)]
  0x0000026a6b028fd0 JavaThread "Attach Listener"            daemon [_thread_blocked, id=11484, stack(0x0000007413300000,0x0000007413400000) (1024K)]
  0x0000026a6b029a30 JavaThread "Service Thread"             daemon [_thread_blocked, id=14744, stack(0x0000007413400000,0x0000007413500000) (1024K)]
  0x0000026a6b035120 JavaThread "Monitor Deflation Thread"   daemon [_thread_blocked, id=1552, stack(0x0000007413500000,0x0000007413600000) (1024K)]
=>0x0000026a6b041150 JavaThread "C2 CompilerThread0"         daemon [_thread_in_native, id=19080, stack(0x0000007413600000,0x0000007413700000) (1024K)]
  0x0000026a6b043c10 JavaThread "C1 CompilerThread0"         daemon [_thread_blocked, id=18832, stack(0x0000007413700000,0x0000007413800000) (1024K)]
  0x0000026a6b0364d0 JavaThread "Notification Thread"        daemon [_thread_blocked, id=16504, stack(0x0000007413800000,0x0000007413900000) (1024K)]
  0x0000026a6b035e40 JavaThread "Daemon health stats"               [_thread_blocked, id=16976, stack(0x0000007412500000,0x0000007412600000) (1024K)]
  0x0000026a6b0371f0 JavaThread "Incoming local TCP Connector on port 57554"        [_thread_in_native, id=15864, stack(0x0000007412600000,0x0000007412700000) (1024K)]
  0x0000026a6b037880 JavaThread "Daemon periodic checks"            [_thread_blocked, id=20412, stack(0x0000007413a00000,0x0000007413b00000) (1024K)]
  0x0000026a6b034400 JavaThread "Daemon"                            [_thread_blocked, id=5876, stack(0x0000007413b00000,0x0000007413c00000) (1024K)]
  0x0000026a6b0357b0 JavaThread "Handler for socket connection from /127.0.0.1:57554 to /127.0.0.1:57555"        [_thread_in_native, id=16548, stack(0x0000007413c00000,0x0000007413d00000) (1024K)]
  0x0000026a6b034a90 JavaThread "Cancel handler"                    [_thread_blocked, id=5396, stack(0x0000007413d00000,0x0000007413e00000) (1024K)]
  0x0000026a6c387aa0 JavaThread "Daemon worker"                     [_thread_in_vm, id=928, stack(0x0000007413e00000,0x0000007413f00000) (1024K)]
  0x0000026a6c3866f0 JavaThread "Asynchronous log dispatcher for DefaultDaemonConnection: socket connection from /127.0.0.1:57554 to /127.0.0.1:57555"        [_thread_blocked, id=14532, stack(0x0000007413f00000,0x0000007414000000) (1024K)]
  0x0000026a6c387410 JavaThread "Stdin handler"                     [_thread_blocked, id=13164, stack(0x0000007414000000,0x0000007414100000) (1024K)]
  0x0000026a6c3887c0 JavaThread "Daemon client event forwarder"        [_thread_blocked, id=18628, stack(0x0000007414100000,0x0000007414200000) (1024K)]
  0x0000026a6c386d80 JavaThread "Cache worker for journal cache (C:\Users\ofent\.gradle\caches\journal-1)"        [_thread_blocked, id=4988, stack(0x0000007414200000,0x0000007414300000) (1024K)]
  0x0000026a6c388e50 JavaThread "File lock request listener"        [_thread_in_native, id=19516, stack(0x0000007414300000,0x0000007414400000) (1024K)]
  0x0000026a6c3894e0 JavaThread "Cache worker for file hash cache (C:\Users\ofent\.gradle\caches\9.3.1\fileHashes)"        [_thread_blocked, id=18608, stack(0x0000007414400000,0x0000007414500000) (1024K)]
  0x0000026a6c38d680 JavaThread "Cache worker for file hash cache (C:\Users\ofent\AndroidStudioProjects\BudgetTrackerApp3\.gradle\9.3.1\fileHashes)"        [_thread_blocked, id=12632, stack(0x0000007414500000,0x0000007414600000) (1024K)]
  0x0000026a6c38cff0 JavaThread "Cache worker for Build Output Cleanup Cache (C:\Users\ofent\AndroidStudioProjects\BudgetTrackerApp3\.gradle\buildOutputCleanup)"        [_thread_blocked, id=19764, stack(0x0000007414600000,0x0000007414700000) (1024K)]
  0x0000026a6c38c2d0 JavaThread "File watcher server"        daemon [_thread_in_native, id=14748, stack(0x0000007414700000,0x0000007414800000) (1024K)]
  0x0000026a6c38a200 JavaThread "File watcher consumer"      daemon [_thread_blocked, id=5468, stack(0x0000007414800000,0x0000007414900000) (1024K)]
  0x0000026a6c38af20 JavaThread "Cache worker for checksums cache (C:\Users\ofent\AndroidStudioProjects\BudgetTrackerApp3\.gradle\9.3.1\checksums)"        [_thread_blocked, id=17556, stack(0x0000007414900000,0x0000007414a00000) (1024K)]
  0x0000026a6c38c960 JavaThread "Cache worker for file content cache (C:\Users\ofent\.gradle\caches\9.3.1\fileContent)"        [_thread_blocked, id=20196, stack(0x0000007414a00000,0x0000007414b00000) (1024K)]
  0x0000026a6c38b5b0 JavaThread "Cache worker for cache directory md-supplier (C:\Users\ofent\.gradle\caches\9.3.1\md-supplier)"        [_thread_blocked, id=17960, stack(0x0000007414b00000,0x0000007414c00000) (1024K)]
  0x0000026a6c38bc40 JavaThread "Cache worker for cache directory md-rule (C:\Users\ofent\.gradle\caches\9.3.1\md-rule)"        [_thread_blocked, id=2324, stack(0x0000007414c00000,0x0000007414d00000) (1024K)]
  0x0000026a6d057c60 JavaThread "jar transforms"                    [_thread_blocked, id=4156, stack(0x0000007414d00000,0x0000007414e00000) (1024K)]
  0x0000026a6d0596a0 JavaThread "jar transforms Thread 2"           [_thread_blocked, id=12604, stack(0x0000007414e00000,0x0000007414f00000) (1024K)]
Total: 34

Other Threads:
  0x0000026a66b8b950 VMThread "VM Thread"                           [id=20952, stack(0x0000007412e00000,0x0000007412f00000) (1024K)]
  0x0000026a66af4690 WatcherThread "VM Periodic Task Thread"        [id=6296, stack(0x0000007412d00000,0x0000007412e00000) (1024K)]
  0x0000026a502a1660 WorkerThread "GC Thread#0"                     [id=17804, stack(0x0000007412800000,0x0000007412900000) (1024K)]
  0x0000026a6b640aa0 WorkerThread "GC Thread#1"                     [id=16152, stack(0x0000007413900000,0x0000007413a00000) (1024K)]
  0x0000026a502b3b30 ConcurrentGCThread "G1 Main Marker"            [id=15260, stack(0x0000007412900000,0x0000007412a00000) (1024K)]
  0x0000026a502b4540 WorkerThread "G1 Conc#0"                       [id=15500, stack(0x0000007412a00000,0x0000007412b00000) (1024K)]
  0x0000026a50306660 ConcurrentGCThread "G1 Refine#0"               [id=19492, stack(0x0000007412b00000,0x0000007412c00000) (1024K)]
  0x0000026a50307f20 ConcurrentGCThread "G1 Service"                [id=18464, stack(0x0000007412c00000,0x0000007412d00000) (1024K)]
Total: 8

Threads with active compile tasks:
C2 CompilerThread0  107833 4794   !   4       java.net.URLClassLoader$1::run (81 bytes)
Total: 1

VM state: not at safepoint (normal execution)

VM Mutex/Monitor currently owned by a thread: None

Heap address: 0x0000000080000000, size: 2048 MB, Compressed Oops mode: 32-bit

CDS archive(s) not mapped
Compressed class space mapped at: 0x0000000100000000-0x0000000140000000, reserved size: 1073741824
Narrow klass base: 0x0000000000000000, Narrow klass shift: 3, Narrow klass range: 0x140000000

GC Precious Log:
 CardTable entry size: 512
 Card Set container configuration: InlinePtr #cards 5 size 8 Array Of Cards #cards 12 size 40 Howl #buckets 4 coarsen threshold 1843 Howl Bitmap #cards 512 size 80 coarsen threshold 460 Card regions per heap region 1 cards per card region 2048
 CPUs: 2 total, 2 available
 Memory: 3920M
 Large Page Support: Disabled
 NUMA Support: Disabled
 Compressed Oops: Enabled (32-bit)
 Heap Region Size: 1M
 Heap Min Capacity: 8M
 Heap Initial Capacity: 62M
 Heap Max Capacity: 2G
 Pre-touch: Disabled
 Parallel Workers: 2
 Concurrent Workers: 1
 Concurrent Refinement Workers: 2
 Periodic GC: Disabled

Heap:
 garbage-first heap   total 64512K, used 55166K [0x0000000080000000, 0x0000000100000000)
  region size 1024K, 23 young (23552K), 3 survivors (3072K)
 Metaspace       used 53149K, committed 54656K, reserved 1114112K
  class space    used 7460K, committed 8192K, reserved 1048576K

Heap Regions: E=young(eden), S=young(survivor), O=old, HS=humongous(starts), HC=humongous(continues), CS=collection set, F=free, TAMS=top-at-mark-start, PB=parsable bottom
|   0|0x0000000080000000, 0x0000000080100000, 0x0000000080100000|100%| O|  |TAMS 0x0000000080000000| PB 0x0000000080000000| Untracked 
|   1|0x0000000080100000, 0x0000000080200000, 0x0000000080200000|100%|HS|  |TAMS 0x0000000080100000| PB 0x0000000080100000| Complete 
|   2|0x0000000080200000, 0x0000000080300000, 0x0000000080300000|100%|HC|  |TAMS 0x0000000080200000| PB 0x0000000080200000| Complete 
|   3|0x0000000080300000, 0x0000000080400000, 0x0000000080400000|100%|HC|  |TAMS 0x0000000080300000| PB 0x0000000080300000| Complete 
|   4|0x0000000080400000, 0x0000000080500000, 0x0000000080500000|100%|HC|  |TAMS 0x0000000080400000| PB 0x0000000080400000| Complete 
|   5|0x0000000080500000, 0x0000000080600000, 0x0000000080600000|100%| O|  |TAMS 0x0000000080500000| PB 0x0000000080500000| Untracked 
|   6|0x0000000080600000, 0x0000000080700000, 0x0000000080700000|100%| O|  |TAMS 0x0000000080600000| PB 0x0000000080600000| Untracked 
|   7|0x0000000080700000, 0x0000000080800000, 0x0000000080800000|100%| O|  |TAMS 0x0000000080700000| PB 0x0000000080700000| Untracked 
|   8|0x0000000080800000, 0x0000000080900000, 0x0000000080900000|100%| O|  |TAMS 0x0000000080800000| PB 0x0000000080800000| Untracked 
|   9|0x0000000080900000, 0x0000000080a00000, 0x0000000080a00000|100%| O|  |TAMS 0x0000000080900000| PB 0x0000000080900000| Untracked 
|  10|0x0000000080a00000, 0x0000000080b00000, 0x0000000080b00000|100%| O|  |TAMS 0x0000000080a00000| PB 0x0000000080a00000| Untracked 
|  11|0x0000000080b00000, 0x0000000080c00000, 0x0000000080c00000|100%| O|  |TAMS 0x0000000080b00000| PB 0x0000000080b00000| Untracked 
|  12|0x0000000080c00000, 0x0000000080d00000, 0x0000000080d00000|100%|HS|  |TAMS 0x0000000080c00000| PB 0x0000000080c00000| Complete 
|  13|0x0000000080d00000, 0x0000000080e00000, 0x0000000080e00000|100%| O|  |TAMS 0x0000000080d00000| PB 0x0000000080d00000| Untracked 
|  14|0x0000000080e00000, 0x0000000080f00000, 0x0000000080f00000|100%| O|  |TAMS 0x0000000080e00000| PB 0x0000000080e00000| Untracked 
|  15|0x0000000080f00000, 0x0000000081000000, 0x0000000081000000|100%| O|  |TAMS 0x0000000080f00000| PB 0x0000000080f00000| Untracked 
|  16|0x0000000081000000, 0x0000000081100000, 0x0000000081100000|100%| O|  |TAMS 0x0000000081000000| PB 0x0000000081000000| Untracked 
|  17|0x0000000081100000, 0x0000000081200000, 0x0000000081200000|100%| O|  |TAMS 0x0000000081100000| PB 0x0000000081100000| Untracked 
|  18|0x0000000081200000, 0x0000000081300000, 0x0000000081300000|100%| O|  |TAMS 0x0000000081200000| PB 0x0000000081200000| Untracked 
|  19|0x0000000081300000, 0x0000000081400000, 0x0000000081400000|100%| O|  |TAMS 0x0000000081300000| PB 0x0000000081300000| Untracked 
|  20|0x0000000081400000, 0x0000000081500000, 0x0000000081500000|100%| O|  |TAMS 0x0000000081400000| PB 0x0000000081400000| Untracked 
|  21|0x0000000081500000, 0x0000000081600000, 0x0000000081600000|100%| O|  |TAMS 0x0000000081500000| PB 0x0000000081500000| Untracked 
|  22|0x0000000081600000, 0x0000000081700000, 0x0000000081700000|100%| O|  |TAMS 0x0000000081600000| PB 0x0000000081600000| Untracked 
|  23|0x0000000081700000, 0x0000000081800000, 0x0000000081800000|100%| O|Cm|TAMS 0x0000000081700000| PB 0x0000000081700000| Complete 
|  24|0x0000000081800000, 0x0000000081900000, 0x0000000081900000|100%| O|  |TAMS 0x0000000081800000| PB 0x0000000081800000| Untracked 
|  25|0x0000000081900000, 0x0000000081a00000, 0x0000000081a00000|100%| O|  |TAMS 0x0000000081900000| PB 0x0000000081900000| Untracked 
|  26|0x0000000081a00000, 0x0000000081b00000, 0x0000000081b00000|100%| O|  |TAMS 0x0000000081a00000| PB 0x0000000081a00000| Untracked 
|  27|0x0000000081b00000, 0x0000000081b00000, 0x0000000081c00000|  0%| F|  |TAMS 0x0000000081b00000| PB 0x0000000081b00000| Untracked 
|  28|0x0000000081c00000, 0x0000000081d00000, 0x0000000081d00000|100%| O|  |TAMS 0x0000000081c00000| PB 0x0000000081c00000| Untracked 
|  29|0x0000000081d00000, 0x0000000081e00000, 0x0000000081e00000|100%| O|Cm|TAMS 0x0000000081d00000| PB 0x0000000081d00000| Complete 
|  30|0x0000000081e00000, 0x0000000081f00000, 0x0000000081f00000|100%| O|  |TAMS 0x0000000081e00000| PB 0x0000000081e00000| Untracked 
|  31|0x0000000081f00000, 0x0000000081f00000, 0x0000000082000000|  0%| F|  |TAMS 0x0000000081f00000| PB 0x0000000081f00000| Untracked 
|  32|0x0000000082000000, 0x0000000082000000, 0x0000000082100000|  0%| F|  |TAMS 0x0000000082000000| PB 0x0000000082000000| Untracked 
|  33|0x0000000082100000, 0x0000000082200000, 0x0000000082200000|100%| O|  |TAMS 0x0000000082100000| PB 0x0000000082100000| Untracked 
|  34|0x0000000082200000, 0x0000000082300000, 0x0000000082300000|100%| S|CS|TAMS 0x0000000082200000| PB 0x0000000082200000| Complete 
|  35|0x0000000082300000, 0x0000000082300000, 0x0000000082400000|  0%| F|  |TAMS 0x0000000082300000| PB 0x0000000082300000| Untracked 
|  36|0x0000000082400000, 0x0000000082500000, 0x0000000082500000|100%| S|CS|TAMS 0x0000000082400000| PB 0x0000000082400000| Complete 
|  37|0x0000000082500000, 0x0000000082600000, 0x0000000082600000|100%| S|CS|TAMS 0x0000000082500000| PB 0x0000000082500000| Complete 
|  38|0x0000000082600000, 0x0000000082600000, 0x0000000082700000|  0%| F|  |TAMS 0x0000000082600000| PB 0x0000000082600000| Untracked 
|  39|0x0000000082700000, 0x0000000082700000, 0x0000000082800000|  0%| F|  |TAMS 0x0000000082700000| PB 0x0000000082700000| Untracked 
|  40|0x0000000082800000, 0x0000000082800000, 0x0000000082900000|  0%| F|  |TAMS 0x0000000082800000| PB 0x0000000082800000| Untracked 
|  41|0x0000000082900000, 0x0000000082900000, 0x0000000082a00000|  0%| F|  |TAMS 0x0000000082900000| PB 0x0000000082900000| Untracked 
|  42|0x0000000082a00000, 0x0000000082b00000, 0x0000000082b00000|100%| E|  |TAMS 0x0000000082a00000| PB 0x0000000082a00000| Complete 
|  43|0x0000000082b00000, 0x0000000082c00000, 0x0000000082c00000|100%| E|CS|TAMS 0x0000000082b00000| PB 0x0000000082b00000| Complete 
|  44|0x0000000082c00000, 0x0000000082d00000, 0x0000000082d00000|100%| E|CS|TAMS 0x0000000082c00000| PB 0x0000000082c00000| Complete 
|  45|0x0000000082d00000, 0x0000000082e00000, 0x0000000082e00000|100%| E|CS|TAMS 0x0000000082d00000| PB 0x0000000082d00000| Complete 
|  46|0x0000000082e00000, 0x0000000082f00000, 0x0000000082f00000|100%| E|CS|TAMS 0x0000000082e00000| PB 0x0000000082e00000| Complete 
|  47|0x0000000082f00000, 0x0000000083000000, 0x0000000083000000|100%| E|CS|TAMS 0x0000000082f00000| PB 0x0000000082f00000| Complete 
|  48|0x0000000083000000, 0x0000000083100000, 0x0000000083100000|100%| E|CS|TAMS 0x0000000083000000| PB 0x0000000083000000| Complete 
|  49|0x0000000083100000, 0x0000000083200000, 0x0000000083200000|100%| E|CS|TAMS 0x0000000083100000| PB 0x0000000083100000| Complete 
|  50|0x0000000083200000, 0x0000000083300000, 0x0000000083300000|100%| E|CS|TAMS 0x0000000083200000| PB 0x0000000083200000| Complete 
|  51|0x0000000083300000, 0x0000000083400000, 0x0000000083400000|100%| E|CS|TAMS 0x0000000083300000| PB 0x0000000083300000| Complete 
|  52|0x0000000083400000, 0x0000000083500000, 0x0000000083500000|100%| E|CS|TAMS 0x0000000083400000| PB 0x0000000083400000| Complete 
|  53|0x0000000083500000, 0x0000000083600000, 0x0000000083600000|100%| E|CS|TAMS 0x0000000083500000| PB 0x0000000083500000| Complete 
|  54|0x0000000083600000, 0x0000000083700000, 0x0000000083700000|100%| E|CS|TAMS 0x0000000083600000| PB 0x0000000083600000| Complete 
|  55|0x0000000083700000, 0x0000000083800000, 0x0000000083800000|100%| E|CS|TAMS 0x0000000083700000| PB 0x0000000083700000| Complete 
|  56|0x0000000083800000, 0x0000000083900000, 0x0000000083900000|100%| E|CS|TAMS 0x0000000083800000| PB 0x0000000083800000| Complete 
|  57|0x0000000083900000, 0x0000000083a00000, 0x0000000083a00000|100%| E|CS|TAMS 0x0000000083900000| PB 0x0000000083900000| Complete 
|  58|0x0000000083a00000, 0x0000000083b00000, 0x0000000083b00000|100%| E|CS|TAMS 0x0000000083a00000| PB 0x0000000083a00000| Complete 
|  59|0x0000000083b00000, 0x0000000083c00000, 0x0000000083c00000|100%| E|CS|TAMS 0x0000000083b00000| PB 0x0000000083b00000| Complete 
|  60|0x0000000083c00000, 0x0000000083d00000, 0x0000000083d00000|100%| E|CS|TAMS 0x0000000083c00000| PB 0x0000000083c00000| Complete 
|  61|0x0000000083d00000, 0x0000000083e00000, 0x0000000083e00000|100%| E|CS|TAMS 0x0000000083d00000| PB 0x0000000083d00000| Complete 
|2047|0x00000000fff00000, 0x00000000fffdf860, 0x0000000100000000| 87%| O|  |TAMS 0x00000000fff00000| PB 0x00000000fff00000| Untracked 

Card table byte_map: [0x0000026a623b0000,0x0000026a627b0000] _byte_map_base: 0x0000026a61fb0000

Marking Bits: (CMBitMap*) 0x0000026a502a1c70
 Bits: [0x0000026a627b0000, 0x0000026a647b0000)

Polling page: 0x0000026a4e080000

Metaspace:

Usage:
  Non-class:     44.63 MB used.
      Class:      7.29 MB used.
       Both:     51.92 MB used.

Virtual space:
  Non-class space:       64.00 MB reserved,      45.38 MB ( 71%) committed,  1 nodes.
      Class space:        1.00 GB reserved,       8.00 MB ( <1%) committed,  1 nodes.
             Both:        1.06 GB reserved,      53.38 MB (  5%) committed. 

Chunk freelists:
   Non-Class:  2.45 MB
       Class:  7.98 MB
        Both:  10.44 MB

MaxMetaspaceSize: unlimited
CompressedClassSpaceSize: 1.00 GB
Initial GC threshold: 21.00 MB
Current GC threshold: 84.62 MB
CDS: off
 - commit_granule_bytes: 65536.
 - commit_granule_words: 8192.
 - virtual_space_node_default_size: 8388608.
 - enlarge_chunks_in_place: 1.
 - use_allocation_guard: 0.


Internal statistics:

num_allocs_failed_limit: 6.
num_arena_births: 2886.
num_arena_deaths: 0.
num_vsnodes_births: 2.
num_vsnodes_deaths: 0.
num_space_committed: 854.
num_space_uncommitted: 0.
num_chunks_returned_to_freelist: 6.
num_chunks_taken_from_freelist: 5024.
num_chunk_merges: 0.
num_chunk_splits: 3230.
num_chunks_enlarged: 1947.
num_inconsistent_stats: 0.

CodeHeap 'non-profiled nmethods': size=120064Kb used=2465Kb max_used=2495Kb free=117598Kb
 bounds [0x0000026a5ae70000, 0x0000026a5b0e0000, 0x0000026a623b0000]
CodeHeap 'profiled nmethods': size=120000Kb used=8071Kb max_used=8122Kb free=111928Kb
 bounds [0x0000026a533b0000, 0x0000026a53ba0000, 0x0000026a5a8e0000]
CodeHeap 'non-nmethods': size=5696Kb used=1827Kb max_used=1840Kb free=3868Kb
 bounds [0x0000026a5a8e0000, 0x0000026a5ab50000, 0x0000026a5ae70000]
CodeCache: size=245760Kb, used=12363Kb, max_used=12457Kb, free=233394Kb
 total_blobs=4890, nmethods=4164, adapters=630, full_count=0
Compilation: enabled, stopped_count=0, restarted_count=0

Compilation events (20 events):
Event: 107.536 Thread 0x0000026a6b043c10 nmethod 4803 0x0000026a53520c90 code [0x0000026a53520ea0, 0x0000026a53521398]
Event: 107.537 Thread 0x0000026a6b043c10 4804       3       org.gradle.internal.instantiation.generator.AbstractClassGenerator$ExtensibleTypePropertyHandler::claimPropertyImplementation (99 bytes)
Event: 107.538 Thread 0x0000026a6b043c10 nmethod 4804 0x0000026a53595d90 code [0x0000026a53596000, 0x0000026a53596948]
Event: 107.538 Thread 0x0000026a6b043c10 4805       3       org.gradle.internal.instantiation.generator.AbstractClassGenerator$DslMixInPropertyType::claimPropertyImplementation (21 bytes)
Event: 107.539 Thread 0x0000026a6b043c10 nmethod 4805 0x0000026a535e6190 code [0x0000026a535e6340, 0x0000026a535e6538]
Event: 107.539 Thread 0x0000026a6b043c10 4806       3       org.gradle.internal.instantiation.generator.AbstractClassGenerator$ServicesPropertyHandler::claimPropertyImplementation (40 bytes)
Event: 107.540 Thread 0x0000026a6b043c10 nmethod 4806 0x0000026a53594f90 code [0x0000026a535951e0, 0x0000026a53595a48]
Event: 107.540 Thread 0x0000026a6b043c10 4807       3       org.gradle.internal.instantiation.generator.AbstractClassGenerator$NamePropertyHandler::claimPropertyImplementation (16 bytes)
Event: 107.541 Thread 0x0000026a6b043c10 nmethod 4807 0x0000026a53520790 code [0x0000026a53520960, 0x0000026a53520bc8]
Event: 107.541 Thread 0x0000026a6b043c10 4808       3       org.gradle.internal.instantiation.generator.AbstractClassGenerator$ManagedPropertiesHandler::claimPropertyImplementation (141 bytes)
Event: 107.543 Thread 0x0000026a6b043c10 nmethod 4808 0x0000026a535bd190 code [0x0000026a535bd4c0, 0x0000026a535be780]
Event: 107.593 Thread 0x0000026a6b043c10 4813       3       java.lang.invoke.LambdaForm::create (12 bytes)
Event: 107.594 Thread 0x0000026a6b043c10 nmethod 4813 0x0000026a53a7b010 code [0x0000026a53a7b1c0, 0x0000026a53a7b2e8]
Event: 107.627 Thread 0x0000026a6b043c10 4814       3       org.gradle.internal.instantiation.generator.AsmBackedClassGenerator$ClassBuilderImpl::access$4500 (4 bytes)
Event: 107.628 Thread 0x0000026a6b043c10 nmethod 4814 0x0000026a535e5e90 code [0x0000026a535e6020, 0x0000026a535e6118]
Event: 107.629 Thread 0x0000026a6b043c10 4815       3       org.gradle.model.internal.asm.MethodVisitorScope::_GOTO (9 bytes)
Event: 107.629 Thread 0x0000026a6b043c10 nmethod 4815 0x0000026a53520210 code [0x0000026a535203c0, 0x0000026a53520628]
Event: 107.636 Thread 0x0000026a6b043c10 4816       3       org.objectweb.asm.Type::getSize (86 bytes)
Event: 107.636 Thread 0x0000026a6b043c10 nmethod 4816 0x0000026a53594910 code [0x0000026a53594ae0, 0x0000026a53594e70]
Event: 107.666 Thread 0x0000026a6b043c10 4817       3       java.lang.invoke.ConstantCallSite::dynamicInvoker (5 bytes)

GC Heap History (20 events):
Event: 50.456 GC heap before
{Heap before GC invocations=6 (full 0):
 garbage-first heap   total 63488K, used 49714K [0x0000000080000000, 0x0000000100000000)
  region size 1024K, 37 young (37888K), 1 survivors (1024K)
 Metaspace       used 12950K, committed 13120K, reserved 1114112K
  class space    used 1403K, committed 1472K, reserved 1048576K
}
Event: 50.464 GC heap after
{Heap after GC invocations=7 (full 0):
 garbage-first heap   total 63488K, used 13576K [0x0000000080000000, 0x0000000100000000)
  region size 1024K, 2 young (2048K), 2 survivors (2048K)
 Metaspace       used 12950K, committed 13120K, reserved 1114112K
  class space    used 1403K, committed 1472K, reserved 1048576K
}
Event: 71.882 GC heap before
{Heap before GC invocations=7 (full 0):
 garbage-first heap   total 63488K, used 50440K [0x0000000080000000, 0x0000000100000000)
  region size 1024K, 37 young (37888K), 2 survivors (2048K)
 Metaspace       used 19660K, committed 20032K, reserved 1114112K
  class space    used 2268K, committed 2432K, reserved 1048576K
}
Event: 71.915 GC heap after
{Heap after GC invocations=8 (full 0):
 garbage-first heap   total 63488K, used 20699K [0x0000000080000000, 0x0000000100000000)
  region size 1024K, 5 young (5120K), 5 survivors (5120K)
 Metaspace       used 19660K, committed 20032K, reserved 1114112K
  class space    used 2268K, committed 2432K, reserved 1048576K
}
Event: 74.537 GC heap before
{Heap before GC invocations=8 (full 0):
 garbage-first heap   total 63488K, used 26843K [0x0000000080000000, 0x0000000100000000)
  region size 1024K, 12 young (12288K), 5 survivors (5120K)
 Metaspace       used 21166K, committed 21504K, reserved 1114112K
  class space    used 2478K, committed 2624K, reserved 1048576K
}
Event: 74.559 GC heap after
{Heap after GC invocations=9 (full 0):
 garbage-first heap   total 63488K, used 22373K [0x0000000080000000, 0x0000000100000000)
  region size 1024K, 1 young (1024K), 1 survivors (1024K)
 Metaspace       used 21166K, committed 21504K, reserved 1114112K
  class space    used 2478K, committed 2624K, reserved 1048576K
}
Event: 83.817 GC heap before
{Heap before GC invocations=10 (full 0):
 garbage-first heap   total 63488K, used 52069K [0x0000000080000000, 0x0000000100000000)
  region size 1024K, 31 young (31744K), 1 survivors (1024K)
 Metaspace       used 26696K, committed 27072K, reserved 1114112K
  class space    used 3293K, committed 3456K, reserved 1048576K
}
Event: 83.834 GC heap after
{Heap after GC invocations=11 (full 0):
 garbage-first heap   total 63488K, used 23952K [0x0000000080000000, 0x0000000100000000)
  region size 1024K, 3 young (3072K), 3 survivors (3072K)
 Metaspace       used 26696K, committed 27072K, reserved 1114112K
  class space    used 3293K, committed 3456K, reserved 1048576K
}
Event: 91.445 GC heap before
{Heap before GC invocations=11 (full 0):
 garbage-first heap   total 63488K, used 54672K [0x0000000080000000, 0x0000000100000000)
  region size 1024K, 32 young (32768K), 3 survivors (3072K)
 Metaspace       used 31459K, committed 32128K, reserved 1114112K
  class space    used 3985K, committed 4288K, reserved 1048576K
}
Event: 91.474 GC heap after
{Heap after GC invocations=12 (full 0):
 garbage-first heap   total 63488K, used 25082K [0x0000000080000000, 0x0000000100000000)
  region size 1024K, 4 young (4096K), 4 survivors (4096K)
 Metaspace       used 31459K, committed 32128K, reserved 1114112K
  class space    used 3985K, committed 4288K, reserved 1048576K
}
Event: 94.976 GC heap before
{Heap before GC invocations=12 (full 0):
 garbage-first heap   total 63488K, used 52730K [0x0000000080000000, 0x0000000100000000)
  region size 1024K, 32 young (32768K), 4 survivors (4096K)
 Metaspace       used 35351K, committed 35968K, reserved 1114112K
  class space    used 4626K, committed 4928K, reserved 1048576K
}
Event: 95.005 GC heap after
{Heap after GC invocations=13 (full 0):
 garbage-first heap   total 63488K, used 27191K [0x0000000080000000, 0x0000000100000000)
  region size 1024K, 4 young (4096K), 4 survivors (4096K)
 Metaspace       used 35351K, committed 35968K, reserved 1114112K
  class space    used 4626K, committed 4928K, reserved 1048576K
}
Event: 97.974 GC heap before
{Heap before GC invocations=14 (full 0):
 garbage-first heap   total 63488K, used 54839K [0x0000000080000000, 0x0000000100000000)
  region size 1024K, 32 young (32768K), 4 survivors (4096K)
 Metaspace       used 39334K, committed 40256K, reserved 1114112K
  class space    used 5318K, committed 5760K, reserved 1048576K
}
Event: 98.002 GC heap after
{Heap after GC invocations=15 (full 0):
 garbage-first heap   total 63488K, used 28555K [0x0000000080000000, 0x0000000100000000)
  region size 1024K, 4 young (4096K), 4 survivors (4096K)
 Metaspace       used 39334K, committed 40256K, reserved 1114112K
  class space    used 5318K, committed 5760K, reserved 1048576K
}
Event: 100.531 GC heap before
{Heap before GC invocations=15 (full 0):
 garbage-first heap   total 63488K, used 55179K [0x0000000080000000, 0x0000000100000000)
  region size 1024K, 31 young (31744K), 4 survivors (4096K)
 Metaspace       used 42656K, committed 43840K, reserved 1114112K
  class space    used 5912K, committed 6464K, reserved 1048576K
}
Event: 100.559 GC heap after
{Heap after GC invocations=16 (full 0):
 garbage-first heap   total 63488K, used 29990K [0x0000000080000000, 0x0000000100000000)
  region size 1024K, 3 young (3072K), 3 survivors (3072K)
 Metaspace       used 42656K, committed 43840K, reserved 1114112K
  class space    used 5912K, committed 6464K, reserved 1048576K
}
Event: 102.791 GC heap before
{Heap before GC invocations=16 (full 0):
 garbage-first heap   total 63488K, used 55590K [0x0000000080000000, 0x0000000100000000)
  region size 1024K, 29 young (29696K), 3 survivors (3072K)
 Metaspace       used 47427K, committed 48704K, reserved 1114112K
  class space    used 6531K, committed 7104K, reserved 1048576K
}
Event: 102.822 GC heap after
{Heap after GC invocations=17 (full 0):
 garbage-first heap   total 63488K, used 32447K [0x0000000080000000, 0x0000000100000000)
  region size 1024K, 4 young (4096K), 4 survivors (4096K)
 Metaspace       used 47427K, committed 48704K, reserved 1114112K
  class space    used 6531K, committed 7104K, reserved 1048576K
}
Event: 105.437 GC heap before
{Heap before GC invocations=17 (full 0):
 garbage-first heap   total 63488K, used 57023K [0x0000000080000000, 0x0000000100000000)
  region size 1024K, 28 young (28672K), 4 survivors (4096K)
 Metaspace       used 50606K, committed 51968K, reserved 1114112K
  class space    used 7025K, committed 7680K, reserved 1048576K
}
Event: 105.483 GC heap after
{Heap after GC invocations=18 (full 0):
 garbage-first heap   total 64512K, used 35710K [0x0000000080000000, 0x0000000100000000)
  region size 1024K, 3 young (3072K), 3 survivors (3072K)
 Metaspace       used 50606K, committed 51968K, reserved 1114112K
  class space    used 7025K, committed 7680K, reserved 1048576K
}

Dll operation events (3 events):
Event: 0.618 Loaded shared library C:\Program Files\Android\Android Studio\jbr\bin\java.dll
Event: 0.884 Loaded shared library C:\Program Files\Android\Android Studio\jbr\bin\zip.dll
Event: 14.375 Loaded shared library C:\Program Files\Android\Android Studio\jbr\bin\verify.dll

Deoptimization events (20 events):
Event: 105.325 Thread 0x0000026a6c387aa0 Uncommon trap: trap_request=0xffffff45 fr.pc=0x0000026a5aeb7194 relative=0x0000000000000174
Event: 105.325 Thread 0x0000026a6c387aa0 Uncommon trap: reason=unstable_if action=reinterpret pc=0x0000026a5aeb7194 method=java.lang.StringLatin1.hashCode([B)I @ 2 c2
Event: 105.325 Thread 0x0000026a6c387aa0 DEOPT PACKING pc=0x0000026a5aeb7194 sp=0x0000007413ef62f0
Event: 105.325 Thread 0x0000026a6c387aa0 DEOPT UNPACKING pc=0x0000026a5a93429c sp=0x0000007413ef6288 mode 2
Event: 105.325 Thread 0x0000026a6c387aa0 Uncommon trap: trap_request=0xffffff45 fr.pc=0x0000026a5af08968 relative=0x0000000000000fe8
Event: 105.325 Thread 0x0000026a6c387aa0 Uncommon trap: reason=unstable_if action=reinterpret pc=0x0000026a5af08968 method=java.lang.String.hashCode()I @ 42 c2
Event: 105.325 Thread 0x0000026a6c387aa0 DEOPT PACKING pc=0x0000026a5af08968 sp=0x0000007413ef6320
Event: 105.325 Thread 0x0000026a6c387aa0 DEOPT UNPACKING pc=0x0000026a5a93429c sp=0x0000007413ef6230 mode 2
Event: 105.327 Thread 0x0000026a6c387aa0 Uncommon trap: trap_request=0xffffff3d fr.pc=0x0000026a5af82b40 relative=0x0000000000000260
Event: 105.327 Thread 0x0000026a6c387aa0 Uncommon trap: reason=unstable_fused_if action=reinterpret pc=0x0000026a5af82b40 method=org.objectweb.asm.ByteVector.putUTF8(Ljava/lang/String;)Lorg/objectweb/asm/ByteVector; @ 93 c2
Event: 105.328 Thread 0x0000026a6c387aa0 DEOPT PACKING pc=0x0000026a5af82b40 sp=0x0000007413ef6230
Event: 105.328 Thread 0x0000026a6c387aa0 DEOPT UNPACKING pc=0x0000026a5a93429c sp=0x0000007413ef61d0 mode 2
Event: 105.340 Thread 0x0000026a6c387aa0 Uncommon trap: trap_request=0xffffff45 fr.pc=0x0000026a5ae79e58 relative=0x00000000000000b8
Event: 105.340 Thread 0x0000026a6c387aa0 Uncommon trap: reason=unstable_if action=reinterpret pc=0x0000026a5ae79e58 method=java.lang.String.hashCode()I @ 42 c2
Event: 105.340 Thread 0x0000026a6c387aa0 DEOPT PACKING pc=0x0000026a5ae79e58 sp=0x0000007413ef6240
Event: 105.340 Thread 0x0000026a6c387aa0 DEOPT UNPACKING pc=0x0000026a5a93429c sp=0x0000007413ef61d0 mode 2
Event: 106.656 Thread 0x0000026a6c387aa0 Uncommon trap: trap_request=0xffffff45 fr.pc=0x0000026a5af21448 relative=0x0000000000000128
Event: 106.656 Thread 0x0000026a6c387aa0 Uncommon trap: reason=unstable_if action=reinterpret pc=0x0000026a5af21448 method=java.util.Arrays.hashCode([Ljava/lang/Object;)I @ 34 c2
Event: 106.656 Thread 0x0000026a6c387aa0 DEOPT PACKING pc=0x0000026a5af21448 sp=0x0000007413ef7f60
Event: 106.656 Thread 0x0000026a6c387aa0 DEOPT UNPACKING pc=0x0000026a5a93429c sp=0x0000007413ef7ed8 mode 2

Classes loaded (20 events):
Event: 104.703 Loading class com/sun/beans/finder/MethodFinder
Event: 104.703 Loading class com/sun/beans/finder/AbstractFinder
Event: 104.704 Loading class com/sun/beans/finder/AbstractFinder done
Event: 104.704 Loading class com/sun/beans/finder/MethodFinder done
Event: 104.704 Loading class com/sun/beans/finder/MethodFinder$1
Event: 104.704 Loading class com/sun/beans/finder/MethodFinder$1 done
Event: 104.704 Loading class com/sun/beans/finder/FinderUtils
Event: 104.704 Loading class com/sun/beans/finder/FinderUtils done
Event: 104.708 Loading class java/lang/invoke/BoundMethodHandle$Species_LJ
Event: 104.708 Loading class java/lang/invoke/BoundMethodHandle$Species_LJ done
Event: 106.036 Loading class java/util/ArrayList$ListItr
Event: 106.036 Loading class java/util/ArrayList$ListItr done
Event: 106.414 Loading class sun/reflect/generics/tree/BooleanSignature
Event: 106.414 Loading class sun/reflect/generics/tree/BooleanSignature done
Event: 106.669 Loading class java/util/PrimitiveIterator$OfInt
Event: 106.669 Loading class java/util/PrimitiveIterator
Event: 106.670 Loading class java/util/PrimitiveIterator done
Event: 106.670 Loading class java/util/PrimitiveIterator$OfInt done
Event: 106.682 Loading class java/util/concurrent/RecursiveAction
Event: 106.683 Loading class java/util/concurrent/RecursiveAction done

Classes unloaded (0 events):
No events

Classes redefined (0 events):
No events

Internal exceptions (20 events):
Event: 105.768 Thread 0x0000026a6c387aa0 Exception <a 'java/lang/NoSuchMethodError'{0x0000000083dc1848}: 'java.lang.Object java.lang.invoke.DirectMethodHandle$Holder.invokeSpecial(java.lang.Object, java.lang.Object, java.lang.Object, java.lang.Object, int, java.lang.Object)'> (0x0000000083dc1848) 
thrown [s\src\hotspot\share\interpreter\linkResolver.cpp, line 784]
Event: 105.769 Thread 0x0000026a6c387aa0 Exception <a 'java/lang/NoSuchMethodError'{0x0000000083dc9ad8}: 'java.lang.Object java.lang.invoke.DirectMethodHandle$Holder.newInvokeSpecial(java.lang.Object, java.lang.Object, java.lang.Object, java.lang.Object, int)'> (0x0000000083dc9ad8) 
thrown [s\src\hotspot\share\interpreter\linkResolver.cpp, line 784]
Event: 105.770 Thread 0x0000026a6c387aa0 Exception <a 'java/lang/NoSuchMethodError'{0x0000000083dce8a0}: 'java.lang.Object java.lang.invoke.DirectMethodHandle$Holder.invokeSpecial(java.lang.Object, java.lang.Object, java.lang.Object, java.lang.Object, java.lang.Object, int)'> (0x0000000083dce8a0) 
thrown [s\src\hotspot\share\interpreter\linkResolver.cpp, line 784]
Event: 105.771 Thread 0x0000026a6c387aa0 Exception <a 'java/lang/NoSuchMethodError'{0x0000000083dd3020}: 'java.lang.Object java.lang.invoke.Invokers$Holder.linkToTargetMethod(java.lang.Object, java.lang.Object, java.lang.Object, int, java.lang.Object)'> (0x0000000083dd3020) 
thrown [s\src\hotspot\share\interpreter\linkResolver.cpp, line 784]
Event: 106.067 Thread 0x0000026a6c387aa0 Exception <a 'java/lang/NoSuchMethodError'{0x0000000083966088}: 'int java.lang.invoke.DirectMethodHandle$Holder.invokeInterface(java.lang.Object, java.lang.Object, java.lang.Object, java.lang.Object)'> (0x0000000083966088) 
thrown [s\src\hotspot\share\interpreter\linkResolver.cpp, line 784]
Event: 106.245 Thread 0x0000026a6c387aa0 Exception <a 'java/lang/NoSuchMethodError'{0x000000008365d070}: 'java.lang.Object java.lang.invoke.Invokers$Holder.linkToTargetMethod(java.lang.Object, java.lang.Object, java.lang.Object, java.lang.Object, long, java.lang.Object, java.lang.Object)'> (0x000000008365d070) 
thrown [s\src\hotspot\share\interpreter\linkResolver.cpp, line 784]
Event: 106.268 Thread 0x0000026a6c387aa0 Exception <a 'java/lang/NoSuchMethodError'{0x00000000836a2440}: 'java.lang.Object java.lang.invoke.DirectMethodHandle$Holder.newInvokeSpecial(java.lang.Object, java.lang.Object, java.lang.Object, long, java.lang.Object)'> (0x00000000836a2440) 
thrown [s\src\hotspot\share\interpreter\linkResolver.cpp, line 784]
Event: 106.269 Thread 0x0000026a6c387aa0 Exception <a 'java/lang/NoSuchMethodError'{0x00000000836a72f0}: 'java.lang.Object java.lang.invoke.DirectMethodHandle$Holder.invokeSpecial(java.lang.Object, java.lang.Object, java.lang.Object, java.lang.Object, long, java.lang.Object)'> (0x00000000836a72f0) 
thrown [s\src\hotspot\share\interpreter\linkResolver.cpp, line 784]
Event: 106.270 Thread 0x0000026a6c387aa0 Exception <a 'java/lang/NoSuchMethodError'{0x00000000836ab870}: 'java.lang.Object java.lang.invoke.Invokers$Holder.linkToTargetMethod(java.lang.Object, java.lang.Object, long, java.lang.Object, java.lang.Object)'> (0x00000000836ab870) 
thrown [s\src\hotspot\share\interpreter\linkResolver.cpp, line 784]
Event: 106.433 Thread 0x0000026a6c387aa0 Exception <a 'java/lang/NoSuchMethodError'{0x00000000834ec2c0}: 'java.lang.Object java.lang.invoke.DelegatingMethodHandle$Holder.reinvoke_L(java.lang.Object, java.lang.Object, java.lang.Object, java.lang.Object, int, java.lang.Object, java.lang.Object, java.lang.Object, java.lang.Object, java.lang.Object, java.lang.Object, java.lang.Object, java.lang.Object)'> (0x00000000834ec2c0) 
thrown [s\src\hotspot\share\interpreter\linkResolver.cpp, line 784]
Event: 106.656 Thread 0x0000026a6c387aa0 Implicit null exception at 0x0000026a5af2137c to 0x0000026a5af2142c
Event: 106.720 Thread 0x0000026a6c387aa0 Exception <a 'java/lang/ClassNotFoundException'{0x0000000083065d90}: org/gradle/api/internal/artifacts/dsl/dependencies/DefaultDependencyHandler_DecoratedBeanInfo> (0x0000000083065d90) 
thrown [s\src\hotspot\share\classfile\systemDictionary.cpp, line 312]
Event: 106.722 Thread 0x0000026a6c387aa0 Exception <a 'java/lang/ClassNotFoundException'{0x000000008307a8e8}: org/gradle/api/internal/artifacts/dsl/dependencies/DefaultDependencyHandlerBeanInfo> (0x000000008307a8e8) 
thrown [s\src\hotspot\share\classfile\systemDictionary.cpp, line 312]
Event: 106.728 Thread 0x0000026a6c387aa0 Exception <a 'java/lang/ClassNotFoundException'{0x000000008308f220}: org/gradle/api/internal/artifacts/dsl/dependencies/DefaultDependencyHandlerCustomizer> (0x000000008308f220) 
thrown [s\src\hotspot\share\classfile\systemDictionary.cpp, line 312]
Event: 106.746 Thread 0x0000026a6c387aa0 Exception <a 'java/lang/ClassNotFoundException'{0x00000000830e7068}: org/gradle/api/internal/artifacts/dsl/dependencies/DefaultDependencyHandler_DecoratedCustomizer> (0x00000000830e7068) 
thrown [s\src\hotspot\share\classfile\systemDictionary.cpp, line 312]
Event: 106.756 Thread 0x0000026a6c387aa0 Exception <a 'sun/nio/fs/WindowsException'{0x0000000082f184f0}> (0x0000000082f184f0) 
thrown [s\src\hotspot\share\prims\jni.cpp, line 537]
Event: 106.757 Thread 0x0000026a6c387aa0 Exception <a 'java/lang/ClassNotFoundException'{0x0000000082f1ea30}: ijJvmDebugger1_d9f3m6wnh040yilnjyq4au90o$_run_closure1BeanInfo> (0x0000000082f1ea30) 
thrown [s\src\hotspot\share\classfile\systemDictionary.cpp, line 312]
Event: 106.758 Thread 0x0000026a6c387aa0 Exception <a 'sun/nio/fs/WindowsException'{0x0000000082f20748}> (0x0000000082f20748) 
thrown [s\src\hotspot\share\prims\jni.cpp, line 537]
Event: 106.759 Thread 0x0000026a6c387aa0 Exception <a 'java/lang/ClassNotFoundException'{0x0000000082f26c90}: ijJvmDebugger1_d9f3m6wnh040yilnjyq4au90o$_run_closure1Customizer> (0x0000000082f26c90) 
thrown [s\src\hotspot\share\classfile\systemDictionary.cpp, line 312]
Event: 107.590 Thread 0x0000026a6c387aa0 Exception <a 'java/lang/NoSuchMethodError'{0x0000000082c02070}: 'java.lang.Object java.lang.invoke.DirectMethodHandle$Holder.newInvokeSpecial(java.lang.Object, int, java.lang.Object)'> (0x0000000082c02070) 
thrown [s\src\hotspot\share\interpreter\linkResolver.cpp, line 784]

ZGC Phase Switch (0 events):
No events

VM Operations (20 events):
Event: 104.060 Executing VM operation: HandshakeAllThreads (Deoptimize)
Event: 104.060 Executing VM operation: HandshakeAllThreads (Deoptimize) done
Event: 104.062 Executing VM operation: HandshakeAllThreads (Deoptimize)
Event: 104.062 Executing VM operation: HandshakeAllThreads (Deoptimize) done
Event: 105.069 Executing VM operation: Cleanup
Event: 105.085 Executing VM operation: Cleanup done
Event: 105.437 Executing VM operation: G1CollectForAllocation (G1 Evacuation Pause)
Event: 105.483 Executing VM operation: G1CollectForAllocation (G1 Evacuation Pause) done
Event: 105.667 Executing VM operation: G1PauseRemark
Event: 105.685 Executing VM operation: G1PauseRemark done
Event: 105.702 Executing VM operation: HandshakeAllThreads (Deoptimize)
Event: 105.703 Executing VM operation: HandshakeAllThreads (Deoptimize) done
Event: 105.754 Executing VM operation: G1PauseCleanup
Event: 105.754 Executing VM operation: G1PauseCleanup done
Event: 106.038 Executing VM operation: HandshakeAllThreads (Deoptimize)
Event: 106.038 Executing VM operation: HandshakeAllThreads (Deoptimize) done
Event: 106.062 Executing VM operation: HandshakeAllThreads (Deoptimize)
Event: 106.063 Executing VM operation: HandshakeAllThreads (Deoptimize) done
Event: 107.067 Executing VM operation: Cleanup
Event: 107.501 Executing VM operation: Cleanup done

Memory protections (0 events):
No events

Nmethod flushes (20 events):
Event: 105.683 Thread 0x0000026a66b8b950 flushing  nmethod 0x0000026a53681c90
Event: 105.683 Thread 0x0000026a66b8b950 flushing  nmethod 0x0000026a53685b10
Event: 105.683 Thread 0x0000026a66b8b950 flushing  nmethod 0x0000026a53762490
Event: 105.683 Thread 0x0000026a66b8b950 flushing  nmethod 0x0000026a53763d90
Event: 105.683 Thread 0x0000026a66b8b950 flushing  nmethod 0x0000026a53769710
Event: 105.683 Thread 0x0000026a66b8b950 flushing  nmethod 0x0000026a5376f190
Event: 105.683 Thread 0x0000026a66b8b950 flushing  nmethod 0x0000026a53770510
Event: 105.683 Thread 0x0000026a66b8b950 flushing  nmethod 0x0000026a537bdb10
Event: 105.683 Thread 0x0000026a66b8b950 flushing  nmethod 0x0000026a537be210
Event: 105.683 Thread 0x0000026a66b8b950 flushing  nmethod 0x0000026a537c6810
Event: 105.683 Thread 0x0000026a66b8b950 flushing  nmethod 0x0000026a537c7410
Event: 105.683 Thread 0x0000026a66b8b950 flushing  nmethod 0x0000026a537eec90
Event: 105.683 Thread 0x0000026a66b8b950 flushing  nmethod 0x0000026a53848e90
Event: 105.683 Thread 0x0000026a66b8b950 flushing  nmethod 0x0000026a5385bd10
Event: 105.683 Thread 0x0000026a66b8b950 flushing  nmethod 0x0000026a53890f90
Event: 105.683 Thread 0x0000026a66b8b950 flushing  nmethod 0x0000026a538b9c90
Event: 105.683 Thread 0x0000026a66b8b950 flushing  nmethod 0x0000026a53915810
Event: 105.683 Thread 0x0000026a66b8b950 flushing  nmethod 0x0000026a53a79e10
Event: 105.683 Thread 0x0000026a66b8b950 flushing  nmethod 0x0000026a53a7b010
Event: 105.683 Thread 0x0000026a66b8b950 flushing  nmethod 0x0000026a53a7ea90

Events (20 events):
Event: 74.351 Thread 0x0000026a6b0371f0 Thread added: 0x0000026a6b034400
Event: 74.368 Thread 0x0000026a6b034400 Thread added: 0x0000026a6b0357b0
Event: 74.531 Thread 0x0000026a6b034400 Thread added: 0x0000026a6b034a90
Event: 74.700 Thread 0x0000026a6b034400 Thread added: 0x0000026a6c387aa0
Event: 74.756 Thread 0x0000026a6c387aa0 Thread added: 0x0000026a6c3866f0
Event: 74.774 Thread 0x0000026a6c387aa0 Thread added: 0x0000026a6c387410
Event: 74.807 Thread 0x0000026a6c387aa0 Thread added: 0x0000026a6c3887c0
Event: 79.559 Thread 0x0000026a6c387aa0 Thread added: 0x0000026a6c386d80
Event: 79.616 Thread 0x0000026a6c387aa0 Thread added: 0x0000026a6c388e50
Event: 82.672 Thread 0x0000026a6c387aa0 Thread added: 0x0000026a6c3894e0
Event: 95.321 Thread 0x0000026a6c387aa0 Thread added: 0x0000026a6c38d680
Event: 95.400 Thread 0x0000026a6c387aa0 Thread added: 0x0000026a6c38cff0
Event: 96.797 Thread 0x0000026a6c387aa0 Thread added: 0x0000026a6c38c2d0
Event: 96.820 Thread 0x0000026a6c387aa0 Thread added: 0x0000026a6c38a200
Event: 98.140 Thread 0x0000026a6c387aa0 Thread added: 0x0000026a6c38af20
Event: 98.768 Thread 0x0000026a6c387aa0 Thread added: 0x0000026a6c38c960
Event: 100.071 Thread 0x0000026a6c387aa0 Thread added: 0x0000026a6c38b5b0
Event: 100.362 Thread 0x0000026a6c387aa0 Thread added: 0x0000026a6c38bc40
Event: 101.610 Thread 0x0000026a6c387aa0 Thread added: 0x0000026a6d057c60
Event: 101.781 Thread 0x0000026a6c387aa0 Thread added: 0x0000026a6d0596a0


Dynamic libraries:
0x00007ff663020000 - 0x00007ff66302a000 	C:\Program Files\Android\Android Studio\jbr\bin\java.exe
0x00007ffa005c0000 - 0x00007ffa00827000 	C:\WINDOWS\SYSTEM32\ntdll.dll
0x00007ff9feba0000 - 0x00007ff9fec69000 	C:\WINDOWS\System32\KERNEL32.DLL
0x00007ff9fd350000 - 0x00007ff9fd744000 	C:\WINDOWS\System32\KERNELBASE.dll
0x00007ff9fcf40000 - 0x00007ff9fd08b000 	C:\WINDOWS\System32\ucrtbase.dll
0x00007ff9d8c60000 - 0x00007ff9d8c78000 	C:\Program Files\Android\Android Studio\jbr\bin\jli.dll
0x00007ff9e5bf0000 - 0x00007ff9e5c0b000 	C:\Program Files\Android\Android Studio\jbr\bin\VCRUNTIME140.dll
0x00007ff9ffb30000 - 0x00007ff9ffcf5000 	C:\WINDOWS\System32\USER32.dll
0x00007ff9fe140000 - 0x00007ff9fe167000 	C:\WINDOWS\System32\win32u.dll
0x00007ff9fee80000 - 0x00007ff9feeab000 	C:\WINDOWS\System32\GDI32.dll
0x00007ff9fe220000 - 0x00007ff9fe34b000 	C:\WINDOWS\System32\gdi32full.dll
0x00007ff9fe170000 - 0x00007ff9fe213000 	C:\WINDOWS\System32\msvcp_win.dll
0x00007ff9dc460000 - 0x00007ff9dc6f3000 	C:\WINDOWS\WinSxS\amd64_microsoft.windows.common-controls_6595b64144ccf1df_6.0.26100.8115_none_3e075c82e3354f9c\COMCTL32.dll
0x00007ff9fe3e0000 - 0x00007ff9fe489000 	C:\WINDOWS\System32\msvcrt.dll
0x00007ff9fe630000 - 0x00007ff9fe662000 	C:\WINDOWS\System32\IMM32.DLL
0x00007ff9ecad0000 - 0x00007ff9ecadc000 	C:\Program Files\Android\Android Studio\jbr\bin\vcruntime140_1.dll
0x00007ff9d38a0000 - 0x00007ff9d392d000 	C:\Program Files\Android\Android Studio\jbr\bin\msvcp140.dll
0x00007ff97b560000 - 0x00007ff97c1f6000 	C:\Program Files\Android\Android Studio\jbr\bin\server\jvm.dll
0x00007ff9fec70000 - 0x00007ff9fed26000 	C:\WINDOWS\System32\ADVAPI32.dll
0x00007ff9fed40000 - 0x00007ff9fede7000 	C:\WINDOWS\System32\sechost.dll
0x00007ff9fea80000 - 0x00007ff9feb98000 	C:\WINDOWS\System32\RPCRT4.dll
0x00007ff9fedf0000 - 0x00007ff9fee70000 	C:\WINDOWS\System32\WS2_32.dll
0x00007ff9fcd10000 - 0x00007ff9fcd6e000 	C:\WINDOWS\SYSTEM32\POWRPROF.dll
0x00007ff9ec080000 - 0x00007ff9ec08b000 	C:\WINDOWS\SYSTEM32\VERSION.dll
0x00007ff9d90f0000 - 0x00007ff9d9126000 	C:\WINDOWS\SYSTEM32\WINMM.dll
0x00007ff9fccf0000 - 0x00007ff9fcd04000 	C:\WINDOWS\SYSTEM32\UMPDC.dll
0x00007ff9fbc20000 - 0x00007ff9fbc3b000 	C:\WINDOWS\SYSTEM32\kernel.appcore.dll
0x00007ff9e7db0000 - 0x00007ff9e7dba000 	C:\Program Files\Android\Android Studio\jbr\bin\jimage.dll
0x00007ff9faf30000 - 0x00007ff9fb172000 	C:\WINDOWS\SYSTEM32\DBGHELP.DLL
0x00007ff9ff570000 - 0x00007ff9ff8f2000 	C:\WINDOWS\System32\combase.dll
0x00007ff9fe940000 - 0x00007ff9fea18000 	C:\WINDOWS\System32\OLEAUT32.dll
0x00007ff9e7d70000 - 0x00007ff9e7dab000 	C:\WINDOWS\SYSTEM32\dbgcore.DLL
0x00007ff9fce90000 - 0x00007ff9fcf35000 	C:\WINDOWS\System32\bcryptPrimitives.dll
0x00007ff9ebcd0000 - 0x00007ff9ebcde000 	C:\Program Files\Android\Android Studio\jbr\bin\instrument.dll
0x00007ff9dd710000 - 0x00007ff9dd730000 	C:\Program Files\Android\Android Studio\jbr\bin\java.dll
0x00007ff9da380000 - 0x00007ff9da398000 	C:\Program Files\Android\Android Studio\jbr\bin\zip.dll
0x00007ff9ffe00000 - 0x00007ffa00567000 	C:\WINDOWS\System32\SHELL32.dll
0x00007ff9fd090000 - 0x00007ff9fd1fa000 	C:\WINDOWS\System32\wintypes.dll
0x00007ff9fd8d0000 - 0x00007ff9fe138000 	C:\WINDOWS\System32\windows.storage.dll
0x00007ff9ffd00000 - 0x00007ff9ffdf8000 	C:\WINDOWS\System32\SHCORE.dll
0x00007ff9fe6f0000 - 0x00007ff9fe756000 	C:\WINDOWS\System32\shlwapi.dll
0x00007ff9fcdb0000 - 0x00007ff9fcdd9000 	C:\WINDOWS\SYSTEM32\profapi.dll
0x00007ff9df790000 - 0x00007ff9df7a0000 	C:\Program Files\Android\Android Studio\jbr\bin\net.dll
0x00007ff9ed8b0000 - 0x00007ff9ed9dd000 	C:\WINDOWS\SYSTEM32\WINHTTP.dll
0x00007ff9fc190000 - 0x00007ff9fc1fc000 	C:\WINDOWS\system32\mswsock.dll
0x00007ff9d8cb0000 - 0x00007ff9d8cc6000 	C:\Program Files\Android\Android Studio\jbr\bin\nio.dll
0x00007ff9d9ec0000 - 0x00007ff9d9ed0000 	C:\Program Files\Android\Android Studio\jbr\bin\verify.dll
0x00007ff9df040000 - 0x00007ff9df067000 	C:\Users\ofent\.gradle\native\660c5614fbf4a5f2a75b1949f50a0caf5cd603558e7d8a26e50b933a0cfb79d1\windows-amd64\native-platform.dll
0x00007ff9dd7c0000 - 0x00007ff9dd837000 	C:\Users\ofent\.gradle\native\0.2.8\x86_64-windows-gnu\gradle-fileevents.dll
0x00007ff9de5c0000 - 0x00007ff9de5c9000 	C:\Program Files\Android\Android Studio\jbr\bin\management.dll
0x00007ff9dd700000 - 0x00007ff9dd70b000 	C:\Program Files\Android\Android Studio\jbr\bin\management_ext.dll
0x00007ffa00570000 - 0x00007ffa00578000 	C:\WINDOWS\System32\PSAPI.DLL
0x00007ff9fb6d0000 - 0x00007ff9fb702000 	C:\WINDOWS\SYSTEM32\IPHLPAPI.DLL
0x00007ff9fe760000 - 0x00007ff9fe76a000 	C:\WINDOWS\System32\NSI.dll
0x00007ff9df030000 - 0x00007ff9df039000 	C:\Program Files\Android\Android Studio\jbr\bin\extnet.dll
0x00007ff9fc470000 - 0x00007ff9fc48b000 	C:\WINDOWS\SYSTEM32\CRYPTSP.dll
0x00007ff9fbb80000 - 0x00007ff9fbbb9000 	C:\WINDOWS\system32\rsaenh.dll
0x00007ff9fc240000 - 0x00007ff9fc273000 	C:\WINDOWS\SYSTEM32\USERENV.dll
0x00007ff9fcd80000 - 0x00007ff9fcdaa000 	C:\WINDOWS\SYSTEM32\bcrypt.dll
0x00007ff9fc490000 - 0x00007ff9fc49c000 	C:\WINDOWS\SYSTEM32\CRYPTBASE.dll
0x00007ff9da050000 - 0x00007ff9da058000 	C:\WINDOWS\system32\wshunix.dll

JVMTI agents:
C:\Users\ofent\.gradle\wrapper\dists\gradle-9.3.1-bin\23ovyewtku6u96viwx3xl3oks\gradle-9.3.1\lib\agents\gradle-instrumentation-agent-9.3.1.jar path:C:\Program Files\Android\Android Studio\jbr\bin\instrument.dll, loaded, initialized, instrumentlib options:none

dbghelp: loaded successfully - version: 4.0.5 - missing functions: none
symbol engine: initialized successfully - sym options: 0x614 - pdb path: .;C:\Program Files\Android\Android Studio\jbr\bin;C:\WINDOWS\SYSTEM32;C:\WINDOWS\WinSxS\amd64_microsoft.windows.common-controls_6595b64144ccf1df_6.0.26100.8115_none_3e075c82e3354f9c;C:\Program Files\Android\Android Studio\jbr\bin\server;C:\Users\ofent\.gradle\native\660c5614fbf4a5f2a75b1949f50a0caf5cd603558e7d8a26e50b933a0cfb79d1\windows-amd64;C:\Users\ofent\.gradle\native\0.2.8\x86_64-windows-gnu

VM Arguments:
jvm_args: --add-opens=java.base/java.lang=ALL-UNNAMED --add-opens=java.base/java.lang.invoke=ALL-UNNAMED --add-opens=java.base/java.util=ALL-UNNAMED --add-opens=java.prefs/java.util.prefs=ALL-UNNAMED --add-exports=jdk.compiler/com.sun.tools.javac.api=ALL-UNNAMED --add-exports=jdk.compiler/com.sun.tools.javac.util=ALL-UNNAMED --add-opens=java.base/java.util=ALL-UNNAMED --add-opens=java.prefs/java.util.prefs=ALL-UNNAMED --add-opens=java.base/java.nio.charset=ALL-UNNAMED --add-opens=java.base/java.net=ALL-UNNAMED --add-opens=java.base/java.util.concurrent=ALL-UNNAMED --add-opens=java.base/java.util.concurrent.atomic=ALL-UNNAMED --add-opens=java.xml/javax.xml.namespace=ALL-UNNAMED --add-opens=java.base/java.time=ALL-UNNAMED -Xmx2048m -Dfile.encoding=UTF-8 -Duser.country=ZA -Duser.language=en -Duser.variant -javaagent:C:\Users\ofent\.gradle\wrapper\dists\gradle-9.3.1-bin\23ovyewtku6u96viwx3xl3oks\gradle-9.3.1\lib\agents\gradle-instrumentation-agent-9.3.1.jar 
java_command: org.gradle.launcher.daemon.bootstrap.GradleDaemon 9.3.1
java_class_path (initial): C:\Users\ofent\.gradle\wrapper\dists\gradle-9.3.1-bin\23ovyewtku6u96viwx3xl3oks\gradle-9.3.1\lib\gradle-daemon-main-9.3.1.jar
Launcher Type: SUN_STANDARD

[Global flags]
     intx CICompilerCount                          = 2                                         {product} {ergonomic}
     uint ConcGCThreads                            = 1                                         {product} {ergonomic}
     uint G1ConcRefinementThreads                  = 2                                         {product} {ergonomic}
   size_t G1HeapRegionSize                         = 1048576                                   {product} {ergonomic}
    uintx GCDrainStackTargetSize                   = 64                                        {product} {ergonomic}
   size_t InitialHeapSize                          = 65011712                                  {product} {ergonomic}
   size_t MarkStackSize                            = 4194304                                   {product} {ergonomic}
   size_t MaxHeapSize                              = 2147483648                                {product} {command line}
   size_t MaxNewSize                               = 1287651328                                {product} {ergonomic}
   size_t MinHeapDeltaBytes                        = 1048576                                   {product} {ergonomic}
   size_t MinHeapSize                              = 8388608                                   {product} {ergonomic}
    uintx NonNMethodCodeHeapSize                   = 5826188                                {pd product} {ergonomic}
    uintx NonProfiledCodeHeapSize                  = 122916026                              {pd product} {ergonomic}
    uintx ProfiledCodeHeapSize                     = 122916026                              {pd product} {ergonomic}
    uintx ReservedCodeCacheSize                    = 251658240                              {pd product} {ergonomic}
     bool SegmentedCodeCache                       = true                                      {product} {ergonomic}
   size_t SoftMaxHeapSize                          = 2147483648                             {manageable} {ergonomic}
     bool UseCompressedOops                        = true                           {product lp64_product} {ergonomic}
     bool UseG1GC                                  = true                                      {product} {ergonomic}
     bool UseLargePagesIndividualAllocation        = false                                  {pd product} {ergonomic}

Logging:
Log output configuration:
 #0: stdout all=warning uptime,level,tags foldmultilines=false
 #1: stderr all=off uptime,level,tags foldmultilines=false

Release file:
JAVA_VERSION="21.0.9" 
MODULES="java.base java.compiler java.datatransfer java.xml java.prefs java.desktop java.instrument java.logging java.management java.security.sasl java.naming java.rmi java.management.rmi java.net.http java.scripting java.security.jgss java.transaction.xa java.sql java.sql.rowset java.xml.crypto java.se java.smartcardio jdk.accessibility jdk.internal.jvmstat jdk.attach jdk.charsets jdk.internal.opt jdk.zipfs jdk.compiler jdk.crypto.ec jdk.crypto.cryptoki jdk.dynalink jdk.hotspot.agent jdk.httpserver jdk.internal.ed jdk.internal.le jdk.internal.vm.ci jdk.jartool jdk.javadoc jdk.jcmd jdk.jdeps jdk.jdwp.agent jdk.jdi jdk.jfr jdk.jlink jdk.jsobject jdk.localedata jdk.management jdk.management.agent jdk.management.jfr jdk.naming.dns jdk.naming.rmi jdk.net jdk.sctp jdk.security.auth jdk.security.jgss jdk.unsupported jdk.unsupported.desktop jdk.xml.dom" 
IMPLEMENTOR="JetBrains s.r.o." 
JAVA_RUNTIME_VERSION="21.0.9+-14787801-b1163.94" 
LIBC="default" 
OS_ARCH="x86_64" 
OS_NAME="Windows" 
SOURCE=".:git:0c757ddc9f2f" 

Environment Variables:
PATH=C:\WINDOWS\system32;C:\WINDOWS;C:\WINDOWS\System32\Wbem;C:\WINDOWS\System32\WindowsPowerShell\v1.0\;C:\WINDOWS\System32\OpenSSH\;C:\Users\ofent\AppData\Local\Microsoft\WindowsApps;C:\Users\ofent\AppData\Local\Programs\Microsoft VS Code\bin;
USERNAME=ofent
OS=Windows_NT
PROCESSOR_IDENTIFIER=Intel64 Family 6 Model 122 Stepping 8, GenuineIntel
TMP=C:\Users\ofent\AppData\Local\Temp
TEMP=C:\Users\ofent\AppData\Local\Temp




Periodic native trim disabled

JNI global refs:
JNI global refs: 23, weak refs: 0

JNI global refs memory usage: 835, weak refs: 833

Process memory usage:
Resident Set Size: 188788K (4% of 4014332K total physical memory with 175504K free physical memory)

OOME stack traces (most recent first):
Classloader memory used:
Loader org.gradle.internal.classloader.VisitableURLClassLoader                         : 26622K
Loader bootstrap                                                                       : 20854K
Loader org.gradle.initialization.MixInLegacyTypesClassLoader                           : 5380K
Loader jdk.internal.loader.ClassLoaders$AppClassLoader                                 : 229K
Loader jdk.internal.loader.ClassLoaders$PlatformClassLoader                            : 147K
Loader org.gradle.groovy.scripts.internal.DefaultScriptCompilationHandler$ScriptClassLoader: 30488B


[error occurred during error reporting (Classloader stats), id 0xe0000001, Out of Memory Error (s\src\hotspot\share\memory\arena.cpp:168)]
---------------  S Y S T E M  ---------------

OS:
 Windows 11 , 64 bit Build 26100 (10.0.26100.8246)
OS uptime: 9 days 2:20 hours

CPU: total 2 (initial active 2) (2 cores per cpu, 1 threads per core) family 6 model 122 stepping 8 microcode 0x18, cx8, cmov, fxsr, mmx, 3dnowpref, sse, sse2, sse3, ssse3, sse4.1, sse4.2, popcnt, tsc, tscinvbit, aes, erms, clmul, sha, clflush, clflushopt, rdtscp, rdpid
Processor Information for the first 2 processors :
  Max Mhz: 1100, Current Mhz: 1100, Mhz Limit: 1100

Memory: 4k page, system-wide physical 3920M (169M free)
TotalPageFile size 11236M (AvailPageFile size 1M)
current process WorkingSet (physical memory assigned to process): 185M, peak: 185M
current process commit charge ("private bytes"): 233M, peak: 234M

vm_info: OpenJDK 64-Bit Server VM (21.0.9+-14787801-b1163.94) for windows-amd64 JRE (21.0.9+-14787801-b1163.94), built on 2026-01-27T21:15:44Z by "builder" with MS VC++ 16.10 / 16.11 (VS2019)

END.
