#
# There is insufficient memory for the Java Runtime Environment to continue.
# Native memory allocation (malloc) failed to allocate 32744 bytes. Error detail: Chunk::new
# Possible reasons:
#   The system is out of physical RAM or swap space
#   This process is running with CompressedOops enabled, and the Java Heap may be blocking the growth of the native heap
# Possible solutions:
#   Reduce memory load on the system
#   Increase physical memory or swap space
#   Check if swap backing store is full
#   Decrease Java heap size (-Xmx/-Xms)
#   Decrease number of Java threads
#   Decrease Java thread stack sizes (-Xss)
#   Set larger code cache with -XX:ReservedCodeCacheSize=
#   JVM is running with Unscaled Compressed Oops mode in which the Java heap is
#     placed in the first 4GB address space. The Java Heap base address is the
#     maximum limit for the native heap growth. Please use -XX:HeapBaseMinAddress
#     to set the Java Heap base and to place the Java Heap above 4GB virtual address.
# This output file may be truncated or incomplete.
#
#  Out of Memory Error (arena.cpp:168), pid=6992, tid=6116
#
# JRE version: OpenJDK Runtime Environment (21.0.9) (build 21.0.9+-14787801-b1163.94)
# Java VM: OpenJDK 64-Bit Server VM (21.0.9+-14787801-b1163.94, mixed mode, tiered, compressed oops, compressed class ptrs, g1 gc, windows-amd64)
# No core dump will be written. Minidumps are not enabled by default on client versions of Windows
#

---------------  S U M M A R Y ------------

Command Line: --add-opens=java.base/java.lang=ALL-UNNAMED --add-opens=java.base/java.lang.invoke=ALL-UNNAMED --add-opens=java.base/java.util=ALL-UNNAMED --add-opens=java.prefs/java.util.prefs=ALL-UNNAMED --add-exports=jdk.compiler/com.sun.tools.javac.api=ALL-UNNAMED --add-exports=jdk.compiler/com.sun.tools.javac.util=ALL-UNNAMED --add-opens=java.base/java.util=ALL-UNNAMED --add-opens=java.prefs/java.util.prefs=ALL-UNNAMED --add-opens=java.base/java.nio.charset=ALL-UNNAMED --add-opens=java.base/java.net=ALL-UNNAMED --add-opens=java.base/java.util.concurrent=ALL-UNNAMED --add-opens=java.base/java.util.concurrent.atomic=ALL-UNNAMED --add-opens=java.xml/javax.xml.namespace=ALL-UNNAMED --add-opens=java.base/java.time=ALL-UNNAMED -Xmx2048m -Dfile.encoding=UTF-8 -Duser.country=ZA -Duser.language=en -Duser.variant -javaagent:C:\Users\ofent\.gradle\wrapper\dists\gradle-9.3.1-bin\23ovyewtku6u96viwx3xl3oks\gradle-9.3.1\lib\agents\gradle-instrumentation-agent-9.3.1.jar org.gradle.launcher.daemon.bootstrap.GradleDaemon 9.3.1

Host: Intel(R) Celeron(R) N4020 CPU @ 1.10GHz, 2 cores, 3G,  Windows 11 , 64 bit Build 26100 (10.0.26100.8246)
Time: Tue Apr 28 22:03:16 2026 South Africa Standard Time elapsed time: 299.393053 seconds (0d 0h 4m 59s)

---------------  T H R E A D  ---------------

Current thread (0x000002bc6405d560):  JavaThread "C1 CompilerThread0" daemon [_thread_in_vm, id=6116, stack(0x000000caf7700000,0x000000caf7800000) (1024K)]


Current CompileTask:
C1:299396 8428       3       com.google.common.collect.RegularImmutableSortedSet::size (8 bytes)

Stack: [0x000000caf7700000,0x000000caf7800000]
Native frames: (J=compiled Java code, j=interpreted, Vv=VM code, C=native code)
V  [jvm.dll+0x6d6c99]
V  [jvm.dll+0x866b83]
V  [jvm.dll+0x8691ae]
V  [jvm.dll+0x869893]
V  [jvm.dll+0x280776]
V  [jvm.dll+0xc07cd]
V  [jvm.dll+0xc0d03]
V  [jvm.dll+0x1fa5d7]
V  [jvm.dll+0x1e5be3]
V  [jvm.dll+0x257fef]
V  [jvm.dll+0x2566f6]
V  [jvm.dll+0x3f48a6]
V  [jvm.dll+0x80f118]
V  [jvm.dll+0x6d54ed]
C  [ucrtbase.dll+0x37b0]
C  [KERNEL32.DLL+0x2e8d7]
C  [ntdll.dll+0x8c3fc]


---------------  P R O C E S S  ---------------

Threads class SMR info:
_java_thread_list=0x000002bc68261de0, length=43, elements={
0x000002bc492fa2a0, 0x000002bc5fc7cd90, 0x000002bc640234f0, 0x000002bc64026ad0,
0x000002bc640320a0, 0x000002bc64032b00, 0x000002bc64033560, 0x000002bc64033fc0,
0x000002bc64034d50, 0x000002bc6405d560, 0x000002bc64311d50, 0x000002bc65b53050,
0x000002bc65020920, 0x000002bc650d17f0, 0x000002bc6605d880, 0x000002bc65feda20,
0x000002bc64d592d0, 0x000002bc65fed1e0, 0x000002bc65936c20, 0x000002bc65937940,
0x000002bc659372b0, 0x000002bc65937fd0, 0x000002bc675fece0, 0x000002bc675ff370,
0x000002bc675ffa00, 0x000002bc675fdfc0, 0x000002bc675fe650, 0x000002bc675fc580,
0x000002bc67601ad0, 0x000002bc676027f0, 0x000002bc67600090, 0x000002bc67603ba0,
0x000002bc67602160, 0x000002bc67601440, 0x000002bc67603510, 0x000002bc67600db0,
0x000002bc67600720, 0x000002bc68229680, 0x000002bc68227c40, 0x000002bc68226200,
0x000002bc68228960, 0x000002bc682282d0, 0x000002bc6822a3a0
}

Java Threads: ( => current thread )
  0x000002bc492fa2a0 JavaThread "main"                              [_thread_blocked, id=17856, stack(0x000000caf6700000,0x000000caf6800000) (1024K)]
  0x000002bc5fc7cd90 JavaThread "Common-Cleaner"             daemon [_thread_blocked, id=12556, stack(0x000000caf6f00000,0x000000caf7000000) (1024K)]
  0x000002bc640234f0 JavaThread "Reference Handler"          daemon [_thread_blocked, id=10332, stack(0x000000caf7000000,0x000000caf7100000) (1024K)]
  0x000002bc64026ad0 JavaThread "Finalizer"                  daemon [_thread_blocked, id=15368, stack(0x000000caf7100000,0x000000caf7200000) (1024K)]
  0x000002bc640320a0 JavaThread "Signal Dispatcher"          daemon [_thread_blocked, id=17424, stack(0x000000caf7200000,0x000000caf7300000) (1024K)]
  0x000002bc64032b00 JavaThread "Attach Listener"            daemon [_thread_blocked, id=2352, stack(0x000000caf7300000,0x000000caf7400000) (1024K)]
  0x000002bc64033560 JavaThread "Service Thread"             daemon [_thread_blocked, id=17520, stack(0x000000caf7400000,0x000000caf7500000) (1024K)]
  0x000002bc64033fc0 JavaThread "Monitor Deflation Thread"   daemon [_thread_blocked, id=1472, stack(0x000000caf7500000,0x000000caf7600000) (1024K)]
  0x000002bc64034d50 JavaThread "C2 CompilerThread0"         daemon [_thread_in_native, id=2092, stack(0x000000caf7600000,0x000000caf7700000) (1024K)]
=>0x000002bc6405d560 JavaThread "C1 CompilerThread0"         daemon [_thread_in_vm, id=6116, stack(0x000000caf7700000,0x000000caf7800000) (1024K)]
  0x000002bc64311d50 JavaThread "Notification Thread"        daemon [_thread_blocked, id=8344, stack(0x000000caf7800000,0x000000caf7900000) (1024K)]
  0x000002bc65b53050 JavaThread "Daemon health stats"               [_thread_blocked, id=21496, stack(0x000000caf6500000,0x000000caf6600000) (1024K)]
  0x000002bc65020920 JavaThread "Incoming local TCP Connector on port 49200"        [_thread_in_native, id=16256, stack(0x000000caf6600000,0x000000caf6700000) (1024K)]
  0x000002bc650d17f0 JavaThread "Daemon periodic checks"            [_thread_blocked, id=5808, stack(0x000000caf7a00000,0x000000caf7b00000) (1024K)]
  0x000002bc6605d880 JavaThread "Daemon"                            [_thread_blocked, id=6252, stack(0x000000caf6400000,0x000000caf6500000) (1024K)]
  0x000002bc65feda20 JavaThread "Handler for socket connection from /127.0.0.1:49200 to /127.0.0.1:57053"        [_thread_in_native, id=10008, stack(0x000000caf7b00000,0x000000caf7c00000) (1024K)]
  0x000002bc64d592d0 JavaThread "Cancel handler"                    [_thread_blocked, id=16448, stack(0x000000caf7c00000,0x000000caf7d00000) (1024K)]
  0x000002bc65fed1e0 JavaThread "Daemon worker"                     [_thread_blocked, id=13720, stack(0x000000caf7d00000,0x000000caf7e00000) (1024K)]
  0x000002bc65936c20 JavaThread "Asynchronous log dispatcher for DefaultDaemonConnection: socket connection from /127.0.0.1:49200 to /127.0.0.1:57053"        [_thread_blocked, id=3680, stack(0x000000caf7e00000,0x000000caf7f00000) (1024K)]
  0x000002bc65937940 JavaThread "Stdin handler"                     [_thread_blocked, id=15656, stack(0x000000caf7f00000,0x000000caf8000000) (1024K)]
  0x000002bc659372b0 JavaThread "Daemon client event forwarder"        [_thread_blocked, id=19748, stack(0x000000caf8000000,0x000000caf8100000) (1024K)]
  0x000002bc65937fd0 JavaThread "Cache worker for journal cache (C:\Users\ofent\.gradle\caches\journal-1)"        [_thread_blocked, id=10036, stack(0x000000caf8100000,0x000000caf8200000) (1024K)]
  0x000002bc675fece0 JavaThread "File lock request listener"        [_thread_in_native, id=14756, stack(0x000000caf8200000,0x000000caf8300000) (1024K)]
  0x000002bc675ff370 JavaThread "Cache worker for file hash cache (C:\Users\ofent\.gradle\caches\9.3.1\fileHashes)"        [_thread_blocked, id=19520, stack(0x000000caf8300000,0x000000caf8400000) (1024K)]
  0x000002bc675ffa00 JavaThread "Cache worker for file hash cache (C:\Users\ofent\AndroidStudioProjects\BudgetTrackerApp3\.gradle\9.3.1\fileHashes)"        [_thread_blocked, id=10792, stack(0x000000caf8400000,0x000000caf8500000) (1024K)]
  0x000002bc675fdfc0 JavaThread "Cache worker for Build Output Cleanup Cache (C:\Users\ofent\AndroidStudioProjects\BudgetTrackerApp3\.gradle\buildOutputCleanup)"        [_thread_blocked, id=17792, stack(0x000000caf8500000,0x000000caf8600000) (1024K)]
  0x000002bc675fe650 JavaThread "File watcher server"        daemon [_thread_in_native, id=6188, stack(0x000000caf8600000,0x000000caf8700000) (1024K)]
  0x000002bc675fc580 JavaThread "File watcher consumer"      daemon [_thread_blocked, id=3444, stack(0x000000caf8700000,0x000000caf8800000) (1024K)]
  0x000002bc67601ad0 JavaThread "Cache worker for checksums cache (C:\Users\ofent\AndroidStudioProjects\BudgetTrackerApp3\.gradle\9.3.1\checksums)"        [_thread_blocked, id=20324, stack(0x000000caf8800000,0x000000caf8900000) (1024K)]
  0x000002bc676027f0 JavaThread "Cache worker for file content cache (C:\Users\ofent\.gradle\caches\9.3.1\fileContent)"        [_thread_blocked, id=17940, stack(0x000000caf8900000,0x000000caf8a00000) (1024K)]
  0x000002bc67600090 JavaThread "Cache worker for cache directory md-supplier (C:\Users\ofent\.gradle\caches\9.3.1\md-supplier)"        [_thread_blocked, id=6464, stack(0x000000caf8a00000,0x000000caf8b00000) (1024K)]
  0x000002bc67603ba0 JavaThread "Cache worker for cache directory md-rule (C:\Users\ofent\.gradle\caches\9.3.1\md-rule)"        [_thread_blocked, id=14400, stack(0x000000caf8b00000,0x000000caf8c00000) (1024K)]
  0x000002bc67602160 JavaThread "jar transforms"                    [_thread_blocked, id=7088, stack(0x000000caf8c00000,0x000000caf8d00000) (1024K)]
  0x000002bc67601440 JavaThread "jar transforms Thread 2"           [_thread_blocked, id=10288, stack(0x000000caf8d00000,0x000000caf8e00000) (1024K)]
  0x000002bc67603510 JavaThread "Unconstrained build operations"        [_thread_blocked, id=2444, stack(0x000000caf8f00000,0x000000caf9000000) (1024K)]
  0x000002bc67600db0 JavaThread "Unconstrained build operations Thread 2"        [_thread_blocked, id=7476, stack(0x000000caf9100000,0x000000caf9200000) (1024K)]
  0x000002bc67600720 JavaThread "Unconstrained build operations Thread 3"        [_thread_blocked, id=1308, stack(0x000000caf9200000,0x000000caf9300000) (1024K)]
  0x000002bc68229680 JavaThread "Unconstrained build operations Thread 4"        [_thread_blocked, id=6012, stack(0x000000caf9300000,0x000000caf9400000) (1024K)]
  0x000002bc68227c40 JavaThread "Unconstrained build operations Thread 5"        [_thread_blocked, id=17300, stack(0x000000caf9400000,0x000000caf9500000) (1024K)]
  0x000002bc68226200 JavaThread "Unconstrained build operations Thread 6"        [_thread_blocked, id=14680, stack(0x000000caf9500000,0x000000caf9600000) (1024K)]
  0x000002bc68228960 JavaThread "Unconstrained build operations Thread 7"        [_thread_blocked, id=12572, stack(0x000000caf9600000,0x000000caf9700000) (1024K)]
  0x000002bc682282d0 JavaThread "Unconstrained build operations Thread 8"        [_thread_blocked, id=20116, stack(0x000000caf9700000,0x000000caf9800000) (1024K)]
  0x000002bc6822a3a0 JavaThread "Unconstrained build operations Thread 9"        [_thread_in_native, id=20724, stack(0x000000caf9800000,0x000000caf9900000) (1024K)]
Total: 43

Other Threads:
  0x000002bc5fbb3f90 VMThread "VM Thread"                           [id=17064, stack(0x000000caf6e00000,0x000000caf6f00000) (1024K)]
  0x000002bc5fba4c20 WatcherThread "VM Periodic Task Thread"        [id=4056, stack(0x000000caf6d00000,0x000000caf6e00000) (1024K)]
  0x000002bc49352da0 WorkerThread "GC Thread#0"                     [id=15172, stack(0x000000caf6800000,0x000000caf6900000) (1024K)]
  0x000002bc64638480 WorkerThread "GC Thread#1"                     [id=20164, stack(0x000000caf7900000,0x000000caf7a00000) (1024K)]
  0x000002bc49363c90 ConcurrentGCThread "G1 Main Marker"            [id=20112, stack(0x000000caf6900000,0x000000caf6a00000) (1024K)]
  0x000002bc493646a0 WorkerThread "G1 Conc#0"                       [id=5592, stack(0x000000caf6a00000,0x000000caf6b00000) (1024K)]
  0x000002bc493b4910 ConcurrentGCThread "G1 Refine#0"               [id=17996, stack(0x000000caf6b00000,0x000000caf6c00000) (1024K)]
  0x000002bc493b61d0 ConcurrentGCThread "G1 Service"                [id=7636, stack(0x000000caf6c00000,0x000000caf6d00000) (1024K)]
Total: 8

Threads with active compile tasks:
C2 CompilerThread0  299549 8426       4       org.gradle.cache.internal.btree.CachingBlockStore::read (56 bytes)
C1 CompilerThread0  299549 8428       3       com.google.common.collect.RegularImmutableSortedSet::size (8 bytes)
Total: 2

VM state: not at safepoint (normal execution)

VM Mutex/Monitor currently owned by a thread: None

Heap address: 0x0000000080000000, size: 2048 MB, Compressed Oops mode: 32-bit

CDS archive(s) not mapped
Compressed class space mapped at: 0x0000000100000000-0x0000000140000000, reserved size: 1073741824
Narrow klass base: 0x0000000000000000, Narrow klass shift: 3, Narrow klass range: 0x140000000

GC Precious Log:
 CardTable entry size: 512
 Card Set container configuration: InlinePtr #cards 5 size 8 Array Of Cards #cards 12 size 40 Howl #buckets 4 coarsen threshold 1843 Howl Bitmap #cards 512 size 80 coarsen threshold 460 Card regions per heap region 1 cards per card region 2048
 CPUs: 2 total, 2 available
 Memory: 3920M
 Large Page Support: Disabled
 NUMA Support: Disabled
 Compressed Oops: Enabled (32-bit)
 Heap Region Size: 1M
 Heap Min Capacity: 8M
 Heap Initial Capacity: 62M
 Heap Max Capacity: 2G
 Pre-touch: Disabled
 Parallel Workers: 2
 Concurrent Workers: 1
 Concurrent Refinement Workers: 2
 Periodic GC: Disabled

Heap:
 garbage-first heap   total 87040K, used 54759K [0x0000000080000000, 0x0000000100000000)
  region size 1024K, 7 young (7168K), 3 survivors (3072K)
 Metaspace       used 71575K, committed 73472K, reserved 1114112K
  class space    used 10172K, committed 11072K, reserved 1048576K

Heap Regions: E=young(eden), S=young(survivor), O=old, HS=humongous(starts), HC=humongous(continues), CS=collection set, F=free, TAMS=top-at-mark-start, PB=parsable bottom
|   0|0x0000000080000000, 0x0000000080100000, 0x0000000080100000|100%| O|  |TAMS 0x0000000080000000| PB 0x0000000080000000| Untracked 
|   1|0x0000000080100000, 0x0000000080200000, 0x0000000080200000|100%|HS|  |TAMS 0x0000000080100000| PB 0x0000000080100000| Complete 
|   2|0x0000000080200000, 0x0000000080300000, 0x0000000080300000|100%|HC|  |TAMS 0x0000000080200000| PB 0x0000000080200000| Complete 
|   3|0x0000000080300000, 0x0000000080400000, 0x0000000080400000|100%|HC|  |TAMS 0x0000000080300000| PB 0x0000000080300000| Complete 
|   4|0x0000000080400000, 0x0000000080500000, 0x0000000080500000|100%|HC|  |TAMS 0x0000000080400000| PB 0x0000000080400000| Complete 
|   5|0x0000000080500000, 0x0000000080600000, 0x0000000080600000|100%| O|  |TAMS 0x0000000080500000| PB 0x0000000080500000| Untracked 
|   6|0x0000000080600000, 0x0000000080700000, 0x0000000080700000|100%| O|  |TAMS 0x0000000080600000| PB 0x0000000080600000| Untracked 
|   7|0x0000000080700000, 0x0000000080800000, 0x0000000080800000|100%| O|  |TAMS 0x0000000080700000| PB 0x0000000080700000| Untracked 
|   8|0x0000000080800000, 0x0000000080900000, 0x0000000080900000|100%| O|  |TAMS 0x0000000080800000| PB 0x0000000080800000| Untracked 
|   9|0x0000000080900000, 0x0000000080a00000, 0x0000000080a00000|100%| O|  |TAMS 0x0000000080900000| PB 0x0000000080900000| Untracked 
|  10|0x0000000080a00000, 0x0000000080b00000, 0x0000000080b00000|100%| O|  |TAMS 0x0000000080a00000| PB 0x0000000080a00000| Untracked 
|  11|0x0000000080b00000, 0x0000000080c00000, 0x0000000080c00000|100%| O|  |TAMS 0x0000000080b00000| PB 0x0000000080b00000| Untracked 
|  12|0x0000000080c00000, 0x0000000080d00000, 0x0000000080d00000|100%|HS|  |TAMS 0x0000000080c00000| PB 0x0000000080c00000| Complete 
|  13|0x0000000080d00000, 0x0000000080e00000, 0x0000000080e00000|100%| O|  |TAMS 0x0000000080d00000| PB 0x0000000080d00000| Untracked 
|  14|0x0000000080e00000, 0x0000000080f00000, 0x0000000080f00000|100%| O|  |TAMS 0x0000000080e00000| PB 0x0000000080e00000| Untracked 
|  15|0x0000000080f00000, 0x0000000081000000, 0x0000000081000000|100%| O|  |TAMS 0x0000000080f00000| PB 0x0000000080f00000| Untracked 
|  16|0x0000000081000000, 0x0000000081100000, 0x0000000081100000|100%| O|  |TAMS 0x0000000081000000| PB 0x0000000081000000| Untracked 
|  17|0x0000000081100000, 0x0000000081200000, 0x0000000081200000|100%| O|  |TAMS 0x0000000081100000| PB 0x0000000081100000| Untracked 
|  18|0x0000000081200000, 0x0000000081300000, 0x0000000081300000|100%| O|  |TAMS 0x0000000081200000| PB 0x0000000081200000| Untracked 
|  19|0x0000000081300000, 0x0000000081400000, 0x0000000081400000|100%| O|  |TAMS 0x0000000081300000| PB 0x0000000081300000| Untracked 
|  20|0x0000000081400000, 0x0000000081500000, 0x0000000081500000|100%| O|  |TAMS 0x0000000081400000| PB 0x0000000081400000| Untracked 
|  21|0x0000000081500000, 0x0000000081600000, 0x0000000081600000|100%| O|  |TAMS 0x0000000081500000| PB 0x0000000081500000| Untracked 
|  22|0x0000000081600000, 0x0000000081700000, 0x0000000081700000|100%| O|  |TAMS 0x0000000081600000| PB 0x0000000081600000| Untracked 
|  23|0x0000000081700000, 0x0000000081800000, 0x0000000081800000|100%| O|  |TAMS 0x0000000081700000| PB 0x0000000081700000| Untracked 
|  24|0x0000000081800000, 0x0000000081900000, 0x0000000081900000|100%| O|  |TAMS 0x0000000081800000| PB 0x0000000081800000| Untracked 
|  25|0x0000000081900000, 0x0000000081a00000, 0x0000000081a00000|100%| O|  |TAMS 0x0000000081900000| PB 0x0000000081900000| Untracked 
|  26|0x0000000081a00000, 0x0000000081b00000, 0x0000000081b00000|100%| O|  |TAMS 0x0000000081a00000| PB 0x0000000081a00000| Untracked 
|  27|0x0000000081b00000, 0x0000000081c00000, 0x0000000081c00000|100%| O|  |TAMS 0x0000000081b00000| PB 0x0000000081b00000| Untracked 
|  28|0x0000000081c00000, 0x0000000081d00000, 0x0000000081d00000|100%| O|  |TAMS 0x0000000081c00000| PB 0x0000000081c00000| Untracked 
|  29|0x0000000081d00000, 0x0000000081e00000, 0x0000000081e00000|100%| O|  |TAMS 0x0000000081d00000| PB 0x0000000081d00000| Untracked 
|  30|0x0000000081e00000, 0x0000000081f00000, 0x0000000081f00000|100%| O|  |TAMS 0x0000000081e00000| PB 0x0000000081e00000| Untracked 
|  31|0x0000000081f00000, 0x0000000082000000, 0x0000000082000000|100%| O|  |TAMS 0x0000000081f00000| PB 0x0000000081f00000| Untracked 
|  32|0x0000000082000000, 0x0000000082100000, 0x0000000082100000|100%| O|  |TAMS 0x0000000082000000| PB 0x0000000082000000| Untracked 
|  33|0x0000000082100000, 0x0000000082200000, 0x0000000082200000|100%| O|  |TAMS 0x0000000082100000| PB 0x0000000082100000| Untracked 
|  34|0x0000000082200000, 0x0000000082300000, 0x0000000082300000|100%| O|  |TAMS 0x0000000082200000| PB 0x0000000082200000| Untracked 
|  35|0x0000000082300000, 0x0000000082400000, 0x0000000082400000|100%| O|  |TAMS 0x0000000082300000| PB 0x0000000082300000| Untracked 
|  36|0x0000000082400000, 0x0000000082500000, 0x0000000082500000|100%| O|  |TAMS 0x0000000082400000| PB 0x0000000082400000| Untracked 
|  37|0x0000000082500000, 0x0000000082600000, 0x0000000082600000|100%|HS|  |TAMS 0x0000000082500000| PB 0x0000000082500000| Complete 
|  38|0x0000000082600000, 0x0000000082700000, 0x0000000082700000|100%|HC|  |TAMS 0x0000000082600000| PB 0x0000000082600000| Complete 
|  39|0x0000000082700000, 0x0000000082800000, 0x0000000082800000|100%| O|  |TAMS 0x0000000082700000| PB 0x0000000082700000| Untracked 
|  40|0x0000000082800000, 0x0000000082900000, 0x0000000082900000|100%| O|  |TAMS 0x0000000082800000| PB 0x0000000082800000| Untracked 
|  41|0x0000000082900000, 0x0000000082a00000, 0x0000000082a00000|100%| O|  |TAMS 0x0000000082900000| PB 0x0000000082900000| Untracked 
|  42|0x0000000082a00000, 0x0000000082b00000, 0x0000000082b00000|100%| O|  |TAMS 0x0000000082a00000| PB 0x0000000082a00000| Untracked 
|  43|0x0000000082b00000, 0x0000000082c00000, 0x0000000082c00000|100%| O|  |TAMS 0x0000000082b00000| PB 0x0000000082b00000| Untracked 
|  44|0x0000000082c00000, 0x0000000082c00000, 0x0000000082d00000|  0%| F|  |TAMS 0x0000000082c00000| PB 0x0000000082c00000| Untracked 
|  45|0x0000000082d00000, 0x0000000082df36d0, 0x0000000082e00000| 95%| O|  |TAMS 0x0000000082d00000| PB 0x0000000082d00000| Untracked 
|  46|0x0000000082e00000, 0x0000000082e00000, 0x0000000082f00000|  0%| F|  |TAMS 0x0000000082e00000| PB 0x0000000082e00000| Untracked 
|  47|0x0000000082f00000, 0x0000000082f00000, 0x0000000083000000|  0%| F|  |TAMS 0x0000000082f00000| PB 0x0000000082f00000| Untracked 
|  48|0x0000000083000000, 0x0000000083000000, 0x0000000083100000|  0%| F|  |TAMS 0x0000000083000000| PB 0x0000000083000000| Untracked 
|  49|0x0000000083100000, 0x0000000083200000, 0x0000000083200000|100%| O|  |TAMS 0x0000000083100000| PB 0x0000000083100000| Untracked 
|  50|0x0000000083200000, 0x0000000083300000, 0x0000000083300000|100%| O|  |TAMS 0x0000000083200000| PB 0x0000000083200000| Untracked 
|  51|0x0000000083300000, 0x0000000083400000, 0x0000000083400000|100%| O|  |TAMS 0x0000000083300000| PB 0x0000000083300000| Untracked 
|  52|0x0000000083400000, 0x0000000083486880, 0x0000000083500000| 52%| S|CS|TAMS 0x0000000083400000| PB 0x0000000083400000| Complete 
|  53|0x0000000083500000, 0x0000000083600000, 0x0000000083600000|100%| S|CS|TAMS 0x0000000083500000| PB 0x0000000083500000| Complete 
|  54|0x0000000083600000, 0x0000000083700000, 0x0000000083700000|100%| S|CS|TAMS 0x0000000083600000| PB 0x0000000083600000| Complete 
|  55|0x0000000083700000, 0x0000000083700000, 0x0000000083800000|  0%| F|  |TAMS 0x0000000083700000| PB 0x0000000083700000| Untracked 
|  56|0x0000000083800000, 0x0000000083800000, 0x0000000083900000|  0%| F|  |TAMS 0x0000000083800000| PB 0x0000000083800000| Untracked 
|  57|0x0000000083900000, 0x0000000083900000, 0x0000000083a00000|  0%| F|  |TAMS 0x0000000083900000| PB 0x0000000083900000| Untracked 
|  58|0x0000000083a00000, 0x0000000083a00000, 0x0000000083b00000|  0%| F|  |TAMS 0x0000000083a00000| PB 0x0000000083a00000| Untracked 
|  59|0x0000000083b00000, 0x0000000083b00000, 0x0000000083c00000|  0%| F|  |TAMS 0x0000000083b00000| PB 0x0000000083b00000| Untracked 
|  60|0x0000000083c00000, 0x0000000083c00000, 0x0000000083d00000|  0%| F|  |TAMS 0x0000000083c00000| PB 0x0000000083c00000| Untracked 
|  61|0x0000000083d00000, 0x0000000083d00000, 0x0000000083e00000|  0%| F|  |TAMS 0x0000000083d00000| PB 0x0000000083d00000| Untracked 
|  62|0x0000000083e00000, 0x0000000083e00000, 0x0000000083f00000|  0%| F|  |TAMS 0x0000000083e00000| PB 0x0000000083e00000| Untracked 
|  63|0x0000000083f00000, 0x0000000083f00000, 0x0000000084000000|  0%| F|  |TAMS 0x0000000083f00000| PB 0x0000000083f00000| Untracked 
|  64|0x0000000084000000, 0x0000000084000000, 0x0000000084100000|  0%| F|  |TAMS 0x0000000084000000| PB 0x0000000084000000| Untracked 
|  65|0x0000000084100000, 0x0000000084100000, 0x0000000084200000|  0%| F|  |TAMS 0x0000000084100000| PB 0x0000000084100000| Untracked 
|  66|0x0000000084200000, 0x0000000084200000, 0x0000000084300000|  0%| F|  |TAMS 0x0000000084200000| PB 0x0000000084200000| Untracked 
|  67|0x0000000084300000, 0x0000000084300000, 0x0000000084400000|  0%| F|  |TAMS 0x0000000084300000| PB 0x0000000084300000| Untracked 
|  68|0x0000000084400000, 0x0000000084400000, 0x0000000084500000|  0%| F|  |TAMS 0x0000000084400000| PB 0x0000000084400000| Untracked 
|  69|0x0000000084500000, 0x0000000084500000, 0x0000000084600000|  0%| F|  |TAMS 0x0000000084500000| PB 0x0000000084500000| Untracked 
|  70|0x0000000084600000, 0x0000000084600000, 0x0000000084700000|  0%| F|  |TAMS 0x0000000084600000| PB 0x0000000084600000| Untracked 
|  71|0x0000000084700000, 0x0000000084700000, 0x0000000084800000|  0%| F|  |TAMS 0x0000000084700000| PB 0x0000000084700000| Untracked 
|  72|0x0000000084800000, 0x0000000084800000, 0x0000000084900000|  0%| F|  |TAMS 0x0000000084800000| PB 0x0000000084800000| Untracked 
|  73|0x0000000084900000, 0x0000000084900000, 0x0000000084a00000|  0%| F|  |TAMS 0x0000000084900000| PB 0x0000000084900000| Untracked 
|  74|0x0000000084a00000, 0x0000000084a00000, 0x0000000084b00000|  0%| F|  |TAMS 0x0000000084a00000| PB 0x0000000084a00000| Untracked 
|  75|0x0000000084b00000, 0x0000000084b00000, 0x0000000084c00000|  0%| F|  |TAMS 0x0000000084b00000| PB 0x0000000084b00000| Untracked 
|  76|0x0000000084c00000, 0x0000000084c00000, 0x0000000084d00000|  0%| F|  |TAMS 0x0000000084c00000| PB 0x0000000084c00000| Untracked 
|  77|0x0000000084d00000, 0x0000000084d00000, 0x0000000084e00000|  0%| F|  |TAMS 0x0000000084d00000| PB 0x0000000084d00000| Untracked 
|  78|0x0000000084e00000, 0x0000000084e00000, 0x0000000084f00000|  0%| F|  |TAMS 0x0000000084e00000| PB 0x0000000084e00000| Untracked 
|  79|0x0000000084f00000, 0x0000000084f00000, 0x0000000085000000|  0%| F|  |TAMS 0x0000000084f00000| PB 0x0000000084f00000| Untracked 
|  80|0x0000000085000000, 0x0000000085000000, 0x0000000085100000|  0%| F|  |TAMS 0x0000000085000000| PB 0x0000000085000000| Untracked 
|  81|0x0000000085100000, 0x00000000851bd078, 0x0000000085200000| 73%| E|  |TAMS 0x0000000085100000| PB 0x0000000085100000| Complete 
|  82|0x0000000085200000, 0x0000000085300000, 0x0000000085300000|100%| E|CS|TAMS 0x0000000085200000| PB 0x0000000085200000| Complete 
|  83|0x0000000085300000, 0x0000000085400000, 0x0000000085400000|100%| E|CS|TAMS 0x0000000085300000| PB 0x0000000085300000| Complete 
|2047|0x00000000fff00000, 0x0000000100000000, 0x0000000100000000|100%| E|CS|TAMS 0x00000000fff00000| PB 0x00000000fff00000| Complete 

Card table byte_map: [0x000002bc5b460000,0x000002bc5b860000] _byte_map_base: 0x000002bc5b060000

Marking Bits: (CMBitMap*) 0x000002bc493533b0
 Bits: [0x000002bc5b860000, 0x000002bc5d860000)

Polling page: 0x000002bc475f0000

Metaspace:

Usage:
  Non-class:     59.96 MB used.
      Class:      9.93 MB used.
       Both:     69.90 MB used.

Virtual space:
  Non-class space:       64.00 MB reserved,      60.94 MB ( 95%) committed,  1 nodes.
      Class space:        1.00 GB reserved,      10.81 MB (  1%) committed,  1 nodes.
             Both:        1.06 GB reserved,      71.75 MB (  7%) committed. 

Chunk freelists:
   Non-Class:  2.89 MB
       Class:  5.16 MB
        Both:  8.05 MB

MaxMetaspaceSize: unlimited
CompressedClassSpaceSize: 1.00 GB
Initial GC threshold: 21.00 MB
Current GC threshold: 119.31 MB
CDS: off
 - commit_granule_bytes: 65536.
 - commit_granule_words: 8192.
 - virtual_space_node_default_size: 8388608.
 - enlarge_chunks_in_place: 1.
 - use_allocation_guard: 0.


Internal statistics:

num_allocs_failed_limit: 6.
num_arena_births: 3604.
num_arena_deaths: 0.
num_vsnodes_births: 2.
num_vsnodes_deaths: 0.
num_space_committed: 1148.
num_space_uncommitted: 0.
num_chunks_returned_to_freelist: 6.
num_chunks_taken_from_freelist: 6721.
num_chunk_merges: 6.
num_chunk_splits: 4329.
num_chunks_enlarged: 2608.
num_inconsistent_stats: 0.

CodeHeap 'non-profiled nmethods': size=120064Kb used=3721Kb max_used=3721Kb free=116342Kb
 bounds [0x000002bc53f20000, 0x000002bc542d0000, 0x000002bc5b460000]
CodeHeap 'profiled nmethods': size=120000Kb used=13441Kb max_used=13441Kb free=106558Kb
 bounds [0x000002bc4c460000, 0x000002bc4d190000, 0x000002bc53990000]
CodeHeap 'non-nmethods': size=5696Kb used=1889Kb max_used=1918Kb free=3806Kb
 bounds [0x000002bc53990000, 0x000002bc53c00000, 0x000002bc53f20000]
CodeCache: size=245760Kb, used=19051Kb, max_used=19080Kb, free=226706Kb
 total_blobs=8020, nmethods=7234, adapters=691, full_count=0
Compilation: enabled, stopped_count=0, restarted_count=0

Compilation events (20 events):
Event: 298.358 Thread 0x000002bc6405d560 8417       3       java.io.File::getCanonicalFile (38 bytes)
Event: 298.360 Thread 0x000002bc6405d560 nmethod 8417 0x000002bc4d17ba10 code [0x000002bc4d17bc60, 0x000002bc4d17c408]
Event: 298.372 Thread 0x000002bc6405d560 8418       3       java.util.EnumSet::noneOf (63 bytes)
Event: 298.375 Thread 0x000002bc6405d560 nmethod 8418 0x000002bc4d17c690 code [0x000002bc4d17c980, 0x000002bc4d17d700]
Event: 298.399 Thread 0x000002bc64034d50 8419       4       java.util.Optional::get (22 bytes)
Event: 298.400 Thread 0x000002bc64034d50 nmethod 8419 0x000002bc542c0b10 code [0x000002bc542c0ca0, 0x000002bc542c0d48]
Event: 298.423 Thread 0x000002bc6405d560 8420       3       java.util.concurrent.locks.AbstractQueuedSynchronizer$ConditionObject::await (202 bytes)
Event: 298.426 Thread 0x000002bc6405d560 nmethod 8420 0x000002bc4d17dc90 code [0x000002bc4d17dfa0, 0x000002bc4d17ee10]
Event: 298.431 Thread 0x000002bc6405d560 8421   !   3       sun.nio.ch.ChannelInputStream::read (70 bytes)
Event: 298.433 Thread 0x000002bc6405d560 nmethod 8421 0x000002bc4d17f490 code [0x000002bc4d17f6a0, 0x000002bc4d17fdc0]
Event: 298.465 Thread 0x000002bc6405d560 8422   !   3       java.nio.channels.FileLock::overlaps (52 bytes)
Event: 298.466 Thread 0x000002bc6405d560 nmethod 8422 0x000002bc4d180090 code [0x000002bc4d180260, 0x000002bc4d180560]
Event: 298.470 Thread 0x000002bc64034d50 8423       4       org.gradle.internal.logging.events.ProgressCompleteEvent::getLogLevel (4 bytes)
Event: 298.471 Thread 0x000002bc64034d50 nmethod 8423 0x000002bc542c0e10 code [0x000002bc542c0fa0, 0x000002bc542c1030]
Event: 298.526 Thread 0x000002bc64034d50 8424       4       java.lang.invoke.Invokers$Holder::linkToTargetMethod (11 bytes)
Event: 298.528 Thread 0x000002bc64034d50 nmethod 8424 0x000002bc542c1110 code [0x000002bc542c12a0, 0x000002bc542c13a0]
Event: 298.565 Thread 0x000002bc64034d50 8425       4       sun.security.provider.MD5::implCompress0 (1407 bytes)
Event: 298.644 Thread 0x000002bc64034d50 nmethod 8425 0x000002bc542c1490 code [0x000002bc542c1640, 0x000002bc542c23b8]
Event: 298.646 Thread 0x000002bc64034d50 8426       4       org.gradle.cache.internal.btree.CachingBlockStore::read (56 bytes)
Event: 299.019 Thread 0x000002bc6405d560 8428       3       com.google.common.collect.RegularImmutableSortedSet::size (8 bytes)

GC Heap History (20 events):
Event: 254.083 GC heap before
{Heap before GC invocations=25 (full 0):
 garbage-first heap   total 70656K, used 62184K [0x0000000080000000, 0x0000000100000000)
  region size 1024K, 22 young (22528K), 3 survivors (3072K)
 Metaspace       used 56567K, committed 58240K, reserved 1114112K
  class space    used 7965K, committed 8768K, reserved 1048576K
}
Event: 254.113 GC heap after
{Heap after GC invocations=26 (full 0):
 garbage-first heap   total 70656K, used 42773K [0x0000000080000000, 0x0000000100000000)
  region size 1024K, 1 young (1024K), 1 survivors (1024K)
 Metaspace       used 56567K, committed 58240K, reserved 1114112K
  class space    used 7965K, committed 8768K, reserved 1048576K
}
Event: 257.055 GC heap before
{Heap before GC invocations=26 (full 0):
 garbage-first heap   total 70656K, used 63253K [0x0000000080000000, 0x0000000100000000)
  region size 1024K, 21 young (21504K), 1 survivors (1024K)
 Metaspace       used 57847K, committed 59520K, reserved 1114112K
  class space    used 8193K, committed 8960K, reserved 1048576K
}
Event: 257.064 GC heap after
{Heap after GC invocations=27 (full 0):
 garbage-first heap   total 70656K, used 43050K [0x0000000080000000, 0x0000000100000000)
  region size 1024K, 1 young (1024K), 1 survivors (1024K)
 Metaspace       used 57847K, committed 59520K, reserved 1114112K
  class space    used 8193K, committed 8960K, reserved 1048576K
}
Event: 263.833 GC heap before
{Heap before GC invocations=28 (full 0):
 garbage-first heap   total 73728K, used 63530K [0x0000000080000000, 0x0000000100000000)
  region size 1024K, 21 young (21504K), 1 survivors (1024K)
 Metaspace       used 60110K, committed 61824K, reserved 1114112K
  class space    used 8520K, committed 9344K, reserved 1048576K
}
Event: 263.847 GC heap after
{Heap after GC invocations=29 (full 0):
 garbage-first heap   total 73728K, used 44040K [0x0000000080000000, 0x0000000100000000)
  region size 1024K, 2 young (2048K), 2 survivors (2048K)
 Metaspace       used 60110K, committed 61824K, reserved 1114112K
  class space    used 8520K, committed 9344K, reserved 1048576K
}
Event: 265.898 GC heap before
{Heap before GC invocations=29 (full 0):
 garbage-first heap   total 73728K, used 66568K [0x0000000080000000, 0x0000000100000000)
  region size 1024K, 24 young (24576K), 2 survivors (2048K)
 Metaspace       used 63175K, committed 64832K, reserved 1114112K
  class space    used 8941K, committed 9728K, reserved 1048576K
}
Event: 265.918 GC heap after
{Heap after GC invocations=30 (full 0):
 garbage-first heap   total 73728K, used 44581K [0x0000000080000000, 0x0000000100000000)
  region size 1024K, 2 young (2048K), 2 survivors (2048K)
 Metaspace       used 63175K, committed 64832K, reserved 1114112K
  class space    used 8941K, committed 9728K, reserved 1048576K
}
Event: 268.587 GC heap before
{Heap before GC invocations=30 (full 0):
 garbage-first heap   total 73728K, used 67109K [0x0000000080000000, 0x0000000100000000)
  region size 1024K, 24 young (24576K), 2 survivors (2048K)
 Metaspace       used 66273K, committed 68096K, reserved 1114112K
  class space    used 9448K, committed 10304K, reserved 1048576K
}
Event: 268.630 GC heap after
{Heap after GC invocations=31 (full 0):
 garbage-first heap   total 73728K, used 45801K [0x0000000080000000, 0x0000000100000000)
  region size 1024K, 2 young (2048K), 2 survivors (2048K)
 Metaspace       used 66273K, committed 68096K, reserved 1114112K
  class space    used 9448K, committed 10304K, reserved 1048576K
}
Event: 272.311 GC heap before
{Heap before GC invocations=32 (full 0):
 garbage-first heap   total 76800K, used 68329K [0x0000000080000000, 0x0000000100000000)
  region size 1024K, 24 young (24576K), 2 survivors (2048K)
 Metaspace       used 69066K, committed 70912K, reserved 1114112K
  class space    used 9870K, committed 10752K, reserved 1048576K
}
Event: 272.335 GC heap after
{Heap after GC invocations=33 (full 0):
 garbage-first heap   total 76800K, used 46767K [0x0000000080000000, 0x0000000100000000)
  region size 1024K, 3 young (3072K), 3 survivors (3072K)
 Metaspace       used 69066K, committed 70912K, reserved 1114112K
  class space    used 9870K, committed 10752K, reserved 1048576K
}
Event: 275.954 GC heap before
{Heap before GC invocations=33 (full 0):
 garbage-first heap   total 76800K, used 69295K [0x0000000080000000, 0x0000000100000000)
  region size 1024K, 26 young (26624K), 3 survivors (3072K)
 Metaspace       used 70972K, committed 72896K, reserved 1114112K
  class space    used 10155K, committed 11072K, reserved 1048576K
}
Event: 275.993 GC heap after
{Heap after GC invocations=34 (full 0):
 garbage-first heap   total 77824K, used 49708K [0x0000000080000000, 0x0000000100000000)
  region size 1024K, 4 young (4096K), 4 survivors (4096K)
 Metaspace       used 70972K, committed 72896K, reserved 1114112K
  class space    used 10155K, committed 11072K, reserved 1048576K
}
Event: 290.094 GC heap before
{Heap before GC invocations=34 (full 0):
 garbage-first heap   total 77824K, used 70188K [0x0000000080000000, 0x0000000100000000)
  region size 1024K, 25 young (25600K), 4 survivors (4096K)
 Metaspace       used 71368K, committed 73280K, reserved 1114112K
  class space    used 10172K, committed 11072K, reserved 1048576K
}
Event: 290.151 GC heap after
{Heap after GC invocations=35 (full 0):
 garbage-first heap   total 77824K, used 51601K [0x0000000080000000, 0x0000000100000000)
  region size 1024K, 2 young (2048K), 2 survivors (2048K)
 Metaspace       used 71368K, committed 73280K, reserved 1114112K
  class space    used 10172K, committed 11072K, reserved 1048576K
}
Event: 296.303 GC heap before
{Heap before GC invocations=36 (full 0):
 garbage-first heap   total 87040K, used 71057K [0x0000000080000000, 0x0000000100000000)
  region size 1024K, 22 young (22528K), 2 survivors (2048K)
 Metaspace       used 71448K, committed 73344K, reserved 1114112K
  class space    used 10172K, committed 11072K, reserved 1048576K
}
Event: 296.320 GC heap after
{Heap after GC invocations=37 (full 0):
 garbage-first heap   total 87040K, used 51816K [0x0000000080000000, 0x0000000100000000)
  region size 1024K, 2 young (2048K), 2 survivors (2048K)
 Metaspace       used 71448K, committed 73344K, reserved 1114112K
  class space    used 10172K, committed 11072K, reserved 1048576K
}
Event: 298.761 GC heap before
{Heap before GC invocations=37 (full 0):
 garbage-first heap   total 87040K, used 78440K [0x0000000080000000, 0x0000000100000000)
  region size 1024K, 29 young (29696K), 2 survivors (2048K)
 Metaspace       used 71575K, committed 73472K, reserved 1114112K
  class space    used 10172K, committed 11072K, reserved 1048576K
}
Event: 298.785 GC heap after
{Heap after GC invocations=38 (full 0):
 garbage-first heap   total 87040K, used 51687K [0x0000000080000000, 0x0000000100000000)
  region size 1024K, 3 young (3072K), 3 survivors (3072K)
 Metaspace       used 71575K, committed 73472K, reserved 1114112K
  class space    used 10172K, committed 11072K, reserved 1048576K
}

Dll operation events (3 events):
Event: 0.881 Loaded shared library C:\Program Files\Android\Android Studio\jbr\bin\java.dll
Event: 1.252 Loaded shared library C:\Program Files\Android\Android Studio\jbr\bin\zip.dll
Event: 39.400 Loaded shared library C:\Program Files\Android\Android Studio\jbr\bin\verify.dll

Deoptimization events (20 events):
Event: 285.131 Thread 0x000002bc65fed1e0 DEOPT PACKING pc=0x000002bc541fa708 sp=0x000000caf7df2e70
Event: 285.132 Thread 0x000002bc65fed1e0 DEOPT UNPACKING pc=0x000002bc539e429c sp=0x000000caf7df2e10 mode 2
Event: 285.138 Thread 0x000002bc65fed1e0 Uncommon trap: trap_request=0xffffff45 fr.pc=0x000002bc53fa547c relative=0x000000000000019c
Event: 285.138 Thread 0x000002bc65fed1e0 Uncommon trap: reason=unstable_if action=reinterpret pc=0x000002bc53fa547c method=org.gradle.internal.snapshot.VfsRelativePath.isPrefix(Ljava/lang/String;ILjava/lang/String;ILorg/gradle/internal/snapshot/CaseSensitivity;)Z @ 101 c2
Event: 285.138 Thread 0x000002bc65fed1e0 DEOPT PACKING pc=0x000002bc53fa547c sp=0x000000caf7df4950
Event: 285.138 Thread 0x000002bc65fed1e0 DEOPT UNPACKING pc=0x000002bc539e429c sp=0x000000caf7df4830 mode 2
Event: 285.139 Thread 0x000002bc65fed1e0 Uncommon trap: trap_request=0xffffff45 fr.pc=0x000002bc540d6b64 relative=0x0000000000000704
Event: 285.139 Thread 0x000002bc65fed1e0 Uncommon trap: reason=unstable_if action=reinterpret pc=0x000002bc540d6b64 method=org.gradle.internal.snapshot.VfsRelativePath.isPrefix(Ljava/lang/String;ILjava/lang/String;ILorg/gradle/internal/snapshot/CaseSensitivity;)Z @ 101 c2
Event: 285.139 Thread 0x000002bc65fed1e0 DEOPT PACKING pc=0x000002bc540d6b64 sp=0x000000caf7df41d0
Event: 285.139 Thread 0x000002bc65fed1e0 DEOPT UNPACKING pc=0x000002bc539e429c sp=0x000000caf7df40f0 mode 2
Event: 285.139 Thread 0x000002bc65fed1e0 Uncommon trap: trap_request=0xffffff45 fr.pc=0x000002bc541f4f78 relative=0x0000000000000818
Event: 285.139 Thread 0x000002bc65fed1e0 Uncommon trap: reason=unstable_if action=reinterpret pc=0x000002bc541f4f78 method=org.gradle.internal.snapshot.VfsRelativePath.isPrefix(Ljava/lang/String;ILjava/lang/String;ILorg/gradle/internal/snapshot/CaseSensitivity;)Z @ 101 c2
Event: 285.139 Thread 0x000002bc65fed1e0 DEOPT PACKING pc=0x000002bc541f4f78 sp=0x000000caf7df4100
Event: 285.139 Thread 0x000002bc65fed1e0 DEOPT UNPACKING pc=0x000002bc539e429c sp=0x000000caf7df40b0 mode 2
Event: 296.168 Thread 0x000002bc65fed1e0 Uncommon trap: trap_request=0xffffffcc fr.pc=0x000002bc5412fd4c relative=0x000000000000020c
Event: 296.168 Thread 0x000002bc65fed1e0 Uncommon trap: reason=intrinsic_or_type_checked_inlining action=make_not_entrant pc=0x000002bc5412fd4c method=java.util.ArrayList.toArray([Ljava/lang/Object;)[Ljava/lang/Object; @ 36 c2
Event: 296.169 Thread 0x000002bc65fed1e0 DEOPT PACKING pc=0x000002bc5412fd4c sp=0x000000caf7df3740
Event: 296.169 Thread 0x000002bc65fed1e0 DEOPT UNPACKING pc=0x000002bc539e429c sp=0x000000caf7df36e0 mode 2
Event: 297.772 Thread 0x000002bc65fed1e0 DEOPT PACKING pc=0x000002bc4cbc0245 sp=0x000000caf7df5ff0
Event: 297.772 Thread 0x000002bc65fed1e0 DEOPT UNPACKING pc=0x000002bc539e4a23 sp=0x000000caf7df5528 mode 0

Classes loaded (20 events):
Event: 274.193 Loading class jdk/internal/logger/LoggerFinderLoader
Event: 274.194 Loading class jdk/internal/logger/LoggerFinderLoader done
Event: 274.195 Loading class jdk/internal/logger/LoggerFinderLoader$TemporaryLoggerFinder
Event: 274.195 Loading class jdk/internal/logger/LoggerFinderLoader$TemporaryLoggerFinder done
Event: 274.196 Loading class sun/util/logging/internal/LoggingProviderImpl$JULWrapper
Event: 274.198 Loading class sun/util/logging/PlatformLogger$ConfigurableBridge$LoggerConfiguration
Event: 274.200 Loading class sun/util/logging/PlatformLogger$ConfigurableBridge$LoggerConfiguration done
Event: 274.200 Loading class sun/util/logging/internal/LoggingProviderImpl$JULWrapper done
Event: 274.202 Loading class java/io/ObjectInputFilter$Config$BuiltinFilterFactory
Event: 274.202 Loading class java/io/ObjectInputFilter$Config$BuiltinFilterFactory done
Event: 274.202 Loading class jdk/internal/access/JavaObjectInputFilterAccess
Event: 274.202 Loading class jdk/internal/access/JavaObjectInputFilterAccess done
Event: 274.203 Loading class jdk/internal/event/DeserializationEvent
Event: 274.209 Loading class jdk/internal/event/DeserializationEvent done
Event: 274.210 Loading class java/io/ObjectInputStream$FieldValues
Event: 274.211 Loading class java/io/ObjectInputStream$GetField
Event: 274.211 Loading class java/io/ObjectInputStream$GetField done
Event: 274.211 Loading class java/io/ObjectInputStream$FieldValues done
Event: 276.646 Loading class java/util/LinkedList$LLSpliterator
Event: 276.650 Loading class java/util/LinkedList$LLSpliterator done

Classes unloaded (0 events):
No events

Classes redefined (0 events):
No events

Internal exceptions (20 events):
Event: 298.358 Thread 0x000002bc65fed1e0 Exception <a 'sun/nio/fs/WindowsException'{0x0000000083c1ffe8}> (0x0000000083c1ffe8) 
thrown [s\src\hotspot\share\prims\jni.cpp, line 537]
Event: 298.388 Thread 0x000002bc6822a3a0 Exception <a 'sun/nio/fs/WindowsException'{0x0000000083c90f98}> (0x0000000083c90f98) 
thrown [s\src\hotspot\share\prims\jni.cpp, line 537]
Event: 298.405 Thread 0x000002bc65fed1e0 Exception <a 'sun/nio/fs/WindowsException'{0x0000000083b01910}> (0x0000000083b01910) 
thrown [s\src\hotspot\share\prims\jni.cpp, line 537]
Event: 298.439 Thread 0x000002bc6822a3a0 Exception <a 'sun/nio/fs/WindowsException'{0x0000000083b9d850}> (0x0000000083b9d850) 
thrown [s\src\hotspot\share\prims\jni.cpp, line 537]
Event: 298.452 Thread 0x000002bc65fed1e0 Exception <a 'sun/nio/fs/WindowsException'{0x0000000083bd6d08}> (0x0000000083bd6d08) 
thrown [s\src\hotspot\share\prims\jni.cpp, line 537]
Event: 298.481 Thread 0x000002bc6822a3a0 Exception <a 'sun/nio/fs/WindowsException'{0x0000000083aa2198}> (0x0000000083aa2198) 
thrown [s\src\hotspot\share\prims\jni.cpp, line 537]
Event: 298.486 Thread 0x000002bc65fed1e0 Exception <a 'sun/nio/fs/WindowsException'{0x0000000083ab7a20}> (0x0000000083ab7a20) 
thrown [s\src\hotspot\share\prims\jni.cpp, line 537]
Event: 298.546 Thread 0x000002bc6822a3a0 Exception <a 'sun/nio/fs/WindowsException'{0x00000000839ae6c0}> (0x00000000839ae6c0) 
thrown [s\src\hotspot\share\prims\jni.cpp, line 537]
Event: 298.546 Thread 0x000002bc65fed1e0 Exception <a 'sun/nio/fs/WindowsException'{0x0000000083964518}> (0x0000000083964518) 
thrown [s\src\hotspot\share\prims\jni.cpp, line 537]
Event: 298.586 Thread 0x000002bc6822a3a0 Exception <a 'sun/nio/fs/WindowsException'{0x000000008384d908}> (0x000000008384d908) 
thrown [s\src\hotspot\share\prims\jni.cpp, line 537]
Event: 298.622 Thread 0x000002bc65fed1e0 Exception <a 'sun/nio/fs/WindowsException'{0x000000008388e800}> (0x000000008388e800) 
thrown [s\src\hotspot\share\prims\jni.cpp, line 537]
Event: 298.670 Thread 0x000002bc6822a3a0 Exception <a 'sun/nio/fs/WindowsException'{0x000000008374fe88}> (0x000000008374fe88) 
thrown [s\src\hotspot\share\prims\jni.cpp, line 537]
Event: 298.705 Thread 0x000002bc6822a3a0 Exception <a 'sun/nio/fs/WindowsException'{0x00000000837c6f08}> (0x00000000837c6f08) 
thrown [s\src\hotspot\share\prims\jni.cpp, line 537]
Event: 298.735 Thread 0x000002bc65fed1e0 Exception <a 'sun/nio/fs/WindowsException'{0x00000000837f52b0}> (0x00000000837f52b0) 
thrown [s\src\hotspot\share\prims\jni.cpp, line 537]
Event: 299.020 Thread 0x000002bc65fed1e0 Exception <a 'sun/nio/fs/WindowsException'{0x00000000fff8a990}> (0x00000000fff8a990) 
thrown [s\src\hotspot\share\prims\jni.cpp, line 537]
Event: 299.029 Thread 0x000002bc6822a3a0 Exception <a 'sun/nio/fs/WindowsException'{0x000000008530aa88}> (0x000000008530aa88) 
thrown [s\src\hotspot\share\prims\jni.cpp, line 537]
Event: 299.126 Thread 0x000002bc6822a3a0 Exception <a 'sun/nio/fs/WindowsException'{0x00000000853892e8}> (0x00000000853892e8) 
thrown [s\src\hotspot\share\prims\jni.cpp, line 537]
Event: 299.239 Thread 0x000002bc6822a3a0 Exception <a 'sun/nio/fs/WindowsException'{0x0000000085206b78}> (0x0000000085206b78) 
thrown [s\src\hotspot\share\prims\jni.cpp, line 537]
Event: 299.315 Thread 0x000002bc6822a3a0 Exception <a 'sun/nio/fs/WindowsException'{0x00000000852730f8}> (0x00000000852730f8) 
thrown [s\src\hotspot\share\prims\jni.cpp, line 537]
Event: 299.370 Thread 0x000002bc6822a3a0 Exception <a 'sun/nio/fs/WindowsException'{0x00000000852f0b40}> (0x00000000852f0b40) 
thrown [s\src\hotspot\share\prims\jni.cpp, line 537]

ZGC Phase Switch (0 events):
No events

VM Operations (20 events):
Event: 290.804 Executing VM operation: G1PauseCleanup
Event: 290.818 Executing VM operation: G1PauseCleanup done
Event: 291.830 Executing VM operation: Cleanup
Event: 291.830 Executing VM operation: Cleanup done
Event: 292.831 Executing VM operation: Cleanup
Event: 292.848 Executing VM operation: Cleanup done
Event: 293.863 Executing VM operation: Cleanup
Event: 293.865 Executing VM operation: Cleanup done
Event: 294.870 Executing VM operation: Cleanup
Event: 294.872 Executing VM operation: Cleanup done
Event: 295.887 Executing VM operation: Cleanup
Event: 295.891 Executing VM operation: Cleanup done
Event: 296.303 Executing VM operation: G1CollectForAllocation (G1 Evacuation Pause)
Event: 296.320 Executing VM operation: G1CollectForAllocation (G1 Evacuation Pause) done
Event: 297.334 Executing VM operation: Cleanup
Event: 297.347 Executing VM operation: Cleanup done
Event: 298.349 Executing VM operation: Cleanup
Event: 298.350 Executing VM operation: Cleanup done
Event: 298.749 Executing VM operation: G1CollectForAllocation (G1 Evacuation Pause)
Event: 298.785 Executing VM operation: G1CollectForAllocation (G1 Evacuation Pause) done

Memory protections (0 events):
No events

Nmethod flushes (20 events):
Event: 290.632 Thread 0x000002bc5fbb3f90 flushing  nmethod 0x000002bc4c61bc10
Event: 290.632 Thread 0x000002bc5fbb3f90 flushing  nmethod 0x000002bc4c61d210
Event: 290.632 Thread 0x000002bc5fbb3f90 flushing  nmethod 0x000002bc4c661610
Event: 290.632 Thread 0x000002bc5fbb3f90 flushing  nmethod 0x000002bc4c6a6d10
Event: 290.632 Thread 0x000002bc5fbb3f90 flushing  nmethod 0x000002bc4c6b4a90
Event: 290.632 Thread 0x000002bc5fbb3f90 flushing  nmethod 0x000002bc4c704890
Event: 290.632 Thread 0x000002bc5fbb3f90 flushing  nmethod 0x000002bc4c74e310
Event: 290.632 Thread 0x000002bc5fbb3f90 flushing  nmethod 0x000002bc4c750110
Event: 290.632 Thread 0x000002bc5fbb3f90 flushing  nmethod 0x000002bc4c7c4e10
Event: 290.632 Thread 0x000002bc5fbb3f90 flushing  nmethod 0x000002bc4c887910
Event: 290.632 Thread 0x000002bc5fbb3f90 flushing  nmethod 0x000002bc4c90a790
Event: 290.632 Thread 0x000002bc5fbb3f90 flushing  nmethod 0x000002bc4ca34490
Event: 290.632 Thread 0x000002bc5fbb3f90 flushing  nmethod 0x000002bc4cb3b290
Event: 290.632 Thread 0x000002bc5fbb3f90 flushing  nmethod 0x000002bc4cb42890
Event: 290.632 Thread 0x000002bc5fbb3f90 flushing  nmethod 0x000002bc4cb9ce90
Event: 290.632 Thread 0x000002bc5fbb3f90 flushing  nmethod 0x000002bc4cc7ed10
Event: 290.632 Thread 0x000002bc5fbb3f90 flushing  nmethod 0x000002bc4ccb0a90
Event: 290.632 Thread 0x000002bc5fbb3f90 flushing  nmethod 0x000002bc4cce0110
Event: 290.632 Thread 0x000002bc5fbb3f90 flushing  nmethod 0x000002bc4ce37790
Event: 290.632 Thread 0x000002bc5fbb3f90 flushing  nmethod 0x000002bc4ce43310

Events (20 events):
Event: 156.164 Thread 0x000002bc65fed1e0 Thread added: 0x000002bc675ff370
Event: 198.087 Thread 0x000002bc65fed1e0 Thread added: 0x000002bc675ffa00
Event: 198.475 Thread 0x000002bc65fed1e0 Thread added: 0x000002bc675fdfc0
Event: 207.274 Thread 0x000002bc65fed1e0 Thread added: 0x000002bc675fe650
Event: 207.427 Thread 0x000002bc65fed1e0 Thread added: 0x000002bc675fc580
Event: 210.759 Thread 0x000002bc65fed1e0 Thread added: 0x000002bc67601ad0
Event: 211.589 Thread 0x000002bc65fed1e0 Thread added: 0x000002bc676027f0
Event: 216.966 Thread 0x000002bc65fed1e0 Thread added: 0x000002bc67600090
Event: 218.104 Thread 0x000002bc65fed1e0 Thread added: 0x000002bc67603ba0
Event: 220.715 Thread 0x000002bc65fed1e0 Thread added: 0x000002bc67602160
Event: 221.292 Thread 0x000002bc65fed1e0 Thread added: 0x000002bc67601440
Event: 240.086 Thread 0x000002bc65fed1e0 Thread added: 0x000002bc67603510
Event: 243.974 Thread 0x000002bc65fed1e0 Thread added: 0x000002bc67600db0
Event: 251.073 Thread 0x000002bc65fed1e0 Thread added: 0x000002bc67600720
Event: 261.683 Thread 0x000002bc65fed1e0 Thread added: 0x000002bc68229680
Event: 261.907 Thread 0x000002bc65fed1e0 Thread added: 0x000002bc68227c40
Event: 262.155 Thread 0x000002bc65fed1e0 Thread added: 0x000002bc68226200
Event: 277.251 Thread 0x000002bc65fed1e0 Thread added: 0x000002bc68228960
Event: 285.126 Thread 0x000002bc65fed1e0 Thread added: 0x000002bc682282d0
Event: 297.812 Thread 0x000002bc65fed1e0 Thread added: 0x000002bc6822a3a0


Dynamic libraries:
0x00007ff663020000 - 0x00007ff66302a000 	C:\Program Files\Android\Android Studio\jbr\bin\java.exe
0x00007ffa005c0000 - 0x00007ffa00827000 	C:\WINDOWS\SYSTEM32\ntdll.dll
0x00007ff9feba0000 - 0x00007ff9fec69000 	C:\WINDOWS\System32\KERNEL32.DLL
0x00007ff9fd350000 - 0x00007ff9fd744000 	C:\WINDOWS\System32\KERNELBASE.dll
0x00007ff9fcf40000 - 0x00007ff9fd08b000 	C:\WINDOWS\System32\ucrtbase.dll
0x00007ff9d8c60000 - 0x00007ff9d8c78000 	C:\Program Files\Android\Android Studio\jbr\bin\jli.dll
0x00007ff9e5bf0000 - 0x00007ff9e5c0b000 	C:\Program Files\Android\Android Studio\jbr\bin\VCRUNTIME140.dll
0x00007ff9ffb30000 - 0x00007ff9ffcf5000 	C:\WINDOWS\System32\USER32.dll
0x00007ff9fe140000 - 0x00007ff9fe167000 	C:\WINDOWS\System32\win32u.dll
0x00007ff9fee80000 - 0x00007ff9feeab000 	C:\WINDOWS\System32\GDI32.dll
0x00007ff9fe220000 - 0x00007ff9fe34b000 	C:\WINDOWS\System32\gdi32full.dll
0x00007ff9fe170000 - 0x00007ff9fe213000 	C:\WINDOWS\System32\msvcp_win.dll
0x00007ff9dc460000 - 0x00007ff9dc6f3000 	C:\WINDOWS\WinSxS\amd64_microsoft.windows.common-controls_6595b64144ccf1df_6.0.26100.8115_none_3e075c82e3354f9c\COMCTL32.dll
0x00007ff9fe3e0000 - 0x00007ff9fe489000 	C:\WINDOWS\System32\msvcrt.dll
0x00007ff9fe630000 - 0x00007ff9fe662000 	C:\WINDOWS\System32\IMM32.DLL
0x00007ff9ecad0000 - 0x00007ff9ecadc000 	C:\Program Files\Android\Android Studio\jbr\bin\vcruntime140_1.dll
0x00007ff9d38a0000 - 0x00007ff9d392d000 	C:\Program Files\Android\Android Studio\jbr\bin\msvcp140.dll
0x00007ff97b560000 - 0x00007ff97c1f6000 	C:\Program Files\Android\Android Studio\jbr\bin\server\jvm.dll
0x00007ff9fec70000 - 0x00007ff9fed26000 	C:\WINDOWS\System32\ADVAPI32.dll
0x00007ff9fed40000 - 0x00007ff9fede7000 	C:\WINDOWS\System32\sechost.dll
0x00007ff9fea80000 - 0x00007ff9feb98000 	C:\WINDOWS\System32\RPCRT4.dll
0x00007ff9fedf0000 - 0x00007ff9fee70000 	C:\WINDOWS\System32\WS2_32.dll
0x00007ff9fcd10000 - 0x00007ff9fcd6e000 	C:\WINDOWS\SYSTEM32\POWRPROF.dll
0x00007ff9ec080000 - 0x00007ff9ec08b000 	C:\WINDOWS\SYSTEM32\VERSION.dll
0x00007ff9d90f0000 - 0x00007ff9d9126000 	C:\WINDOWS\SYSTEM32\WINMM.dll
0x00007ff9fccf0000 - 0x00007ff9fcd04000 	C:\WINDOWS\SYSTEM32\UMPDC.dll
0x00007ff9fbc20000 - 0x00007ff9fbc3b000 	C:\WINDOWS\SYSTEM32\kernel.appcore.dll
0x00007ff9e7db0000 - 0x00007ff9e7dba000 	C:\Program Files\Android\Android Studio\jbr\bin\jimage.dll
0x00007ff9faf30000 - 0x00007ff9fb172000 	C:\WINDOWS\SYSTEM32\DBGHELP.DLL
0x00007ff9ff570000 - 0x00007ff9ff8f2000 	C:\WINDOWS\System32\combase.dll
0x00007ff9fe940000 - 0x00007ff9fea18000 	C:\WINDOWS\System32\OLEAUT32.dll
0x00007ff9e7d70000 - 0x00007ff9e7dab000 	C:\WINDOWS\SYSTEM32\dbgcore.DLL
0x00007ff9fce90000 - 0x00007ff9fcf35000 	C:\WINDOWS\System32\bcryptPrimitives.dll
0x00007ff9ebcd0000 - 0x00007ff9ebcde000 	C:\Program Files\Android\Android Studio\jbr\bin\instrument.dll
0x00007ff9dd710000 - 0x00007ff9dd730000 	C:\Program Files\Android\Android Studio\jbr\bin\java.dll
0x00007ff9da380000 - 0x00007ff9da398000 	C:\Program Files\Android\Android Studio\jbr\bin\zip.dll
0x00007ff9ffe00000 - 0x00007ffa00567000 	C:\WINDOWS\System32\SHELL32.dll
0x00007ff9fd090000 - 0x00007ff9fd1fa000 	C:\WINDOWS\System32\wintypes.dll
0x00007ff9fd8d0000 - 0x00007ff9fe138000 	C:\WINDOWS\System32\windows.storage.dll
0x00007ff9ffd00000 - 0x00007ff9ffdf8000 	C:\WINDOWS\System32\SHCORE.dll
0x00007ff9fe6f0000 - 0x00007ff9fe756000 	C:\WINDOWS\System32\shlwapi.dll
0x00007ff9fcdb0000 - 0x00007ff9fcdd9000 	C:\WINDOWS\SYSTEM32\profapi.dll
0x00007ff9df790000 - 0x00007ff9df7a0000 	C:\Program Files\Android\Android Studio\jbr\bin\net.dll
0x00007ff9ed8b0000 - 0x00007ff9ed9dd000 	C:\WINDOWS\SYSTEM32\WINHTTP.dll
0x00007ff9fc190000 - 0x00007ff9fc1fc000 	C:\WINDOWS\system32\mswsock.dll
0x00007ff9d8cb0000 - 0x00007ff9d8cc6000 	C:\Program Files\Android\Android Studio\jbr\bin\nio.dll
0x00007ff9d9ec0000 - 0x00007ff9d9ed0000 	C:\Program Files\Android\Android Studio\jbr\bin\verify.dll
0x00007ff9df040000 - 0x00007ff9df067000 	C:\Users\ofent\.gradle\native\660c5614fbf4a5f2a75b1949f50a0caf5cd603558e7d8a26e50b933a0cfb79d1\windows-amd64\native-platform.dll
0x00007ff9dd7c0000 - 0x00007ff9dd837000 	C:\Users\ofent\.gradle\native\0.2.8\x86_64-windows-gnu\gradle-fileevents.dll
0x00007ff9de5c0000 - 0x00007ff9de5c9000 	C:\Program Files\Android\Android Studio\jbr\bin\management.dll
0x00007ff9dd700000 - 0x00007ff9dd70b000 	C:\Program Files\Android\Android Studio\jbr\bin\management_ext.dll
0x00007ffa00570000 - 0x00007ffa00578000 	C:\WINDOWS\System32\PSAPI.DLL
0x00007ff9fb6d0000 - 0x00007ff9fb702000 	C:\WINDOWS\SYSTEM32\IPHLPAPI.DLL
0x00007ff9fe760000 - 0x00007ff9fe76a000 	C:\WINDOWS\System32\NSI.dll
0x00007ff9df030000 - 0x00007ff9df039000 	C:\Program Files\Android\Android Studio\jbr\bin\extnet.dll
0x00007ff9fc470000 - 0x00007ff9fc48b000 	C:\WINDOWS\SYSTEM32\CRYPTSP.dll
0x00007ff9fbb80000 - 0x00007ff9fbbb9000 	C:\WINDOWS\system32\rsaenh.dll
0x00007ff9fc240000 - 0x00007ff9fc273000 	C:\WINDOWS\SYSTEM32\USERENV.dll
0x00007ff9fcd80000 - 0x00007ff9fcdaa000 	C:\WINDOWS\SYSTEM32\bcrypt.dll
0x00007ff9fc490000 - 0x00007ff9fc49c000 	C:\WINDOWS\SYSTEM32\CRYPTBASE.dll
0x00007ff9da050000 - 0x00007ff9da058000 	C:\WINDOWS\system32\wshunix.dll

JVMTI agents:
C:\Users\ofent\.gradle\wrapper\dists\gradle-9.3.1-bin\23ovyewtku6u96viwx3xl3oks\gradle-9.3.1\lib\agents\gradle-instrumentation-agent-9.3.1.jar path:C:\Program Files\Android\Android Studio\jbr\bin\instrument.dll, loaded, initialized, instrumentlib options:none

dbghelp: loaded successfully - version: 4.0.5 - missing functions: none
symbol engine: initialized successfully - sym options: 0x614 - pdb path: .;C:\Program Files\Android\Android Studio\jbr\bin;C:\WINDOWS\SYSTEM32;C:\WINDOWS\WinSxS\amd64_microsoft.windows.common-controls_6595b64144ccf1df_6.0.26100.8115_none_3e075c82e3354f9c;C:\Program Files\Android\Android Studio\jbr\bin\server;C:\Users\ofent\.gradle\native\660c5614fbf4a5f2a75b1949f50a0caf5cd603558e7d8a26e50b933a0cfb79d1\windows-amd64;C:\Users\ofent\.gradle\native\0.2.8\x86_64-windows-gnu

VM Arguments:
jvm_args: --add-opens=java.base/java.lang=ALL-UNNAMED --add-opens=java.base/java.lang.invoke=ALL-UNNAMED --add-opens=java.base/java.util=ALL-UNNAMED --add-opens=java.prefs/java.util.prefs=ALL-UNNAMED --add-exports=jdk.compiler/com.sun.tools.javac.api=ALL-UNNAMED --add-exports=jdk.compiler/com.sun.tools.javac.util=ALL-UNNAMED --add-opens=java.base/java.util=ALL-UNNAMED --add-opens=java.prefs/java.util.prefs=ALL-UNNAMED --add-opens=java.base/java.nio.charset=ALL-UNNAMED --add-opens=java.base/java.net=ALL-UNNAMED --add-opens=java.base/java.util.concurrent=ALL-UNNAMED --add-opens=java.base/java.util.concurrent.atomic=ALL-UNNAMED --add-opens=java.xml/javax.xml.namespace=ALL-UNNAMED --add-opens=java.base/java.time=ALL-UNNAMED -Xmx2048m -Dfile.encoding=UTF-8 -Duser.country=ZA -Duser.language=en -Duser.variant -javaagent:C:\Users\ofent\.gradle\wrapper\dists\gradle-9.3.1-bin\23ovyewtku6u96viwx3xl3oks\gradle-9.3.1\lib\agents\gradle-instrumentation-agent-9.3.1.jar 
java_command: org.gradle.launcher.daemon.bootstrap.GradleDaemon 9.3.1
java_class_path (initial): C:\Users\ofent\.gradle\wrapper\dists\gradle-9.3.1-bin\23ovyewtku6u96viwx3xl3oks\gradle-9.3.1\lib\gradle-daemon-main-9.3.1.jar
Launcher Type: SUN_STANDARD

[Global flags]
     intx CICompilerCount                          = 2                                         {product} {ergonomic}
     uint ConcGCThreads                            = 1                                         {product} {ergonomic}
     uint G1ConcRefinementThreads                  = 2                                         {product} {ergonomic}
   size_t G1HeapRegionSize                         = 1048576                                   {product} {ergonomic}
    uintx GCDrainStackTargetSize                   = 64                                        {product} {ergonomic}
   size_t InitialHeapSize                          = 65011712                                  {product} {ergonomic}
   size_t MarkStackSize                            = 4194304                                   {product} {ergonomic}
   size_t MaxHeapSize                              = 2147483648                                {product} {command line}
   size_t MaxNewSize                               = 1287651328                                {product} {ergonomic}
   size_t MinHeapDeltaBytes                        = 1048576                                   {product} {ergonomic}
   size_t MinHeapSize                              = 8388608                                   {product} {ergonomic}
    uintx NonNMethodCodeHeapSize                   = 5826188                                {pd product} {ergonomic}
    uintx NonProfiledCodeHeapSize                  = 122916026                              {pd product} {ergonomic}
    uintx ProfiledCodeHeapSize                     = 122916026                              {pd product} {ergonomic}
    uintx ReservedCodeCacheSize                    = 251658240                              {pd product} {ergonomic}
     bool SegmentedCodeCache                       = true                                      {product} {ergonomic}
   size_t SoftMaxHeapSize                          = 2147483648                             {manageable} {ergonomic}
     bool UseCompressedOops                        = true                           {product lp64_product} {ergonomic}
     bool UseG1GC                                  = true                                      {product} {ergonomic}
     bool UseLargePagesIndividualAllocation        = false                                  {pd product} {ergonomic}

Logging:
Log output configuration:
 #0: stdout all=warning uptime,level,tags foldmultilines=false
 #1: stderr all=off uptime,level,tags foldmultilines=false

Release file:
JAVA_VERSION="21.0.9" 
MODULES="java.base java.compiler java.datatransfer java.xml java.prefs java.desktop java.instrument java.logging java.management java.security.sasl java.naming java.rmi java.management.rmi java.net.http java.scripting java.security.jgss java.transaction.xa java.sql java.sql.rowset java.xml.crypto java.se java.smartcardio jdk.accessibility jdk.internal.jvmstat jdk.attach jdk.charsets jdk.internal.opt jdk.zipfs jdk.compiler jdk.crypto.ec jdk.crypto.cryptoki jdk.dynalink jdk.hotspot.agent jdk.httpserver jdk.internal.ed jdk.internal.le jdk.internal.vm.ci jdk.jartool jdk.javadoc jdk.jcmd jdk.jdeps jdk.jdwp.agent jdk.jdi jdk.jfr jdk.jlink jdk.jsobject jdk.localedata jdk.management jdk.management.agent jdk.management.jfr jdk.naming.dns jdk.naming.rmi jdk.net jdk.sctp jdk.security.auth jdk.security.jgss jdk.unsupported jdk.unsupported.desktop jdk.xml.dom" 
IMPLEMENTOR="JetBrains s.r.o." 
JAVA_RUNTIME_VERSION="21.0.9+-14787801-b1163.94" 
LIBC="default" 
OS_ARCH="x86_64" 
OS_NAME="Windows" 
SOURCE=".:git:0c757ddc9f2f" 

Environment Variables:
PATH=C:\WINDOWS\system32;C:\WINDOWS;C:\WINDOWS\System32\Wbem;C:\WINDOWS\System32\WindowsPowerShell\v1.0\;C:\WINDOWS\System32\OpenSSH\;C:\Users\ofent\AppData\Local\Microsoft\WindowsApps;C:\Users\ofent\AppData\Local\Programs\Microsoft VS Code\bin;
USERNAME=ofent
OS=Windows_NT
PROCESSOR_IDENTIFIER=Intel64 Family 6 Model 122 Stepping 8, GenuineIntel
TMP=C:\Users\ofent\AppData\Local\Temp
TEMP=C:\Users\ofent\AppData\Local\Temp




Periodic native trim disabled

JNI global refs:
JNI global refs: 27, weak refs: 3

JNI global refs memory usage: 835, weak refs: 833

Process memory usage:
Resident Set Size: 219816K (5% of 4014332K total physical memory with 274952K free physical memory)

OOME stack traces (most recent first):
Classloader memory used:
Loader org.gradle.internal.classloader.VisitableURLClassLoader                         : 37022K
Loader bootstrap                                                                       : 22627K
Loader org.gradle.initialization.MixInLegacyTypesClassLoader                           : 11149K
Loader jdk.internal.loader.ClassLoaders$AppClassLoader                                 : 229K
Loader jdk.internal.loader.ClassLoaders$PlatformClassLoader                            : 147K
Loader jdk.internal.reflect.DelegatingClassLoader                                      : 124K
Loader org.gradle.internal.classloader.VisitableURLClassLoader                         : 107K
Loader org.gradle.groovy.scripts.internal.DefaultScriptCompilationHandler$ScriptClassLoader: 104K
Loader org.gradle.internal.classloader.VisitableURLClassLoader$InstrumentingVisitableURLClassLoader: 62536B

Classes loaded by more than one classloader:
Class Program                                                                         : loaded 3 times (x 72B)
Class org.gradle.internal.classloader.ClassLoaderHierarchy                            : loaded 2 times (x 70B)
Class org.gradle.api.internal.classpath.ManifestUtil                                  : loaded 2 times (x 71B)
Class org.gradle.internal.classloader.DefaultClassLoaderFactory                       : loaded 2 times (x 82B)
Class org.gradle.internal.classloader.ClassLoaderVisitor                              : loaded 2 times (x 76B)
Class ijJvmDebugger1_d9f3m6wnh040yilnjyq4au90o                                        : loaded 2 times (x 171B)
Class org.gradle.api.internal.classpath.EffectiveClassPath                            : loaded 2 times (x 90B)
Class org.gradle.api.internal.DefaultClassPathProvider                                : loaded 2 times (x 76B)
Class [Lorg.gradle.api.internal.ClassPathProvider;                                    : loaded 2 times (x 69B)
Class org.gradle.api.internal.ClassPathProvider                                       : loaded 2 times (x 70B)
Class org.gradle.internal.service.UnknownServiceException                             : loaded 2 times (x 83B)
Class org.gradle.internal.classpath.TransformedClassPath                              : loaded 2 times (x 96B)
Class org.gradle.internal.classloader.InstrumentingClassLoader                        : loaded 2 times (x 70B)
Class ijKotlinCoroutineJvmDebugInit1_d5ce3atgfsfboowxd6jrrjpmg$_run_closure1          : loaded 2 times (x 139B)
Class org.gradle.internal.service.ServiceLocator                                      : loaded 2 times (x 70B)
Class org.gradle.internal.classloader.ClasspathUtil$1                                 : loaded 2 times (x 76B)
Class org.gradle.api.internal.classpath.DefaultModuleRegistry$DefaultModule           : loaded 2 times (x 86B)
Class org.gradle.api.internal.classpath.Module                                        : loaded 2 times (x 70B)
Class org.gradle.api.internal.classpath.UnknownModuleException                        : loaded 2 times (x 82B)
Class ijKotlinCoroutineJvmDebugInit1_d5ce3atgfsfboowxd6jrrjpmg$_run_closure1$_closure2: loaded 2 times (x 139B)
Class org.gradle.api.internal.DefaultClassPathRegistry                                : loaded 2 times (x 76B)
Class org.gradle.api.internal.ClassPathRegistry                                       : loaded 2 times (x 70B)
Class org.gradle.internal.classpath.DefaultClassPath$ImmutableUniqueList              : loaded 2 times (x 199B)
Class org.gradle.internal.classloader.FilteringClassLoader                            : loaded 2 times (x 105B)
Class Settings_gradle$1                                                               : loaded 2 times (x 74B)
Class org.gradle.internal.classpath.ClassPath                                         : loaded 2 times (x 70B)
Class org.gradle.api.internal.classpath.ModuleRegistry                                : loaded 2 times (x 70B)
Class org.gradle.internal.installation.GradleInstallation$1                           : loaded 2 times (x 75B)
Class org.gradle.api.internal.classpath.DefaultModuleRegistry                         : loaded 2 times (x 86B)
Class org.gradle.internal.service.ServiceLookupException                              : loaded 2 times (x 82B)
Class org.gradle.internal.classloader.ClassLoaderFactory                              : loaded 2 times (x 70B)
Class org.gradle.internal.service.CachingServiceLocator                               : loaded 2 times (x 82B)
Class org.gradle.internal.classloader.ClasspathUtil                                   : loaded 2 times (x 71B)
Class org.gradle.api.specs.Spec                                                       : loaded 2 times (x 70B)
Class org.gradle.internal.classloader.VisitableURLClassLoader$InstrumentingVisitableURLClassLoader: loaded 2 times (x 123B)
Class org.gradle.internal.classloader.VisitableURLClassLoader$Spec                    : loaded 2 times (x 74B)
Class org.gradle.internal.classpath.DefaultClassPath                                  : loaded 2 times (x 90B)
Class org.gradle.internal.classloader.ClassLoaderSpec                                 : loaded 2 times (x 71B)
Class Settings_gradle$1$1                                                             : loaded 2 times (x 74B)
Class org.gradle.internal.classloader.VisitableURLClassLoader                         : loaded 2 times (x 117B)
Class Settings_gradle                                                                 : loaded 2 times (x 124B)
Class org.gradle.internal.Cast                                                        : loaded 2 times (x 71B)
Class org.gradle.api.Action                                                           : loaded 2 times (x 70B)
Class ijJvmDebugger1_d9f3m6wnh040yilnjyq4au90o$_run_closure1                          : loaded 2 times (x 139B)
Class org.gradle.internal.classpath.DefaultClassPath$ImmutableUniqueList$Builder      : loaded 2 times (x 75B)
Class org.gradle.api.GradleException                                                  : loaded 2 times (x 82B)
Class org.gradle.internal.IoActions                                                   : loaded 2 times (x 71B)
Class ijKotlinCoroutineJvmDebugInit1_d5ce3atgfsfboowxd6jrrjpmg                        : loaded 2 times (x 171B)
Class org.gradle.internal.classloader.SystemClassLoaderSpec                           : loaded 2 times (x 71B)
Class org.gradle.api.internal.classpath.GlobalCacheRootsProvider                      : loaded 2 times (x 70B)
Class org.gradle.internal.installation.CurrentGradleInstallationLocator               : loaded 2 times (x 71B)
Class org.gradle.internal.service.DefaultServiceLocator                               : loaded 2 times (x 83B)
Class org.gradle.internal.installation.CurrentGradleInstallation                      : loaded 2 times (x 73B)
Class org.gradle.util.internal.GUtil                                                  : loaded 2 times (x 71B)
Class org.gradle.internal.installation.GradleInstallation                             : loaded 2 times (x 75B)
Class ijJvmDebugger1_d9f3m6wnh040yilnjyq4au90o$_run_closure1$_closure2                : loaded 2 times (x 140B)

---------------  S Y S T E M  ---------------

OS:
 Windows 11 , 64 bit Build 26100 (10.0.26100.8246)
OS uptime: 9 days 2:40 hours

CPU: total 2 (initial active 2) (2 cores per cpu, 1 threads per core) family 6 model 122 stepping 8 microcode 0x18, cx8, cmov, fxsr, mmx, 3dnowpref, sse, sse2, sse3, ssse3, sse4.1, sse4.2, popcnt, tsc, tscinvbit, aes, erms, clmul, sha, clflush, clflushopt, rdtscp, rdpid
Processor Information for the first 2 processors :
  Max Mhz: 1100, Current Mhz: 1100, Mhz Limit: 1100

Memory: 4k page, system-wide physical 3920M (268M free)
TotalPageFile size 11236M (AvailPageFile size 4M)
current process WorkingSet (physical memory assigned to process): 217M, peak: 217M
current process commit charge ("private bytes"): 294M, peak: 294M

vm_info: OpenJDK 64-Bit Server VM (21.0.9+-14787801-b1163.94) for windows-amd64 JRE (21.0.9+-14787801-b1163.94), built on 2026-01-27T21:15:44Z by "builder" with MS VC++ 16.10 / 16.11 (VS2019)

END.
