#
# There is insufficient memory for the Java Runtime Environment to continue.
# Native memory allocation (malloc) failed to allocate 1139696 bytes. Error detail: Chunk::new
# Possible reasons:
#   The system is out of physical RAM or swap space
#   This process is running with CompressedOops enabled, and the Java Heap may be blocking the growth of the native heap
# Possible solutions:
#   Reduce memory load on the system
#   Increase physical memory or swap space
#   Check if swap backing store is full
#   Decrease Java heap size (-Xmx/-Xms)
#   Decrease number of Java threads
#   Decrease Java thread stack sizes (-Xss)
#   Set larger code cache with -XX:ReservedCodeCacheSize=
#   JVM is running with Unscaled Compressed Oops mode in which the Java heap is
#     placed in the first 4GB address space. The Java Heap base address is the
#     maximum limit for the native heap growth. Please use -XX:HeapBaseMinAddress
#     to set the Java Heap base and to place the Java Heap above 4GB virtual address.
# This output file may be truncated or incomplete.
#
#  Out of Memory Error (arena.cpp:168), pid=18052, tid=15720
#
# JRE version: OpenJDK Runtime Environment (21.0.9) (build 21.0.9+-14787801-b1163.94)
# Java VM: OpenJDK 64-Bit Server VM (21.0.9+-14787801-b1163.94, mixed mode, tiered, compressed oops, compressed class ptrs, g1 gc, windows-amd64)
# No core dump will be written. Minidumps are not enabled by default on client versions of Windows
#

---------------  S U M M A R Y ------------

Command Line: --add-opens=java.base/java.lang=ALL-UNNAMED --add-opens=java.base/java.lang.invoke=ALL-UNNAMED --add-opens=java.base/java.util=ALL-UNNAMED --add-opens=java.prefs/java.util.prefs=ALL-UNNAMED --add-exports=jdk.compiler/com.sun.tools.javac.api=ALL-UNNAMED --add-exports=jdk.compiler/com.sun.tools.javac.util=ALL-UNNAMED --add-opens=java.base/java.util=ALL-UNNAMED --add-opens=java.prefs/java.util.prefs=ALL-UNNAMED --add-opens=java.base/java.nio.charset=ALL-UNNAMED --add-opens=java.base/java.net=ALL-UNNAMED --add-opens=java.base/java.util.concurrent=ALL-UNNAMED --add-opens=java.base/java.util.concurrent.atomic=ALL-UNNAMED --add-opens=java.xml/javax.xml.namespace=ALL-UNNAMED --add-opens=java.base/java.time=ALL-UNNAMED -Xmx2048m -Dfile.encoding=UTF-8 -Duser.country=ZA -Duser.language=en -Duser.variant -javaagent:C:\Users\ofent\.gradle\wrapper\dists\gradle-9.3.1-bin\23ovyewtku6u96viwx3xl3oks\gradle-9.3.1\lib\agents\gradle-instrumentation-agent-9.3.1.jar org.gradle.launcher.daemon.bootstrap.GradleDaemon 9.3.1

Host: Intel(R) Celeron(R) N4020 CPU @ 1.10GHz, 2 cores, 3G,  Windows 11 , 64 bit Build 26100 (10.0.26100.8246)
Time: Tue Apr 28 21:46:31 2026 South Africa Standard Time elapsed time: 60.034751 seconds (0d 0h 1m 0s)

---------------  T H R E A D  ---------------

Current thread (0x000002777da0b8c0):  JavaThread "C2 CompilerThread0" daemon [_thread_in_native, id=15720, stack(0x000000fb8b200000,0x000000fb8b300000) (1024K)]


Current CompileTask:
C2:60035 4279 %     4       jdk.internal.loader.URLClassPath::getResource @ 39 (74 bytes)

Stack: [0x000000fb8b200000,0x000000fb8b300000]
Native frames: (J=compiled Java code, j=interpreted, Vv=VM code, C=native code)
V  [jvm.dll+0x6d6c99]
V  [jvm.dll+0x866b83]
V  [jvm.dll+0x8691ae]
V  [jvm.dll+0x869893]
V  [jvm.dll+0x280776]
V  [jvm.dll+0xc07cd]
V  [jvm.dll+0xc0d03]
V  [jvm.dll+0x3b9831]
V  [jvm.dll+0x3856a7]
V  [jvm.dll+0x384b1a]
V  [jvm.dll+0x249462]
V  [jvm.dll+0x248a31]
V  [jvm.dll+0x1c7344]
V  [jvm.dll+0x2581ae]
V  [jvm.dll+0x2566f6]
V  [jvm.dll+0x3f48a6]
V  [jvm.dll+0x80f118]
V  [jvm.dll+0x6d54ed]
C  [ucrtbase.dll+0x37b0]
C  [KERNEL32.DLL+0x2e8d7]
C  [ntdll.dll+0x8c3fc]


---------------  P R O C E S S  ---------------

Threads class SMR info:
_java_thread_list=0x000002777f530f80, length=34, elements={
0x0000027764bb3c60, 0x000002777d9e02e0, 0x000002777d9e5cf0, 0x000002777d9f9e10,
0x000002777da02ac0, 0x000002777da08530, 0x000002777da08f90, 0x000002777da099f0,
0x000002777da0b8c0, 0x000002777da33240, 0x000002777dcce880, 0x0000027704787120,
0x000002777db60f60, 0x000002777de5a640, 0x000002777ecfa190, 0x0000027704ac2450,
0x000002777e995a90, 0x000002777f344d80, 0x000002777f3474e0, 0x000002777f3446f0,
0x000002777f345aa0, 0x000002777f345410, 0x000002777f346130, 0x000002777f344060,
0x0000027704284d50, 0x00000277042853e0, 0x0000027704285a70, 0x00000277042825f0,
0x0000027704286100, 0x0000027704283310, 0x0000027704282c80, 0x0000027704286790,
0x0000027704286e20, 0x00000277042839a0
}

Java Threads: ( => current thread )
  0x0000027764bb3c60 JavaThread "main"                              [_thread_blocked, id=15820, stack(0x000000fb8a300000,0x000000fb8a400000) (1024K)]
  0x000002777d9e02e0 JavaThread "Common-Cleaner"             daemon [_thread_blocked, id=14784, stack(0x000000fb8ab00000,0x000000fb8ac00000) (1024K)]
  0x000002777d9e5cf0 JavaThread "Reference Handler"          daemon [_thread_blocked, id=19996, stack(0x000000fb8ac00000,0x000000fb8ad00000) (1024K)]
  0x000002777d9f9e10 JavaThread "Finalizer"                  daemon [_thread_blocked, id=18452, stack(0x000000fb8ad00000,0x000000fb8ae00000) (1024K)]
  0x000002777da02ac0 JavaThread "Signal Dispatcher"          daemon [_thread_blocked, id=11460, stack(0x000000fb8ae00000,0x000000fb8af00000) (1024K)]
  0x000002777da08530 JavaThread "Attach Listener"            daemon [_thread_blocked, id=10452, stack(0x000000fb8af00000,0x000000fb8b000000) (1024K)]
  0x000002777da08f90 JavaThread "Service Thread"             daemon [_thread_blocked, id=17184, stack(0x000000fb8b000000,0x000000fb8b100000) (1024K)]
  0x000002777da099f0 JavaThread "Monitor Deflation Thread"   daemon [_thread_blocked, id=7596, stack(0x000000fb8b100000,0x000000fb8b200000) (1024K)]
=>0x000002777da0b8c0 JavaThread "C2 CompilerThread0"         daemon [_thread_in_native, id=15720, stack(0x000000fb8b200000,0x000000fb8b300000) (1024K)]
  0x000002777da33240 JavaThread "C1 CompilerThread0"         daemon [_thread_blocked, id=17656, stack(0x000000fb8b300000,0x000000fb8b400000) (1024K)]
  0x000002777dcce880 JavaThread "Notification Thread"        daemon [_thread_blocked, id=19444, stack(0x000000fb8b400000,0x000000fb8b500000) (1024K)]
  0x0000027704787120 JavaThread "Daemon health stats"               [_thread_blocked, id=12008, stack(0x000000fb8b600000,0x000000fb8b700000) (1024K)]
  0x000002777db60f60 JavaThread "Incoming local TCP Connector on port 50326"        [_thread_in_native, id=16240, stack(0x000000fb8b700000,0x000000fb8b800000) (1024K)]
  0x000002777de5a640 JavaThread "Daemon periodic checks"            [_thread_blocked, id=7384, stack(0x000000fb8b800000,0x000000fb8b900000) (1024K)]
  0x000002777ecfa190 JavaThread "Daemon"                            [_thread_blocked, id=15076, stack(0x000000fb8b900000,0x000000fb8ba00000) (1024K)]
  0x0000027704ac2450 JavaThread "Handler for socket connection from /127.0.0.1:50326 to /127.0.0.1:50327"        [_thread_in_native, id=19732, stack(0x000000fb8ba00000,0x000000fb8bb00000) (1024K)]
  0x000002777e995a90 JavaThread "Cancel handler"                    [_thread_blocked, id=19828, stack(0x000000fb8bb00000,0x000000fb8bc00000) (1024K)]
  0x000002777f344d80 JavaThread "Daemon worker"                     [_thread_in_vm, id=11028, stack(0x000000fb8bc00000,0x000000fb8bd00000) (1024K)]
  0x000002777f3474e0 JavaThread "Asynchronous log dispatcher for DefaultDaemonConnection: socket connection from /127.0.0.1:50326 to /127.0.0.1:50327"        [_thread_blocked, id=9540, stack(0x000000fb8bd00000,0x000000fb8be00000) (1024K)]
  0x000002777f3446f0 JavaThread "Stdin handler"                     [_thread_blocked, id=620, stack(0x000000fb8be00000,0x000000fb8bf00000) (1024K)]
  0x000002777f345aa0 JavaThread "Daemon client event forwarder"        [_thread_blocked, id=13948, stack(0x000000fb8bf00000,0x000000fb8c000000) (1024K)]
  0x000002777f345410 JavaThread "Cache worker for journal cache (C:\Users\ofent\.gradle\caches\journal-1)"        [_thread_blocked, id=7724, stack(0x000000fb8c000000,0x000000fb8c100000) (1024K)]
  0x000002777f346130 JavaThread "File lock request listener"        [_thread_in_native, id=8920, stack(0x000000fb8c100000,0x000000fb8c200000) (1024K)]
  0x000002777f344060 JavaThread "Cache worker for file hash cache (C:\Users\ofent\.gradle\caches\9.3.1\fileHashes)"        [_thread_blocked, id=2280, stack(0x000000fb8c200000,0x000000fb8c300000) (1024K)]
  0x0000027704284d50 JavaThread "Cache worker for file hash cache (C:\Users\ofent\AndroidStudioProjects\BudgetTrackerApp3\.gradle\9.3.1\fileHashes)"        [_thread_blocked, id=18120, stack(0x000000fb8c300000,0x000000fb8c400000) (1024K)]
  0x00000277042853e0 JavaThread "Cache worker for Build Output Cleanup Cache (C:\Users\ofent\AndroidStudioProjects\BudgetTrackerApp3\.gradle\buildOutputCleanup)"        [_thread_blocked, id=7348, stack(0x000000fb8c400000,0x000000fb8c500000) (1024K)]
  0x0000027704285a70 JavaThread "File watcher server"        daemon [_thread_in_native, id=17216, stack(0x000000fb8c500000,0x000000fb8c600000) (1024K)]
  0x00000277042825f0 JavaThread "File watcher consumer"      daemon [_thread_blocked, id=17580, stack(0x000000fb8c600000,0x000000fb8c700000) (1024K)]
  0x0000027704286100 JavaThread "Cache worker for checksums cache (C:\Users\ofent\AndroidStudioProjects\BudgetTrackerApp3\.gradle\9.3.1\checksums)"        [_thread_blocked, id=9596, stack(0x000000fb8c700000,0x000000fb8c800000) (1024K)]
  0x0000027704283310 JavaThread "Cache worker for file content cache (C:\Users\ofent\.gradle\caches\9.3.1\fileContent)"        [_thread_blocked, id=4536, stack(0x000000fb8c800000,0x000000fb8c900000) (1024K)]
  0x0000027704282c80 JavaThread "Cache worker for cache directory md-supplier (C:\Users\ofent\.gradle\caches\9.3.1\md-supplier)"        [_thread_blocked, id=2176, stack(0x000000fb8c900000,0x000000fb8ca00000) (1024K)]
  0x0000027704286790 JavaThread "Cache worker for cache directory md-rule (C:\Users\ofent\.gradle\caches\9.3.1\md-rule)"        [_thread_blocked, id=16620, stack(0x000000fb8ca00000,0x000000fb8cb00000) (1024K)]
  0x0000027704286e20 JavaThread "jar transforms"                    [_thread_blocked, id=18888, stack(0x000000fb8cb00000,0x000000fb8cc00000) (1024K)]
  0x00000277042839a0 JavaThread "jar transforms Thread 2"           [_thread_blocked, id=4456, stack(0x000000fb8cc00000,0x000000fb8cd00000) (1024K)]
Total: 34

Other Threads:
  0x000002777d860030 VMThread "VM Thread"                           [id=7320, stack(0x000000fb8aa00000,0x000000fb8ab00000) (1024K)]
  0x000002777d7c2510 WatcherThread "VM Periodic Task Thread"        [id=17420, stack(0x000000fb8a900000,0x000000fb8aa00000) (1024K)]
  0x0000027766f15440 WorkerThread "GC Thread#0"                     [id=11776, stack(0x000000fb8a400000,0x000000fb8a500000) (1024K)]
  0x000002777df351d0 WorkerThread "GC Thread#1"                     [id=5228, stack(0x000000fb8b500000,0x000000fb8b600000) (1024K)]
  0x0000027764c7bf80 ConcurrentGCThread "G1 Main Marker"            [id=19468, stack(0x000000fb8a500000,0x000000fb8a600000) (1024K)]
  0x0000027764c7d7d0 WorkerThread "G1 Conc#0"                       [id=6340, stack(0x000000fb8a600000,0x000000fb8a700000) (1024K)]
  0x0000027766f732b0 ConcurrentGCThread "G1 Refine#0"               [id=15328, stack(0x000000fb8a700000,0x000000fb8a800000) (1024K)]
  0x0000027766f74b70 ConcurrentGCThread "G1 Service"                [id=6784, stack(0x000000fb8a800000,0x000000fb8a900000) (1024K)]
Total: 8

Threads with active compile tasks:
C2 CompilerThread0  60168 4279 %     4       jdk.internal.loader.URLClassPath::getResource @ 39 (74 bytes)
Total: 1

VM state: not at safepoint (normal execution)

VM Mutex/Monitor currently owned by a thread: None

Heap address: 0x0000000080000000, size: 2048 MB, Compressed Oops mode: 32-bit

CDS archive(s) not mapped
Compressed class space mapped at: 0x0000000100000000-0x0000000140000000, reserved size: 1073741824
Narrow klass base: 0x0000000000000000, Narrow klass shift: 3, Narrow klass range: 0x140000000

GC Precious Log:
 CardTable entry size: 512
 Card Set container configuration: InlinePtr #cards 5 size 8 Array Of Cards #cards 12 size 40 Howl #buckets 4 coarsen threshold 1843 Howl Bitmap #cards 512 size 80 coarsen threshold 460 Card regions per heap region 1 cards per card region 2048
 CPUs: 2 total, 2 available
 Memory: 3920M
 Large Page Support: Disabled
 NUMA Support: Disabled
 Compressed Oops: Enabled (32-bit)
 Heap Region Size: 1M
 Heap Min Capacity: 8M
 Heap Initial Capacity: 62M
 Heap Max Capacity: 2G
 Pre-touch: Disabled
 Parallel Workers: 2
 Concurrent Workers: 1
 Concurrent Refinement Workers: 2
 Periodic GC: Disabled

Heap:
 garbage-first heap   total 63488K, used 37316K [0x0000000080000000, 0x0000000100000000)
  region size 1024K, 11 young (11264K), 4 survivors (4096K)
 Metaspace       used 48070K, committed 49344K, reserved 1114112K
  class space    used 6612K, committed 7232K, reserved 1048576K

Heap Regions: E=young(eden), S=young(survivor), O=old, HS=humongous(starts), HC=humongous(continues), CS=collection set, F=free, TAMS=top-at-mark-start, PB=parsable bottom
|   0|0x0000000080000000, 0x0000000080100000, 0x0000000080100000|100%| O|  |TAMS 0x0000000080000000| PB 0x0000000080000000| Untracked 
|   1|0x0000000080100000, 0x0000000080200000, 0x0000000080200000|100%|HS|  |TAMS 0x0000000080100000| PB 0x0000000080100000| Complete 
|   2|0x0000000080200000, 0x0000000080300000, 0x0000000080300000|100%|HC|  |TAMS 0x0000000080200000| PB 0x0000000080200000| Complete 
|   3|0x0000000080300000, 0x0000000080400000, 0x0000000080400000|100%|HC|  |TAMS 0x0000000080300000| PB 0x0000000080300000| Complete 
|   4|0x0000000080400000, 0x0000000080500000, 0x0000000080500000|100%|HC|  |TAMS 0x0000000080400000| PB 0x0000000080400000| Complete 
|   5|0x0000000080500000, 0x0000000080600000, 0x0000000080600000|100%| O|  |TAMS 0x0000000080500000| PB 0x0000000080500000| Untracked 
|   6|0x0000000080600000, 0x0000000080700000, 0x0000000080700000|100%| O|  |TAMS 0x0000000080600000| PB 0x0000000080600000| Untracked 
|   7|0x0000000080700000, 0x0000000080800000, 0x0000000080800000|100%| O|  |TAMS 0x0000000080700000| PB 0x0000000080700000| Untracked 
|   8|0x0000000080800000, 0x0000000080900000, 0x0000000080900000|100%| O|  |TAMS 0x0000000080800000| PB 0x0000000080800000| Untracked 
|   9|0x0000000080900000, 0x0000000080a00000, 0x0000000080a00000|100%| O|  |TAMS 0x0000000080900000| PB 0x0000000080900000| Untracked 
|  10|0x0000000080a00000, 0x0000000080b00000, 0x0000000080b00000|100%| O|  |TAMS 0x0000000080a00000| PB 0x0000000080a00000| Untracked 
|  11|0x0000000080b00000, 0x0000000080c00000, 0x0000000080c00000|100%| O|  |TAMS 0x0000000080b00000| PB 0x0000000080b00000| Untracked 
|  12|0x0000000080c00000, 0x0000000080d00000, 0x0000000080d00000|100%|HS|  |TAMS 0x0000000080c00000| PB 0x0000000080c00000| Complete 
|  13|0x0000000080d00000, 0x0000000080e00000, 0x0000000080e00000|100%| O|  |TAMS 0x0000000080d00000| PB 0x0000000080d00000| Untracked 
|  14|0x0000000080e00000, 0x0000000080f00000, 0x0000000080f00000|100%| O|  |TAMS 0x0000000080e00000| PB 0x0000000080e00000| Untracked 
|  15|0x0000000080f00000, 0x0000000081000000, 0x0000000081000000|100%| O|  |TAMS 0x0000000080f00000| PB 0x0000000080f00000| Untracked 
|  16|0x0000000081000000, 0x0000000081100000, 0x0000000081100000|100%| O|  |TAMS 0x0000000081000000| PB 0x0000000081000000| Untracked 
|  17|0x0000000081100000, 0x0000000081200000, 0x0000000081200000|100%| O|  |TAMS 0x0000000081100000| PB 0x0000000081100000| Untracked 
|  18|0x0000000081200000, 0x0000000081300000, 0x0000000081300000|100%| O|  |TAMS 0x0000000081200000| PB 0x0000000081200000| Untracked 
|  19|0x0000000081300000, 0x0000000081400000, 0x0000000081400000|100%| O|  |TAMS 0x0000000081300000| PB 0x0000000081300000| Untracked 
|  20|0x0000000081400000, 0x0000000081500000, 0x0000000081500000|100%| O|  |TAMS 0x0000000081400000| PB 0x0000000081400000| Untracked 
|  21|0x0000000081500000, 0x0000000081600000, 0x0000000081600000|100%| O|  |TAMS 0x0000000081500000| PB 0x0000000081500000| Untracked 
|  22|0x0000000081600000, 0x0000000081700000, 0x0000000081700000|100%| O|  |TAMS 0x0000000081600000| PB 0x0000000081600000| Untracked 
|  23|0x0000000081700000, 0x0000000081800000, 0x0000000081800000|100%| O|  |TAMS 0x0000000081700000| PB 0x0000000081700000| Untracked 
|  24|0x0000000081800000, 0x0000000081900000, 0x0000000081900000|100%| O|  |TAMS 0x0000000081800000| PB 0x0000000081800000| Untracked 
|  25|0x0000000081900000, 0x0000000081a00000, 0x0000000081a00000|100%| O|  |TAMS 0x0000000081900000| PB 0x0000000081900000| Untracked 
|  26|0x0000000081a00000, 0x0000000081b00000, 0x0000000081b00000|100%| O|  |TAMS 0x0000000081a00000| PB 0x0000000081a00000| Untracked 
|  27|0x0000000081b00000, 0x0000000081b284c0, 0x0000000081c00000| 15%| O|  |TAMS 0x0000000081b00000| PB 0x0000000081b00000| Untracked 
|  28|0x0000000081c00000, 0x0000000081c00000, 0x0000000081d00000|  0%| F|  |TAMS 0x0000000081c00000| PB 0x0000000081c00000| Untracked 
|  29|0x0000000081d00000, 0x0000000081d00000, 0x0000000081e00000|  0%| F|  |TAMS 0x0000000081d00000| PB 0x0000000081d00000| Untracked 
|  30|0x0000000081e00000, 0x0000000081e48c98, 0x0000000081f00000| 28%| S|CS|TAMS 0x0000000081e00000| PB 0x0000000081e00000| Complete 
|  31|0x0000000081f00000, 0x0000000082000000, 0x0000000082000000|100%| S|CS|TAMS 0x0000000081f00000| PB 0x0000000081f00000| Complete 
|  32|0x0000000082000000, 0x0000000082100000, 0x0000000082100000|100%| S|CS|TAMS 0x0000000082000000| PB 0x0000000082000000| Complete 
|  33|0x0000000082100000, 0x0000000082100000, 0x0000000082200000|  0%| F|  |TAMS 0x0000000082100000| PB 0x0000000082100000| Untracked 
|  34|0x0000000082200000, 0x0000000082200000, 0x0000000082300000|  0%| F|  |TAMS 0x0000000082200000| PB 0x0000000082200000| Untracked 
|  35|0x0000000082300000, 0x0000000082300000, 0x0000000082400000|  0%| F|  |TAMS 0x0000000082300000| PB 0x0000000082300000| Untracked 
|  36|0x0000000082400000, 0x0000000082500000, 0x0000000082500000|100%| S|CS|TAMS 0x0000000082400000| PB 0x0000000082400000| Complete 
|  37|0x0000000082500000, 0x0000000082500000, 0x0000000082600000|  0%| F|  |TAMS 0x0000000082500000| PB 0x0000000082500000| Untracked 
|  38|0x0000000082600000, 0x0000000082600000, 0x0000000082700000|  0%| F|  |TAMS 0x0000000082600000| PB 0x0000000082600000| Untracked 
|  39|0x0000000082700000, 0x0000000082700000, 0x0000000082800000|  0%| F|  |TAMS 0x0000000082700000| PB 0x0000000082700000| Untracked 
|  40|0x0000000082800000, 0x0000000082800000, 0x0000000082900000|  0%| F|  |TAMS 0x0000000082800000| PB 0x0000000082800000| Untracked 
|  41|0x0000000082900000, 0x0000000082900000, 0x0000000082a00000|  0%| F|  |TAMS 0x0000000082900000| PB 0x0000000082900000| Untracked 
|  42|0x0000000082a00000, 0x0000000082a00000, 0x0000000082b00000|  0%| F|  |TAMS 0x0000000082a00000| PB 0x0000000082a00000| Untracked 
|  43|0x0000000082b00000, 0x0000000082b00000, 0x0000000082c00000|  0%| F|  |TAMS 0x0000000082b00000| PB 0x0000000082b00000| Untracked 
|  44|0x0000000082c00000, 0x0000000082c00000, 0x0000000082d00000|  0%| F|  |TAMS 0x0000000082c00000| PB 0x0000000082c00000| Untracked 
|  45|0x0000000082d00000, 0x0000000082d00000, 0x0000000082e00000|  0%| F|  |TAMS 0x0000000082d00000| PB 0x0000000082d00000| Untracked 
|  46|0x0000000082e00000, 0x0000000082e00000, 0x0000000082f00000|  0%| F|  |TAMS 0x0000000082e00000| PB 0x0000000082e00000| Untracked 
|  47|0x0000000082f00000, 0x0000000082f00000, 0x0000000083000000|  0%| F|  |TAMS 0x0000000082f00000| PB 0x0000000082f00000| Untracked 
|  48|0x0000000083000000, 0x0000000083000000, 0x0000000083100000|  0%| F|  |TAMS 0x0000000083000000| PB 0x0000000083000000| Untracked 
|  49|0x0000000083100000, 0x0000000083100000, 0x0000000083200000|  0%| F|  |TAMS 0x0000000083100000| PB 0x0000000083100000| Untracked 
|  50|0x0000000083200000, 0x0000000083200000, 0x0000000083300000|  0%| F|  |TAMS 0x0000000083200000| PB 0x0000000083200000| Untracked 
|  51|0x0000000083300000, 0x0000000083300000, 0x0000000083400000|  0%| F|  |TAMS 0x0000000083300000| PB 0x0000000083300000| Untracked 
|  52|0x0000000083400000, 0x0000000083400000, 0x0000000083500000|  0%| F|  |TAMS 0x0000000083400000| PB 0x0000000083400000| Untracked 
|  53|0x0000000083500000, 0x0000000083500000, 0x0000000083600000|  0%| F|  |TAMS 0x0000000083500000| PB 0x0000000083500000| Untracked 
|  54|0x0000000083600000, 0x0000000083600000, 0x0000000083700000|  0%| F|  |TAMS 0x0000000083600000| PB 0x0000000083600000| Untracked 
|  55|0x0000000083700000, 0x00000000837e9428, 0x0000000083800000| 91%| E|  |TAMS 0x0000000083700000| PB 0x0000000083700000| Complete 
|  56|0x0000000083800000, 0x0000000083900000, 0x0000000083900000|100%| E|CS|TAMS 0x0000000083800000| PB 0x0000000083800000| Complete 
|  57|0x0000000083900000, 0x0000000083a00000, 0x0000000083a00000|100%| E|CS|TAMS 0x0000000083900000| PB 0x0000000083900000| Complete 
|  58|0x0000000083a00000, 0x0000000083b00000, 0x0000000083b00000|100%| E|CS|TAMS 0x0000000083a00000| PB 0x0000000083a00000| Complete 
|  59|0x0000000083b00000, 0x0000000083c00000, 0x0000000083c00000|100%| E|CS|TAMS 0x0000000083b00000| PB 0x0000000083b00000| Complete 
|  60|0x0000000083c00000, 0x0000000083d00000, 0x0000000083d00000|100%| E|CS|TAMS 0x0000000083c00000| PB 0x0000000083c00000| Complete 
|  61|0x0000000083d00000, 0x0000000083e00000, 0x0000000083e00000|100%| E|CS|TAMS 0x0000000083d00000| PB 0x0000000083d00000| Complete 

Card table byte_map: [0x0000027779020000,0x0000027779420000] _byte_map_base: 0x0000027778c20000

Marking Bits: (CMBitMap*) 0x0000027766f15a50
 Bits: [0x0000027779420000, 0x000002777b420000)

Polling page: 0x0000027764b70000

Metaspace:

Usage:
  Non-class:     40.49 MB used.
      Class:      6.46 MB used.
       Both:     46.95 MB used.

Virtual space:
  Non-class space:       64.00 MB reserved,      41.12 MB ( 64%) committed,  1 nodes.
      Class space:        1.00 GB reserved,       7.06 MB ( <1%) committed,  1 nodes.
             Both:        1.06 GB reserved,      48.19 MB (  4%) committed. 

Chunk freelists:
   Non-Class:  5.95 MB
       Class:  8.91 MB
        Both:  14.86 MB

MaxMetaspaceSize: unlimited
CompressedClassSpaceSize: 1.00 GB
Initial GC threshold: 21.00 MB
Current GC threshold: 58.88 MB
CDS: off
 - commit_granule_bytes: 65536.
 - commit_granule_words: 8192.
 - virtual_space_node_default_size: 8388608.
 - enlarge_chunks_in_place: 1.
 - use_allocation_guard: 0.


Internal statistics:

num_allocs_failed_limit: 6.
num_arena_births: 2340.
num_arena_deaths: 0.
num_vsnodes_births: 2.
num_vsnodes_deaths: 0.
num_space_committed: 771.
num_space_uncommitted: 0.
num_chunks_returned_to_freelist: 6.
num_chunks_taken_from_freelist: 4156.
num_chunk_merges: 6.
num_chunk_splits: 2702.
num_chunks_enlarged: 1637.
num_inconsistent_stats: 0.

CodeHeap 'non-profiled nmethods': size=120064Kb used=2312Kb max_used=2312Kb free=117751Kb
 bounds [0x0000027771ae0000, 0x0000027771d50000, 0x0000027779020000]
CodeHeap 'profiled nmethods': size=120000Kb used=7526Kb max_used=7526Kb free=112473Kb
 bounds [0x000002776a020000, 0x000002776a780000, 0x0000027771550000]
CodeHeap 'non-nmethods': size=5696Kb used=1787Kb max_used=1804Kb free=3908Kb
 bounds [0x0000027771550000, 0x00000277717c0000, 0x0000027771ae0000]
CodeCache: size=245760Kb, used=11625Kb, max_used=11642Kb, free=234132Kb
 total_blobs=4532, nmethods=3844, adapters=592, full_count=0
Compilation: enabled, stopped_count=0, restarted_count=0

Compilation events (20 events):
Event: 59.847 Thread 0x000002777da33240 4304       1       java.util.stream.Collectors$CollectorImpl::combiner (5 bytes)
Event: 59.848 Thread 0x000002777da33240 nmethod 4304 0x0000027771d20b90 code [0x0000027771d20d20, 0x0000027771d20de8]
Event: 59.850 Thread 0x000002777da33240 4305       2       sun.reflect.misc.ReflectUtil::checkPackageAccess (14 bytes)
Event: 59.851 Thread 0x000002777da33240 nmethod 4305 0x000002776a4e2a90 code [0x000002776a4e2c20, 0x000002776a4e2d08]
Event: 59.859 Thread 0x000002777da33240 4306       3       java.util.ImmutableCollections$AbstractImmutableList::iterator (13 bytes)
Event: 59.860 Thread 0x000002777da33240 nmethod 4306 0x000002776a75e210 code [0x000002776a75e3e0, 0x000002776a75e740]
Event: 59.863 Thread 0x000002777da33240 4307       3       com.sun.beans.introspect.MethodInfo$MethodOrder::compare (13 bytes)
Event: 59.863 Thread 0x000002777da33240 nmethod 4307 0x000002776a75e890 code [0x000002776a75ea40, 0x000002776a75ed38]
Event: 59.865 Thread 0x000002777da33240 4308       3       java.lang.String::join (281 bytes)
Event: 59.869 Thread 0x000002777da33240 nmethod 4308 0x000002776a75ee10 code [0x000002776a75f180, 0x000002776a760648]
Event: 59.870 Thread 0x000002777da33240 4309       3       java.util.StringJoiner::<init> (63 bytes)
Event: 59.871 Thread 0x000002777da33240 nmethod 4309 0x000002776a761110 code [0x000002776a761360, 0x000002776a761c88]
Event: 59.872 Thread 0x000002777da33240 4310       3       java.util.StringJoiner::toString (53 bytes)
Event: 59.872 Thread 0x000002777da33240 nmethod 4310 0x000002776a761f90 code [0x000002776a762140, 0x000002776a762350]
Event: 59.873 Thread 0x000002777da33240 4311       3       java.lang.reflect.Method::hasGenericInformation (13 bytes)
Event: 59.873 Thread 0x000002777da33240 nmethod 4311 0x000002776a762410 code [0x000002776a7625c0, 0x000002776a762738]
Event: 59.874 Thread 0x000002777da33240 4312   !   3       java.lang.Class::getTypeName (46 bytes)
Event: 59.881 Thread 0x000002777da33240 nmethod 4312 0x000002776a762810 code [0x000002776a762c20, 0x000002776a764520]
Event: 59.882 Thread 0x000002777da33240 4313       3       java.util.StringJoiner::add (110 bytes)
Event: 59.884 Thread 0x000002777da33240 nmethod 4313 0x000002776a765210 code [0x000002776a765460, 0x000002776a765ea8]

GC Heap History (20 events):
Event: 18.805 GC heap before
{Heap before GC invocations=6 (full 0):
 garbage-first heap   total 63488K, used 49699K [0x0000000080000000, 0x0000000100000000)
  region size 1024K, 37 young (37888K), 1 survivors (1024K)
 Metaspace       used 12907K, committed 13120K, reserved 1114112K
  class space    used 1402K, committed 1472K, reserved 1048576K
}
Event: 18.812 GC heap after
{Heap after GC invocations=7 (full 0):
 garbage-first heap   total 63488K, used 13595K [0x0000000080000000, 0x0000000100000000)
  region size 1024K, 2 young (2048K), 2 survivors (2048K)
 Metaspace       used 12907K, committed 13120K, reserved 1114112K
  class space    used 1402K, committed 1472K, reserved 1048576K
}
Event: 25.882 GC heap before
{Heap before GC invocations=7 (full 0):
 garbage-first heap   total 63488K, used 51483K [0x0000000080000000, 0x0000000100000000)
  region size 1024K, 37 young (37888K), 2 survivors (2048K)
 Metaspace       used 19071K, committed 19328K, reserved 1114112K
  class space    used 2223K, committed 2368K, reserved 1048576K
}
Event: 25.911 GC heap after
{Heap after GC invocations=8 (full 0):
 garbage-first heap   total 63488K, used 20202K [0x0000000080000000, 0x0000000100000000)
  region size 1024K, 5 young (5120K), 5 survivors (5120K)
 Metaspace       used 19071K, committed 19328K, reserved 1114112K
  class space    used 2223K, committed 2368K, reserved 1048576K
}
Event: 27.516 GC heap before
{Heap before GC invocations=8 (full 0):
 garbage-first heap   total 63488K, used 26346K [0x0000000080000000, 0x0000000100000000)
  region size 1024K, 13 young (13312K), 5 survivors (5120K)
 Metaspace       used 21201K, committed 21504K, reserved 1114112K
  class space    used 2475K, committed 2624K, reserved 1048576K
}
Event: 27.538 GC heap after
{Heap after GC invocations=9 (full 0):
 garbage-first heap   total 63488K, used 21667K [0x0000000080000000, 0x0000000100000000)
  region size 1024K, 2 young (2048K), 2 survivors (2048K)
 Metaspace       used 21201K, committed 21504K, reserved 1114112K
  class space    used 2475K, committed 2624K, reserved 1048576K
}
Event: 31.577 GC heap before
{Heap before GC invocations=10 (full 0):
 garbage-first heap   total 63488K, used 47267K [0x0000000080000000, 0x0000000100000000)
  region size 1024K, 28 young (28672K), 2 survivors (2048K)
 Metaspace       used 26109K, committed 26496K, reserved 1114112K
  class space    used 3200K, committed 3392K, reserved 1048576K
}
Event: 31.593 GC heap after
{Heap after GC invocations=11 (full 0):
 garbage-first heap   total 63488K, used 23223K [0x0000000080000000, 0x0000000100000000)
  region size 1024K, 3 young (3072K), 3 survivors (3072K)
 Metaspace       used 26109K, committed 26496K, reserved 1114112K
  class space    used 3200K, committed 3392K, reserved 1048576K
}
Event: 40.998 GC heap before
{Heap before GC invocations=11 (full 0):
 garbage-first heap   total 63488K, used 50871K [0x0000000080000000, 0x0000000100000000)
  region size 1024K, 29 young (29696K), 3 survivors (3072K)
 Metaspace       used 30506K, committed 31040K, reserved 1114112K
  class space    used 3819K, committed 4096K, reserved 1048576K
}
Event: 41.019 GC heap after
{Heap after GC invocations=12 (full 0):
 garbage-first heap   total 63488K, used 24162K [0x0000000080000000, 0x0000000100000000)
  region size 1024K, 3 young (3072K), 3 survivors (3072K)
 Metaspace       used 30506K, committed 31040K, reserved 1114112K
  class space    used 3819K, committed 4096K, reserved 1048576K
}
Event: 45.368 GC heap before
{Heap before GC invocations=12 (full 0):
 garbage-first heap   total 63488K, used 50786K [0x0000000080000000, 0x0000000100000000)
  region size 1024K, 30 young (30720K), 3 survivors (3072K)
 Metaspace       used 34447K, committed 35072K, reserved 1114112K
  class space    used 4480K, committed 4800K, reserved 1048576K
}
Event: 45.391 GC heap after
{Heap after GC invocations=13 (full 0):
 garbage-first heap   total 63488K, used 25732K [0x0000000080000000, 0x0000000100000000)
  region size 1024K, 3 young (3072K), 3 survivors (3072K)
 Metaspace       used 34447K, committed 35072K, reserved 1114112K
  class space    used 4480K, committed 4800K, reserved 1048576K
}
Event: 48.327 GC heap before
{Heap before GC invocations=13 (full 0):
 garbage-first heap   total 63488K, used 31876K [0x0000000080000000, 0x0000000100000000)
  region size 1024K, 10 young (10240K), 3 survivors (3072K)
 Metaspace       used 35416K, committed 36096K, reserved 1114112K
  class space    used 4630K, committed 4928K, reserved 1048576K
}
Event: 48.346 GC heap after
{Heap after GC invocations=14 (full 0):
 garbage-first heap   total 63488K, used 26727K [0x0000000080000000, 0x0000000100000000)
  region size 1024K, 3 young (3072K), 3 survivors (3072K)
 Metaspace       used 35416K, committed 36096K, reserved 1114112K
  class space    used 4630K, committed 4928K, reserved 1048576K
}
Event: 52.602 GC heap before
{Heap before GC invocations=15 (full 0):
 garbage-first heap   total 63488K, used 52327K [0x0000000080000000, 0x0000000100000000)
  region size 1024K, 29 young (29696K), 3 survivors (3072K)
 Metaspace       used 39073K, committed 40000K, reserved 1114112K
  class space    used 5259K, committed 5696K, reserved 1048576K
}
Event: 52.626 GC heap after
{Heap after GC invocations=16 (full 0):
 garbage-first heap   total 63488K, used 27936K [0x0000000080000000, 0x0000000100000000)
  region size 1024K, 3 young (3072K), 3 survivors (3072K)
 Metaspace       used 39073K, committed 40000K, reserved 1114112K
  class space    used 5259K, committed 5696K, reserved 1048576K
}
Event: 56.088 GC heap before
{Heap before GC invocations=16 (full 0):
 garbage-first heap   total 63488K, used 54560K [0x0000000080000000, 0x0000000100000000)
  region size 1024K, 29 young (29696K), 3 survivors (3072K)
 Metaspace       used 42363K, committed 43520K, reserved 1114112K
  class space    used 5854K, committed 6400K, reserved 1048576K
}
Event: 56.111 GC heap after
{Heap after GC invocations=17 (full 0):
 garbage-first heap   total 63488K, used 29736K [0x0000000080000000, 0x0000000100000000)
  region size 1024K, 4 young (4096K), 4 survivors (4096K)
 Metaspace       used 42363K, committed 43520K, reserved 1114112K
  class space    used 5854K, committed 6400K, reserved 1048576K
}
Event: 58.524 GC heap before
{Heap before GC invocations=17 (full 0):
 garbage-first heap   total 63488K, used 54312K [0x0000000080000000, 0x0000000100000000)
  region size 1024K, 29 young (29696K), 4 survivors (4096K)
 Metaspace       used 46581K, committed 47808K, reserved 1114112K
  class space    used 6442K, committed 7040K, reserved 1048576K
}
Event: 58.553 GC heap after
{Heap after GC invocations=18 (full 0):
 garbage-first heap   total 63488K, used 31172K [0x0000000080000000, 0x0000000100000000)
  region size 1024K, 4 young (4096K), 4 survivors (4096K)
 Metaspace       used 46581K, committed 47808K, reserved 1114112K
  class space    used 6442K, committed 7040K, reserved 1048576K
}

Dll operation events (3 events):
Event: 0.181 Loaded shared library C:\Program Files\Android\Android Studio\jbr\bin\java.dll
Event: 0.217 Loaded shared library C:\Program Files\Android\Android Studio\jbr\bin\zip.dll
Event: 11.329 Loaded shared library C:\Program Files\Android\Android Studio\jbr\bin\verify.dll

Deoptimization events (20 events):
Event: 58.647 Thread 0x000002777f344d80 DEOPT PACKING pc=0x0000027771cac03c sp=0x000000fb8bcf6040
Event: 58.647 Thread 0x000002777f344d80 DEOPT UNPACKING pc=0x00000277715a429c sp=0x000000fb8bcf5f10 mode 2
Event: 59.065 Thread 0x000002777f344d80 Uncommon trap: trap_request=0xffffffc6 fr.pc=0x0000027771bf79a4 relative=0x0000000000000244
Event: 59.065 Thread 0x000002777f344d80 Uncommon trap: reason=bimorphic_or_optimized_type_check action=maybe_recompile pc=0x0000027771bf79a4 method=java.util.regex.Pattern$BmpCharProperty.match(Ljava/util/regex/Matcher;ILjava/lang/CharSequence;)Z @ 19 c2
Event: 59.065 Thread 0x000002777f344d80 DEOPT PACKING pc=0x0000027771bf79a4 sp=0x000000fb8bcf80e0
Event: 59.065 Thread 0x000002777f344d80 DEOPT UNPACKING pc=0x00000277715a429c sp=0x000000fb8bcf8078 mode 2
Event: 59.065 Thread 0x000002777f344d80 Uncommon trap: trap_request=0xffffffc6 fr.pc=0x0000027771bf79a4 relative=0x0000000000000244
Event: 59.065 Thread 0x000002777f344d80 Uncommon trap: reason=bimorphic_or_optimized_type_check action=maybe_recompile pc=0x0000027771bf79a4 method=java.util.regex.Pattern$BmpCharProperty.match(Ljava/util/regex/Matcher;ILjava/lang/CharSequence;)Z @ 19 c2
Event: 59.065 Thread 0x000002777f344d80 DEOPT PACKING pc=0x0000027771bf79a4 sp=0x000000fb8bcf80e0
Event: 59.065 Thread 0x000002777f344d80 DEOPT UNPACKING pc=0x00000277715a429c sp=0x000000fb8bcf8078 mode 2
Event: 59.065 Thread 0x000002777f344d80 Uncommon trap: trap_request=0xffffffc6 fr.pc=0x0000027771bf79a4 relative=0x0000000000000244
Event: 59.065 Thread 0x000002777f344d80 Uncommon trap: reason=bimorphic_or_optimized_type_check action=maybe_recompile pc=0x0000027771bf79a4 method=java.util.regex.Pattern$BmpCharProperty.match(Ljava/util/regex/Matcher;ILjava/lang/CharSequence;)Z @ 19 c2
Event: 59.065 Thread 0x000002777f344d80 DEOPT PACKING pc=0x0000027771bf79a4 sp=0x000000fb8bcf80e0
Event: 59.065 Thread 0x000002777f344d80 DEOPT UNPACKING pc=0x00000277715a429c sp=0x000000fb8bcf8078 mode 2
Event: 59.065 Thread 0x000002777f344d80 Uncommon trap: trap_request=0xffffffc6 fr.pc=0x0000027771bf79a4 relative=0x0000000000000244
Event: 59.065 Thread 0x000002777f344d80 Uncommon trap: reason=bimorphic_or_optimized_type_check action=maybe_recompile pc=0x0000027771bf79a4 method=java.util.regex.Pattern$BmpCharProperty.match(Ljava/util/regex/Matcher;ILjava/lang/CharSequence;)Z @ 19 c2
Event: 59.065 Thread 0x000002777f344d80 DEOPT PACKING pc=0x0000027771bf79a4 sp=0x000000fb8bcf80e0
Event: 59.065 Thread 0x000002777f344d80 DEOPT UNPACKING pc=0x00000277715a429c sp=0x000000fb8bcf8078 mode 2
Event: 59.415 Thread 0x000002777f344d80 DEOPT PACKING pc=0x000002776a33b131 sp=0x000000fb8bcf8380
Event: 59.415 Thread 0x000002777f344d80 DEOPT UNPACKING pc=0x00000277715a4a23 sp=0x000000fb8bcf7868 mode 0

Classes loaded (20 events):
Event: 59.849 Loading class com/sun/beans/introspect/EventSetInfo
Event: 59.849 Loading class com/sun/beans/introspect/EventSetInfo done
Event: 59.851 Loading class com/sun/beans/introspect/PropertyInfo
Event: 59.852 Loading class com/sun/beans/introspect/PropertyInfo done
Event: 59.852 Loading class java/beans/PropertyVetoException
Event: 59.852 Loading class java/beans/PropertyVetoException done
Event: 59.853 Loading class com/sun/beans/WildcardTypeImpl
Event: 59.853 Loading class com/sun/beans/WildcardTypeImpl done
Event: 59.854 Loading class java/beans/BeanProperty
Event: 59.854 Loading class java/beans/BeanProperty done
Event: 59.855 Loading class com/sun/beans/introspect/PropertyInfo$Name
Event: 59.855 Loading class com/sun/beans/introspect/PropertyInfo$Name done
Event: 59.855 Loading class java/beans/IndexedPropertyDescriptor
Event: 59.856 Loading class java/beans/IndexedPropertyDescriptor done
Event: 59.856 Loading class java/beans/GenericBeanInfo
Event: 59.856 Loading class java/beans/SimpleBeanInfo
Event: 59.857 Loading class java/beans/SimpleBeanInfo done
Event: 59.857 Loading class java/beans/GenericBeanInfo done
Event: 59.885 Loading class java/util/Hashtable$EntrySet
Event: 60.024 Loading class java/util/Hashtable$EntrySet done

Classes unloaded (0 events):
No events

Classes redefined (0 events):
No events

Internal exceptions (20 events):
Event: 57.381 Thread 0x000002777f344d80 Exception <a 'java/lang/NoSuchMethodError'{0x000000008311f710}: 'java.lang.Object java.lang.invoke.DirectMethodHandle$Holder.invokeVirtual(java.lang.Object, java.lang.Object, int)'> (0x000000008311f710) 
thrown [s\src\hotspot\share\interpreter\linkResolver.cpp, line 784]
Event: 57.406 Thread 0x000002777f344d80 Exception <a 'java/lang/NoSuchMethodError'{0x00000000831515a8}: 'void java.lang.invoke.DirectMethodHandle$Holder.invokeStatic(java.lang.Object, java.lang.Object, java.lang.Object, int)'> (0x00000000831515a8) 
thrown [s\src\hotspot\share\interpreter\linkResolver.cpp, line 784]
Event: 57.458 Thread 0x000002777f344d80 Exception <a 'sun/nio/fs/WindowsException'{0x00000000831c04b0}> (0x00000000831c04b0) 
thrown [s\src\hotspot\share\prims\jni.cpp, line 537]
Event: 57.473 Thread 0x000002777f344d80 Exception <a 'java/lang/NoSuchMethodError'{0x00000000831d5888}: 'java.lang.Object java.lang.invoke.DirectMethodHandle$Holder.invokeStatic(java.lang.Object, java.lang.Object, int, java.lang.Object)'> (0x00000000831d5888) 
thrown [s\src\hotspot\share\interpreter\linkResolver.cpp, line 784]
Event: 57.475 Thread 0x000002777f344d80 Exception <a 'java/lang/NoSuchMethodError'{0x00000000831dcc70}: 'java.lang.Object java.lang.invoke.DirectMethodHandle$Holder.newInvokeSpecial(java.lang.Object, java.lang.Object, int, java.lang.Object)'> (0x00000000831dcc70) 
thrown [s\src\hotspot\share\interpreter\linkResolver.cpp, line 784]
Event: 57.477 Thread 0x000002777f344d80 Exception <a 'java/lang/NoSuchMethodError'{0x00000000831e1658}: 'java.lang.Object java.lang.invoke.DirectMethodHandle$Holder.invokeSpecial(java.lang.Object, java.lang.Object, java.lang.Object, int, java.lang.Object)'> (0x00000000831e1658) 
thrown [s\src\hotspot\share\interpreter\linkResolver.cpp, line 784]
Event: 57.593 Thread 0x000002777f344d80 Exception <a 'sun/nio/fs/WindowsException'{0x0000000082f52ee0}> (0x0000000082f52ee0) 
thrown [s\src\hotspot\share\prims\jni.cpp, line 537]
Event: 57.715 Thread 0x000002777f344d80 Exception <a 'java/lang/NoSuchMethodError'{0x0000000082e51028}: 'void java.lang.invoke.DirectMethodHandle$Holder.invokeInterface(java.lang.Object, java.lang.Object, java.lang.Object, java.lang.Object, java.lang.Object, java.lang.Object, java.lang.Object)'> (0x0000000082e51028) 
thrown [s\src\hotspot\share\interpreter\linkResolver.cpp, line 784]
Event: 57.716 Thread 0x000002777f344d80 Exception <a 'java/lang/NoSuchMethodError'{0x0000000082e55940}: 'void java.lang.invoke.DelegatingMethodHandle$Holder.reinvoke_L(java.lang.Object, java.lang.Object, java.lang.Object, java.lang.Object, java.lang.Object, java.lang.Object, java.lang.Object)'> (0x0000000082e55940) 
thrown [s\src\hotspot\share\interpreter\linkResolver.cpp, line 784]
Event: 58.637 Thread 0x000002777f344d80 Implicit null exception at 0x0000027771c6e938 to 0x0000027771c6ee58
Event: 58.637 Thread 0x000002777f344d80 Implicit null exception at 0x0000027771bbe747 to 0x0000027771bbfa90
Event: 58.637 Thread 0x000002777f344d80 Implicit null exception at 0x0000027771b81f31 to 0x0000027771b82808
Event: 58.638 Thread 0x000002777f344d80 Exception <a 'java/lang/NoSuchMethodError'{0x0000000083d313c0}: 'java.lang.Class[] java.lang.Class.getPermittedSubclasses(java.lang.Class)'> (0x0000000083d313c0) 
thrown [s\src\hotspot\share\interpreter\linkResolver.cpp, line 784]
Event: 58.668 Thread 0x000002777f344d80 Exception <a 'java/lang/NoSuchMethodError'{0x0000000083d70b38}: 'java.lang.reflect.Method[] java.lang.Class.getDeclaredMethods(java.lang.Class)'> (0x0000000083d70b38) 
thrown [s\src\hotspot\share\interpreter\linkResolver.cpp, line 784]
Event: 59.802 Thread 0x000002777f344d80 Exception <a 'java/lang/ClassNotFoundException'{0x0000000083883a28}: groovy/lang/ExpandoMetaClassBeanInfo> (0x0000000083883a28) 
thrown [s\src\hotspot\share\classfile\systemDictionary.cpp, line 312]
Event: 59.803 Thread 0x000002777f344d80 Exception <a 'java/lang/ClassNotFoundException'{0x000000008388c850}: groovy/lang/MetaClassImplBeanInfo> (0x000000008388c850) 
thrown [s\src\hotspot\share\classfile\systemDictionary.cpp, line 312]
Event: 59.804 Thread 0x000002777f344d80 Exception <a 'java/lang/ClassNotFoundException'{0x0000000083891c68}: java/lang/ObjectBeanInfo> (0x0000000083891c68) 
thrown [s\src\hotspot\share\classfile\systemDictionary.cpp, line 312]
Event: 59.823 Thread 0x000002777f344d80 Exception <a 'java/lang/ClassNotFoundException'{0x0000000083897b30}: java/lang/ObjectCustomizer> (0x0000000083897b30) 
thrown [s\src\hotspot\share\classfile\systemDictionary.cpp, line 312]
Event: 59.841 Thread 0x000002777f344d80 Exception <a 'java/lang/IncompatibleClassChangeError'{0x00000000838a8498}: Found class java.lang.Object, but interface was expected> (0x00000000838a8498) 
thrown [s\src\hotspot\share\interpreter\linkResolver.cpp, line 851]
Event: 59.858 Thread 0x000002777f344d80 Exception <a 'java/lang/ClassNotFoundException'{0x00000000838cbf68}: groovy/lang/MetaClassImplCustomizer> (0x00000000838cbf68) 
thrown [s\src\hotspot\share\classfile\systemDictionary.cpp, line 312]

ZGC Phase Switch (0 events):
No events

VM Operations (20 events):
Event: 56.088 Executing VM operation: G1CollectForAllocation (G1 Evacuation Pause)
Event: 56.111 Executing VM operation: G1CollectForAllocation (G1 Evacuation Pause) done
Event: 57.040 Executing VM operation: HandshakeAllThreads (Deoptimize)
Event: 57.040 Executing VM operation: HandshakeAllThreads (Deoptimize) done
Event: 57.104 Executing VM operation: HandshakeAllThreads (Deoptimize)
Event: 57.108 Executing VM operation: HandshakeAllThreads (Deoptimize) done
Event: 57.761 Executing VM operation: HandshakeAllThreads (Deoptimize)
Event: 57.762 Executing VM operation: HandshakeAllThreads (Deoptimize) done
Event: 57.762 Executing VM operation: Cleanup
Event: 57.762 Executing VM operation: Cleanup done
Event: 57.765 Executing VM operation: HandshakeAllThreads (Deoptimize)
Event: 57.765 Executing VM operation: HandshakeAllThreads (Deoptimize) done
Event: 58.116 Executing VM operation: HandshakeAllThreads (Deoptimize)
Event: 58.116 Executing VM operation: HandshakeAllThreads (Deoptimize) done
Event: 58.524 Executing VM operation: G1CollectForAllocation (G1 Evacuation Pause)
Event: 58.553 Executing VM operation: G1CollectForAllocation (G1 Evacuation Pause) done
Event: 59.557 Executing VM operation: Cleanup
Event: 59.558 Executing VM operation: Cleanup done
Event: 59.577 Executing VM operation: HandshakeAllThreads (Deoptimize)
Event: 59.577 Executing VM operation: HandshakeAllThreads (Deoptimize) done

Memory protections (0 events):
No events

Nmethod flushes (20 events):
Event: 48.441 Thread 0x000002777d860030 flushing  nmethod 0x000002776a395190
Event: 48.441 Thread 0x000002777d860030 flushing  nmethod 0x000002776a39ca90
Event: 48.441 Thread 0x000002777d860030 flushing  nmethod 0x000002776a39e310
Event: 48.441 Thread 0x000002777d860030 flushing  nmethod 0x000002776a39f210
Event: 48.441 Thread 0x000002777d860030 flushing  nmethod 0x000002776a3add10
Event: 48.441 Thread 0x000002777d860030 flushing  nmethod 0x000002776a3ef010
Event: 48.441 Thread 0x000002777d860030 flushing  nmethod 0x000002776a425490
Event: 48.441 Thread 0x000002777d860030 flushing  nmethod 0x000002776a425890
Event: 48.441 Thread 0x000002777d860030 flushing  nmethod 0x000002776a425c90
Event: 48.441 Thread 0x000002777d860030 flushing  nmethod 0x000002776a436b90
Event: 48.441 Thread 0x000002777d860030 flushing  nmethod 0x000002776a464e10
Event: 48.441 Thread 0x000002777d860030 flushing  nmethod 0x000002776a474490
Event: 48.441 Thread 0x000002777d860030 flushing  nmethod 0x000002776a474990
Event: 48.441 Thread 0x000002777d860030 flushing  nmethod 0x000002776a476f10
Event: 48.441 Thread 0x000002777d860030 flushing  nmethod 0x000002776a478d10
Event: 48.441 Thread 0x000002777d860030 flushing  nmethod 0x000002776a479490
Event: 48.441 Thread 0x000002777d860030 flushing  nmethod 0x000002776a4a8790
Event: 48.441 Thread 0x000002777d860030 flushing  nmethod 0x000002776a4e2a90
Event: 48.441 Thread 0x000002777d860030 flushing  nmethod 0x000002776a4e3b90
Event: 48.441 Thread 0x000002777d860030 flushing  nmethod 0x000002776a4fc490

Events (20 events):
Event: 27.035 Thread 0x000002777db60f60 Thread added: 0x000002777ecfa190
Event: 27.082 Thread 0x000002777ecfa190 Thread added: 0x0000027704ac2450
Event: 27.443 Thread 0x000002777ecfa190 Thread added: 0x000002777e995a90
Event: 27.680 Thread 0x000002777ecfa190 Thread added: 0x000002777f344d80
Event: 27.781 Thread 0x000002777f344d80 Thread added: 0x000002777f3474e0
Event: 27.799 Thread 0x000002777f344d80 Thread added: 0x000002777f3446f0
Event: 27.826 Thread 0x000002777f344d80 Thread added: 0x000002777f345aa0
Event: 31.266 Thread 0x000002777f344d80 Thread added: 0x000002777f345410
Event: 31.304 Thread 0x000002777f344d80 Thread added: 0x000002777f346130
Event: 32.240 Thread 0x000002777f344d80 Thread added: 0x000002777f344060
Event: 48.625 Thread 0x000002777f344d80 Thread added: 0x0000027704284d50
Event: 48.923 Thread 0x000002777f344d80 Thread added: 0x00000277042853e0
Event: 51.275 Thread 0x000002777f344d80 Thread added: 0x0000027704285a70
Event: 51.303 Thread 0x000002777f344d80 Thread added: 0x00000277042825f0
Event: 53.287 Thread 0x000002777f344d80 Thread added: 0x0000027704286100
Event: 53.910 Thread 0x000002777f344d80 Thread added: 0x0000027704283310
Event: 55.518 Thread 0x000002777f344d80 Thread added: 0x0000027704282c80
Event: 56.067 Thread 0x000002777f344d80 Thread added: 0x0000027704286790
Event: 57.480 Thread 0x000002777f344d80 Thread added: 0x0000027704286e20
Event: 57.648 Thread 0x000002777f344d80 Thread added: 0x00000277042839a0


Dynamic libraries:
0x00007ff663020000 - 0x00007ff66302a000 	C:\Program Files\Android\Android Studio\jbr\bin\java.exe
0x00007ffa005c0000 - 0x00007ffa00827000 	C:\WINDOWS\SYSTEM32\ntdll.dll
0x00007ff9feba0000 - 0x00007ff9fec69000 	C:\WINDOWS\System32\KERNEL32.DLL
0x00007ff9fd350000 - 0x00007ff9fd744000 	C:\WINDOWS\System32\KERNELBASE.dll
0x00007ff9fcf40000 - 0x00007ff9fd08b000 	C:\WINDOWS\System32\ucrtbase.dll
0x00007ff9d8c60000 - 0x00007ff9d8c78000 	C:\Program Files\Android\Android Studio\jbr\bin\jli.dll
0x00007ff9ffb30000 - 0x00007ff9ffcf5000 	C:\WINDOWS\System32\USER32.dll
0x00007ff9e5bf0000 - 0x00007ff9e5c0b000 	C:\Program Files\Android\Android Studio\jbr\bin\VCRUNTIME140.dll
0x00007ff9fe140000 - 0x00007ff9fe167000 	C:\WINDOWS\System32\win32u.dll
0x00007ff9fee80000 - 0x00007ff9feeab000 	C:\WINDOWS\System32\GDI32.dll
0x00007ff9fe220000 - 0x00007ff9fe34b000 	C:\WINDOWS\System32\gdi32full.dll
0x00007ff9fe170000 - 0x00007ff9fe213000 	C:\WINDOWS\System32\msvcp_win.dll
0x00007ff9dc460000 - 0x00007ff9dc6f3000 	C:\WINDOWS\WinSxS\amd64_microsoft.windows.common-controls_6595b64144ccf1df_6.0.26100.8115_none_3e075c82e3354f9c\COMCTL32.dll
0x00007ff9fe3e0000 - 0x00007ff9fe489000 	C:\WINDOWS\System32\msvcrt.dll
0x00007ff9fe630000 - 0x00007ff9fe662000 	C:\WINDOWS\System32\IMM32.DLL
0x00007ff9ecad0000 - 0x00007ff9ecadc000 	C:\Program Files\Android\Android Studio\jbr\bin\vcruntime140_1.dll
0x00007ff9d38a0000 - 0x00007ff9d392d000 	C:\Program Files\Android\Android Studio\jbr\bin\msvcp140.dll
0x00007ff97b560000 - 0x00007ff97c1f6000 	C:\Program Files\Android\Android Studio\jbr\bin\server\jvm.dll
0x00007ff9fec70000 - 0x00007ff9fed26000 	C:\WINDOWS\System32\ADVAPI32.dll
0x00007ff9fed40000 - 0x00007ff9fede7000 	C:\WINDOWS\System32\sechost.dll
0x00007ff9fea80000 - 0x00007ff9feb98000 	C:\WINDOWS\System32\RPCRT4.dll
0x00007ff9fedf0000 - 0x00007ff9fee70000 	C:\WINDOWS\System32\WS2_32.dll
0x00007ff9d90f0000 - 0x00007ff9d9126000 	C:\WINDOWS\SYSTEM32\WINMM.dll
0x00007ff9ec080000 - 0x00007ff9ec08b000 	C:\WINDOWS\SYSTEM32\VERSION.dll
0x00007ff9fcd10000 - 0x00007ff9fcd6e000 	C:\WINDOWS\SYSTEM32\POWRPROF.dll
0x00007ff9fccf0000 - 0x00007ff9fcd04000 	C:\WINDOWS\SYSTEM32\UMPDC.dll
0x00007ff9fbc20000 - 0x00007ff9fbc3b000 	C:\WINDOWS\SYSTEM32\kernel.appcore.dll
0x00007ff9e7db0000 - 0x00007ff9e7dba000 	C:\Program Files\Android\Android Studio\jbr\bin\jimage.dll
0x00007ff9faf30000 - 0x00007ff9fb172000 	C:\WINDOWS\SYSTEM32\DBGHELP.DLL
0x00007ff9ff570000 - 0x00007ff9ff8f2000 	C:\WINDOWS\System32\combase.dll
0x00007ff9fe940000 - 0x00007ff9fea18000 	C:\WINDOWS\System32\OLEAUT32.dll
0x00007ff9e7d70000 - 0x00007ff9e7dab000 	C:\WINDOWS\SYSTEM32\dbgcore.DLL
0x00007ff9fce90000 - 0x00007ff9fcf35000 	C:\WINDOWS\System32\bcryptPrimitives.dll
0x00007ff9ebcd0000 - 0x00007ff9ebcde000 	C:\Program Files\Android\Android Studio\jbr\bin\instrument.dll
0x00007ff9dd710000 - 0x00007ff9dd730000 	C:\Program Files\Android\Android Studio\jbr\bin\java.dll
0x00007ff9da380000 - 0x00007ff9da398000 	C:\Program Files\Android\Android Studio\jbr\bin\zip.dll
0x00007ff9ffe00000 - 0x00007ffa00567000 	C:\WINDOWS\System32\SHELL32.dll
0x00007ff9fd090000 - 0x00007ff9fd1fa000 	C:\WINDOWS\System32\wintypes.dll
0x00007ff9fd8d0000 - 0x00007ff9fe138000 	C:\WINDOWS\System32\windows.storage.dll
0x00007ff9ffd00000 - 0x00007ff9ffdf8000 	C:\WINDOWS\System32\SHCORE.dll
0x00007ff9fe6f0000 - 0x00007ff9fe756000 	C:\WINDOWS\System32\shlwapi.dll
0x00007ff9fcdb0000 - 0x00007ff9fcdd9000 	C:\WINDOWS\SYSTEM32\profapi.dll
0x00007ff9df790000 - 0x00007ff9df7a0000 	C:\Program Files\Android\Android Studio\jbr\bin\net.dll
0x00007ff9ed8b0000 - 0x00007ff9ed9dd000 	C:\WINDOWS\SYSTEM32\WINHTTP.dll
0x00007ff9fc190000 - 0x00007ff9fc1fc000 	C:\WINDOWS\system32\mswsock.dll
0x00007ff9d8cb0000 - 0x00007ff9d8cc6000 	C:\Program Files\Android\Android Studio\jbr\bin\nio.dll
0x00007ff9d9ec0000 - 0x00007ff9d9ed0000 	C:\Program Files\Android\Android Studio\jbr\bin\verify.dll
0x00007ff9df040000 - 0x00007ff9df067000 	C:\Users\ofent\.gradle\native\660c5614fbf4a5f2a75b1949f50a0caf5cd603558e7d8a26e50b933a0cfb79d1\windows-amd64\native-platform.dll
0x00007ff9dd7c0000 - 0x00007ff9dd837000 	C:\Users\ofent\.gradle\native\0.2.8\x86_64-windows-gnu\gradle-fileevents.dll
0x00007ff9de5c0000 - 0x00007ff9de5c9000 	C:\Program Files\Android\Android Studio\jbr\bin\management.dll
0x00007ff9dd700000 - 0x00007ff9dd70b000 	C:\Program Files\Android\Android Studio\jbr\bin\management_ext.dll
0x00007ffa00570000 - 0x00007ffa00578000 	C:\WINDOWS\System32\PSAPI.DLL
0x00007ff9fb6d0000 - 0x00007ff9fb702000 	C:\WINDOWS\SYSTEM32\IPHLPAPI.DLL
0x00007ff9fe760000 - 0x00007ff9fe76a000 	C:\WINDOWS\System32\NSI.dll
0x00007ff9df030000 - 0x00007ff9df039000 	C:\Program Files\Android\Android Studio\jbr\bin\extnet.dll
0x00007ff9fc470000 - 0x00007ff9fc48b000 	C:\WINDOWS\SYSTEM32\CRYPTSP.dll
0x00007ff9fbb80000 - 0x00007ff9fbbb9000 	C:\WINDOWS\system32\rsaenh.dll
0x00007ff9fc240000 - 0x00007ff9fc273000 	C:\WINDOWS\SYSTEM32\USERENV.dll
0x00007ff9fcd80000 - 0x00007ff9fcdaa000 	C:\WINDOWS\SYSTEM32\bcrypt.dll
0x00007ff9fc490000 - 0x00007ff9fc49c000 	C:\WINDOWS\SYSTEM32\CRYPTBASE.dll
0x00007ff9da050000 - 0x00007ff9da058000 	C:\WINDOWS\system32\wshunix.dll

JVMTI agents:
C:\Users\ofent\.gradle\wrapper\dists\gradle-9.3.1-bin\23ovyewtku6u96viwx3xl3oks\gradle-9.3.1\lib\agents\gradle-instrumentation-agent-9.3.1.jar path:C:\Program Files\Android\Android Studio\jbr\bin\instrument.dll, loaded, initialized, instrumentlib options:none

dbghelp: loaded successfully - version: 4.0.5 - missing functions: none
symbol engine: initialized successfully - sym options: 0x614 - pdb path: .;C:\Program Files\Android\Android Studio\jbr\bin;C:\WINDOWS\SYSTEM32;C:\WINDOWS\WinSxS\amd64_microsoft.windows.common-controls_6595b64144ccf1df_6.0.26100.8115_none_3e075c82e3354f9c;C:\Program Files\Android\Android Studio\jbr\bin\server;C:\Users\ofent\.gradle\native\660c5614fbf4a5f2a75b1949f50a0caf5cd603558e7d8a26e50b933a0cfb79d1\windows-amd64;C:\Users\ofent\.gradle\native\0.2.8\x86_64-windows-gnu

VM Arguments:
jvm_args: --add-opens=java.base/java.lang=ALL-UNNAMED --add-opens=java.base/java.lang.invoke=ALL-UNNAMED --add-opens=java.base/java.util=ALL-UNNAMED --add-opens=java.prefs/java.util.prefs=ALL-UNNAMED --add-exports=jdk.compiler/com.sun.tools.javac.api=ALL-UNNAMED --add-exports=jdk.compiler/com.sun.tools.javac.util=ALL-UNNAMED --add-opens=java.base/java.util=ALL-UNNAMED --add-opens=java.prefs/java.util.prefs=ALL-UNNAMED --add-opens=java.base/java.nio.charset=ALL-UNNAMED --add-opens=java.base/java.net=ALL-UNNAMED --add-opens=java.base/java.util.concurrent=ALL-UNNAMED --add-opens=java.base/java.util.concurrent.atomic=ALL-UNNAMED --add-opens=java.xml/javax.xml.namespace=ALL-UNNAMED --add-opens=java.base/java.time=ALL-UNNAMED -Xmx2048m -Dfile.encoding=UTF-8 -Duser.country=ZA -Duser.language=en -Duser.variant -javaagent:C:\Users\ofent\.gradle\wrapper\dists\gradle-9.3.1-bin\23ovyewtku6u96viwx3xl3oks\gradle-9.3.1\lib\agents\gradle-instrumentation-agent-9.3.1.jar 
java_command: org.gradle.launcher.daemon.bootstrap.GradleDaemon 9.3.1
java_class_path (initial): C:\Users\ofent\.gradle\wrapper\dists\gradle-9.3.1-bin\23ovyewtku6u96viwx3xl3oks\gradle-9.3.1\lib\gradle-daemon-main-9.3.1.jar
Launcher Type: SUN_STANDARD

[Global flags]
     intx CICompilerCount                          = 2                                         {product} {ergonomic}
     uint ConcGCThreads                            = 1                                         {product} {ergonomic}
     uint G1ConcRefinementThreads                  = 2                                         {product} {ergonomic}
   size_t G1HeapRegionSize                         = 1048576                                   {product} {ergonomic}
    uintx GCDrainStackTargetSize                   = 64                                        {product} {ergonomic}
   size_t InitialHeapSize                          = 65011712                                  {product} {ergonomic}
   size_t MarkStackSize                            = 4194304                                   {product} {ergonomic}
   size_t MaxHeapSize                              = 2147483648                                {product} {command line}
   size_t MaxNewSize                               = 1287651328                                {product} {ergonomic}
   size_t MinHeapDeltaBytes                        = 1048576                                   {product} {ergonomic}
   size_t MinHeapSize                              = 8388608                                   {product} {ergonomic}
    uintx NonNMethodCodeHeapSize                   = 5826188                                {pd product} {ergonomic}
    uintx NonProfiledCodeHeapSize                  = 122916026                              {pd product} {ergonomic}
    uintx ProfiledCodeHeapSize                     = 122916026                              {pd product} {ergonomic}
    uintx ReservedCodeCacheSize                    = 251658240                              {pd product} {ergonomic}
     bool SegmentedCodeCache                       = true                                      {product} {ergonomic}
   size_t SoftMaxHeapSize                          = 2147483648                             {manageable} {ergonomic}
     bool UseCompressedOops                        = true                           {product lp64_product} {ergonomic}
     bool UseG1GC                                  = true                                      {product} {ergonomic}
     bool UseLargePagesIndividualAllocation        = false                                  {pd product} {ergonomic}

Logging:
Log output configuration:
 #0: stdout all=warning uptime,level,tags foldmultilines=false
 #1: stderr all=off uptime,level,tags foldmultilines=false

Release file:
JAVA_VERSION="21.0.9" 
MODULES="java.base java.compiler java.datatransfer java.xml java.prefs java.desktop java.instrument java.logging java.management java.security.sasl java.naming java.rmi java.management.rmi java.net.http java.scripting java.security.jgss java.transaction.xa java.sql java.sql.rowset java.xml.crypto java.se java.smartcardio jdk.accessibility jdk.internal.jvmstat jdk.attach jdk.charsets jdk.internal.opt jdk.zipfs jdk.compiler jdk.crypto.ec jdk.crypto.cryptoki jdk.dynalink jdk.hotspot.agent jdk.httpserver jdk.internal.ed jdk.internal.le jdk.internal.vm.ci jdk.jartool jdk.javadoc jdk.jcmd jdk.jdeps jdk.jdwp.agent jdk.jdi jdk.jfr jdk.jlink jdk.jsobject jdk.localedata jdk.management jdk.management.agent jdk.management.jfr jdk.naming.dns jdk.naming.rmi jdk.net jdk.sctp jdk.security.auth jdk.security.jgss jdk.unsupported jdk.unsupported.desktop jdk.xml.dom" 
IMPLEMENTOR="JetBrains s.r.o." 
JAVA_RUNTIME_VERSION="21.0.9+-14787801-b1163.94" 
LIBC="default" 
OS_ARCH="x86_64" 
OS_NAME="Windows" 
SOURCE=".:git:0c757ddc9f2f" 

Environment Variables:
PATH=C:\WINDOWS\system32;C:\WINDOWS;C:\WINDOWS\System32\Wbem;C:\WINDOWS\System32\WindowsPowerShell\v1.0\;C:\WINDOWS\System32\OpenSSH\;C:\Users\ofent\AppData\Local\Microsoft\WindowsApps;C:\Users\ofent\AppData\Local\Programs\Microsoft VS Code\bin;
USERNAME=ofent
OS=Windows_NT
PROCESSOR_IDENTIFIER=Intel64 Family 6 Model 122 Stepping 8, GenuineIntel
TMP=C:\Users\ofent\AppData\Local\Temp
TEMP=C:\Users\ofent\AppData\Local\Temp




Periodic native trim disabled

JNI global refs:
JNI global refs: 23, weak refs: 1

JNI global refs memory usage: 835, weak refs: 833

Process memory usage:
Resident Set Size: 184040K (4% of 4014332K total physical memory with 169040K free physical memory)

OOME stack traces (most recent first):
Classloader memory used:
Loader org.gradle.internal.classloader.VisitableURLClassLoader                         : 23309K
Loader bootstrap                                                                       : 19977K
Loader org.gradle.initialization.MixInLegacyTypesClassLoader                           : 4406K
Loader jdk.internal.loader.ClassLoaders$AppClassLoader                                 : 229K
Loader jdk.internal.loader.ClassLoaders$PlatformClassLoader                            : 148K
Loader org.gradle.groovy.scripts.internal.DefaultScriptCompilationHandler$ScriptClassLoader: 4824B

Classes loaded by more than one classloader:
Class org.gradle.internal.classloader.FilteringClassLoader                            : loaded 2 times (x 105B)
Class org.gradle.internal.classloader.ClassLoaderHierarchy                            : loaded 2 times (x 70B)
Class org.gradle.api.internal.classpath.ManifestUtil                                  : loaded 2 times (x 71B)
Class org.gradle.internal.classloader.DefaultClassLoaderFactory                       : loaded 2 times (x 82B)
Class org.gradle.internal.classloader.ClassLoaderVisitor                              : loaded 2 times (x 76B)
Class org.gradle.api.internal.classpath.EffectiveClassPath                            : loaded 2 times (x 90B)
Class org.gradle.api.internal.DefaultClassPathProvider                                : loaded 2 times (x 76B)
Class [Lorg.gradle.api.internal.ClassPathProvider;                                    : loaded 2 times (x 69B)
Class org.gradle.api.internal.ClassPathProvider                                       : loaded 2 times (x 70B)
Class org.gradle.internal.service.UnknownServiceException                             : loaded 2 times (x 83B)
Class org.gradle.internal.classpath.TransformedClassPath                              : loaded 2 times (x 96B)
Class org.gradle.internal.classloader.InstrumentingClassLoader                        : loaded 2 times (x 70B)
Class org.gradle.internal.service.ServiceLocator                                      : loaded 2 times (x 70B)
Class org.gradle.internal.classloader.ClasspathUtil$1                                 : loaded 2 times (x 76B)
Class org.gradle.api.internal.classpath.DefaultModuleRegistry$DefaultModule           : loaded 2 times (x 86B)
Class org.gradle.api.internal.classpath.Module                                        : loaded 2 times (x 70B)
Class org.gradle.api.internal.classpath.UnknownModuleException                        : loaded 2 times (x 82B)
Class org.gradle.api.internal.DefaultClassPathRegistry                                : loaded 2 times (x 76B)
Class org.gradle.api.internal.ClassPathRegistry                                       : loaded 2 times (x 70B)
Class org.gradle.internal.classpath.DefaultClassPath$ImmutableUniqueList              : loaded 2 times (x 199B)
Class org.gradle.internal.classpath.ClassPath                                         : loaded 2 times (x 70B)
Class org.gradle.api.internal.classpath.ModuleRegistry                                : loaded 2 times (x 70B)
Class org.gradle.internal.installation.GradleInstallation$1                           : loaded 2 times (x 75B)
Class org.gradle.api.internal.classpath.DefaultModuleRegistry                         : loaded 2 times (x 86B)
Class org.gradle.internal.service.ServiceLookupException                              : loaded 2 times (x 82B)
Class org.gradle.internal.classloader.ClassLoaderFactory                              : loaded 2 times (x 70B)
Class org.gradle.internal.service.CachingServiceLocator                               : loaded 2 times (x 82B)
Class org.gradle.internal.classloader.ClasspathUtil                                   : loaded 2 times (x 71B)
Class org.gradle.api.specs.Spec                                                       : loaded 2 times (x 70B)
Class org.gradle.internal.classloader.VisitableURLClassLoader$InstrumentingVisitableURLClassLoader: loaded 2 times (x 123B)
Class org.gradle.internal.classloader.VisitableURLClassLoader$Spec                    : loaded 2 times (x 74B)
Class org.gradle.internal.classpath.DefaultClassPath                                  : loaded 2 times (x 90B)
Class org.gradle.internal.classloader.ClassLoaderSpec                                 : loaded 2 times (x 71B)
Class org.gradle.internal.classloader.VisitableURLClassLoader                         : loaded 2 times (x 117B)
Class org.gradle.internal.Cast                                                        : loaded 2 times (x 71B)
Class org.gradle.api.Action                                                           : loaded 2 times (x 70B)
Class org.gradle.internal.classpath.DefaultClassPath$ImmutableUniqueList$Builder      : loaded 2 times (x 75B)
Class org.gradle.api.GradleException                                                  : loaded 2 times (x 82B)
Class org.gradle.internal.IoActions                                                   : loaded 2 times (x 71B)
Class org.gradle.internal.classloader.SystemClassLoaderSpec                           : loaded 2 times (x 71B)
Class org.gradle.api.internal.classpath.GlobalCacheRootsProvider                      : loaded 2 times (x 70B)
Class org.gradle.internal.installation.CurrentGradleInstallationLocator               : loaded 2 times (x 71B)
Class org.gradle.internal.service.DefaultServiceLocator                               : loaded 2 times (x 83B)
Class org.gradle.internal.installation.CurrentGradleInstallation                      : loaded 2 times (x 73B)
Class org.gradle.util.internal.GUtil                                                  : loaded 2 times (x 71B)
Class org.gradle.internal.installation.GradleInstallation                             : loaded 2 times (x 75B)

---------------  S Y S T E M  ---------------

OS:
 Windows 11 , 64 bit Build 26100 (10.0.26100.8246)
OS uptime: 9 days 2:23 hours

CPU: total 2 (initial active 2) (2 cores per cpu, 1 threads per core) family 6 model 122 stepping 8 microcode 0x18, cx8, cmov, fxsr, mmx, 3dnowpref, sse, sse2, sse3, ssse3, sse4.1, sse4.2, popcnt, tsc, tscinvbit, aes, erms, clmul, sha, clflush, clflushopt, rdtscp, rdpid
Processor Information for the first 2 processors :
  Max Mhz: 1100, Current Mhz: 1100, Mhz Limit: 1100

Memory: 4k page, system-wide physical 3920M (165M free)
TotalPageFile size 11236M (AvailPageFile size 9M)
current process WorkingSet (physical memory assigned to process): 180M, peak: 180M
current process commit charge ("private bytes"): 223M, peak: 224M

vm_info: OpenJDK 64-Bit Server VM (21.0.9+-14787801-b1163.94) for windows-amd64 JRE (21.0.9+-14787801-b1163.94), built on 2026-01-27T21:15:44Z by "builder" with MS VC++ 16.10 / 16.11 (VS2019)

END.
