#
# There is insufficient memory for the Java Runtime Environment to continue.
# Native memory allocation (malloc) failed to allocate 780976 bytes. Error detail: Chunk::new
# Possible reasons:
#   The system is out of physical RAM or swap space
#   This process is running with CompressedOops enabled, and the Java Heap may be blocking the growth of the native heap
# Possible solutions:
#   Reduce memory load on the system
#   Increase physical memory or swap space
#   Check if swap backing store is full
#   Decrease Java heap size (-Xmx/-Xms)
#   Decrease number of Java threads
#   Decrease Java thread stack sizes (-Xss)
#   Set larger code cache with -XX:ReservedCodeCacheSize=
#   JVM is running with Unscaled Compressed Oops mode in which the Java heap is
#     placed in the first 4GB address space. The Java Heap base address is the
#     maximum limit for the native heap growth. Please use -XX:HeapBaseMinAddress
#     to set the Java Heap base and to place the Java Heap above 4GB virtual address.
# This output file may be truncated or incomplete.
#
#  Out of Memory Error (arena.cpp:168), pid=10428, tid=15520
#
# JRE version: OpenJDK Runtime Environment (21.0.9) (build 21.0.9+-14787801-b1163.94)
# Java VM: OpenJDK 64-Bit Server VM (21.0.9+-14787801-b1163.94, mixed mode, tiered, compressed oops, compressed class ptrs, g1 gc, windows-amd64)
# No core dump will be written. Minidumps are not enabled by default on client versions of Windows
#

---------------  S U M M A R Y ------------

Command Line: --add-opens=java.base/java.lang=ALL-UNNAMED --add-opens=java.base/java.lang.invoke=ALL-UNNAMED --add-opens=java.base/java.util=ALL-UNNAMED --add-opens=java.prefs/java.util.prefs=ALL-UNNAMED --add-exports=jdk.compiler/com.sun.tools.javac.api=ALL-UNNAMED --add-exports=jdk.compiler/com.sun.tools.javac.util=ALL-UNNAMED --add-opens=java.base/java.util=ALL-UNNAMED --add-opens=java.prefs/java.util.prefs=ALL-UNNAMED --add-opens=java.base/java.nio.charset=ALL-UNNAMED --add-opens=java.base/java.net=ALL-UNNAMED --add-opens=java.base/java.util.concurrent=ALL-UNNAMED --add-opens=java.base/java.util.concurrent.atomic=ALL-UNNAMED --add-opens=java.xml/javax.xml.namespace=ALL-UNNAMED --add-opens=java.base/java.time=ALL-UNNAMED -Xmx2048m -Dfile.encoding=UTF-8 -Duser.country=ZA -Duser.language=en -Duser.variant -javaagent:C:\Users\ofent\.gradle\wrapper\dists\gradle-9.3.1-bin\23ovyewtku6u96viwx3xl3oks\gradle-9.3.1\lib\agents\gradle-instrumentation-agent-9.3.1.jar org.gradle.launcher.daemon.bootstrap.GradleDaemon 9.3.1

Host: Intel(R) Celeron(R) N4020 CPU @ 1.10GHz, 2 cores, 3G,  Windows 11 , 64 bit Build 26100 (10.0.26100.8246)
Time: Tue Apr 28 21:50:41 2026 South Africa Standard Time elapsed time: 107.619869 seconds (0d 0h 1m 47s)

---------------  T H R E A D  ---------------

Current thread (0x0000025f3088de10):  JavaThread "C2 CompilerThread0" daemon [_thread_in_native, id=15520, stack(0x000000a720000000,0x000000a720100000) (1024K)]


Current CompileTask:
C2:107621 6150   !   4       sun.reflect.annotation.AnnotationParser::parseAnnotations (37 bytes)

Stack: [0x000000a720000000,0x000000a720100000]
Native frames: (J=compiled Java code, j=interpreted, Vv=VM code, C=native code)
V  [jvm.dll+0x6d6c99]
V  [jvm.dll+0x866b83]
V  [jvm.dll+0x8691ae]
V  [jvm.dll+0x869893]
V  [jvm.dll+0x280776]
V  [jvm.dll+0xc07cd]
V  [jvm.dll+0xc0d03]
V  [jvm.dll+0x2f5a10]
V  [jvm.dll+0x5ff9a9]
V  [jvm.dll+0x252572]
V  [jvm.dll+0x24ad6d]
V  [jvm.dll+0x24892e]
V  [jvm.dll+0x1c7344]
V  [jvm.dll+0x2581ae]
V  [jvm.dll+0x2566f6]
V  [jvm.dll+0x3f48a6]
V  [jvm.dll+0x80f118]
V  [jvm.dll+0x6d54ed]
C  [ucrtbase.dll+0x37b0]
C  [KERNEL32.DLL+0x2e8d7]
C  [ntdll.dll+0x8c3fc]


---------------  P R O C E S S  ---------------

Threads class SMR info:
_java_thread_list=0x0000025f38248680, length=37, elements={
0x0000025f19da9160, 0x0000025f308702e0, 0x0000025f3072bc20, 0x0000025f30886f60,
0x0000025f30888cd0, 0x0000025f30889730, 0x0000025f3088ad00, 0x0000025f3088d080,
0x0000025f3088de10, 0x0000025f30899ef0, 0x0000025f30b7d8b0, 0x0000025f35492030,
0x0000025f35d1a8e0, 0x0000025f3661a860, 0x0000025f36b680f0, 0x0000025f35dd7070,
0x0000025f352b2780, 0x0000025f360f9050, 0x0000025f360f7ca0, 0x0000025f360f96e0,
0x0000025f360f9d70, 0x0000025f360fb120, 0x0000025f360fa400, 0x0000025f360faa90,
0x0000025f36e9dc40, 0x0000025f36ea03a0, 0x0000025f36e9d5b0, 0x0000025f36e9f680,
0x0000025f36e9e2d0, 0x0000025f36e9fd10, 0x0000025f36e9e960, 0x0000025f36e9cf20,
0x0000025f36e94f30, 0x0000025f36e97690, 0x0000025f36e962e0, 0x0000025f36e955c0,
0x0000025f36e97d20
}

Java Threads: ( => current thread )
  0x0000025f19da9160 JavaThread "main"                              [_thread_blocked, id=10036, stack(0x000000a71f100000,0x000000a71f200000) (1024K)]
  0x0000025f308702e0 JavaThread "Common-Cleaner"             daemon [_thread_blocked, id=6928, stack(0x000000a71f900000,0x000000a71fa00000) (1024K)]
  0x0000025f3072bc20 JavaThread "Reference Handler"          daemon [_thread_blocked, id=13416, stack(0x000000a71fa00000,0x000000a71fb00000) (1024K)]
  0x0000025f30886f60 JavaThread "Finalizer"                  daemon [_thread_blocked, id=11640, stack(0x000000a71fb00000,0x000000a71fc00000) (1024K)]
  0x0000025f30888cd0 JavaThread "Signal Dispatcher"          daemon [_thread_blocked, id=13336, stack(0x000000a71fc00000,0x000000a71fd00000) (1024K)]
  0x0000025f30889730 JavaThread "Attach Listener"            daemon [_thread_blocked, id=20316, stack(0x000000a71fd00000,0x000000a71fe00000) (1024K)]
  0x0000025f3088ad00 JavaThread "Service Thread"             daemon [_thread_blocked, id=5484, stack(0x000000a71fe00000,0x000000a71ff00000) (1024K)]
  0x0000025f3088d080 JavaThread "Monitor Deflation Thread"   daemon [_thread_blocked, id=15572, stack(0x000000a71ff00000,0x000000a720000000) (1024K)]
=>0x0000025f3088de10 JavaThread "C2 CompilerThread0"         daemon [_thread_in_native, id=15520, stack(0x000000a720000000,0x000000a720100000) (1024K)]
  0x0000025f30899ef0 JavaThread "C1 CompilerThread0"         daemon [_thread_blocked, id=17356, stack(0x000000a720100000,0x000000a720200000) (1024K)]
  0x0000025f30b7d8b0 JavaThread "Notification Thread"        daemon [_thread_blocked, id=20696, stack(0x000000a720200000,0x000000a720300000) (1024K)]
  0x0000025f35492030 JavaThread "Daemon health stats"               [_thread_blocked, id=5880, stack(0x000000a720400000,0x000000a720500000) (1024K)]
  0x0000025f35d1a8e0 JavaThread "Incoming local TCP Connector on port 49535"        [_thread_in_native, id=14756, stack(0x000000a720500000,0x000000a720600000) (1024K)]
  0x0000025f3661a860 JavaThread "Daemon periodic checks"            [_thread_blocked, id=8824, stack(0x000000a720600000,0x000000a720700000) (1024K)]
  0x0000025f36b680f0 JavaThread "Daemon"                            [_thread_blocked, id=19520, stack(0x000000a720700000,0x000000a720800000) (1024K)]
  0x0000025f35dd7070 JavaThread "Handler for socket connection from /127.0.0.1:49535 to /127.0.0.1:49536"        [_thread_in_native, id=20404, stack(0x000000a720800000,0x000000a720900000) (1024K)]
  0x0000025f352b2780 JavaThread "Cancel handler"                    [_thread_blocked, id=19588, stack(0x000000a720900000,0x000000a720a00000) (1024K)]
  0x0000025f360f9050 JavaThread "Daemon worker"                     [_thread_in_vm, id=7740, stack(0x000000a720a00000,0x000000a720b00000) (1024K)]
  0x0000025f360f7ca0 JavaThread "Asynchronous log dispatcher for DefaultDaemonConnection: socket connection from /127.0.0.1:49535 to /127.0.0.1:49536"        [_thread_blocked, id=15376, stack(0x000000a720b00000,0x000000a720c00000) (1024K)]
  0x0000025f360f96e0 JavaThread "Stdin handler"                     [_thread_blocked, id=15160, stack(0x000000a720c00000,0x000000a720d00000) (1024K)]
  0x0000025f360f9d70 JavaThread "Daemon client event forwarder"        [_thread_blocked, id=14448, stack(0x000000a720d00000,0x000000a720e00000) (1024K)]
  0x0000025f360fb120 JavaThread "Cache worker for journal cache (C:\Users\ofent\.gradle\caches\journal-1)"        [_thread_blocked, id=7228, stack(0x000000a720e00000,0x000000a720f00000) (1024K)]
  0x0000025f360fa400 JavaThread "File lock request listener"        [_thread_in_native, id=15040, stack(0x000000a720f00000,0x000000a721000000) (1024K)]
  0x0000025f360faa90 JavaThread "Cache worker for file hash cache (C:\Users\ofent\.gradle\caches\9.3.1\fileHashes)"        [_thread_blocked, id=14372, stack(0x000000a721000000,0x000000a721100000) (1024K)]
  0x0000025f36e9dc40 JavaThread "Cache worker for file hash cache (C:\Users\ofent\AndroidStudioProjects\BudgetTrackerApp3\.gradle\9.3.1\fileHashes)"        [_thread_blocked, id=15928, stack(0x000000a71ef00000,0x000000a71f000000) (1024K)]
  0x0000025f36ea03a0 JavaThread "Cache worker for Build Output Cleanup Cache (C:\Users\ofent\AndroidStudioProjects\BudgetTrackerApp3\.gradle\buildOutputCleanup)"        [_thread_blocked, id=8520, stack(0x000000a71f000000,0x000000a71f100000) (1024K)]
  0x0000025f36e9d5b0 JavaThread "File watcher server"        daemon [_thread_in_native, id=14324, stack(0x000000a721100000,0x000000a721200000) (1024K)]
  0x0000025f36e9f680 JavaThread "File watcher consumer"      daemon [_thread_blocked, id=14360, stack(0x000000a721200000,0x000000a721300000) (1024K)]
  0x0000025f36e9e2d0 JavaThread "Cache worker for checksums cache (C:\Users\ofent\AndroidStudioProjects\BudgetTrackerApp3\.gradle\9.3.1\checksums)"        [_thread_blocked, id=4072, stack(0x000000a721300000,0x000000a721400000) (1024K)]
  0x0000025f36e9fd10 JavaThread "Cache worker for file content cache (C:\Users\ofent\.gradle\caches\9.3.1\fileContent)"        [_thread_blocked, id=17708, stack(0x000000a721400000,0x000000a721500000) (1024K)]
  0x0000025f36e9e960 JavaThread "Cache worker for cache directory md-supplier (C:\Users\ofent\.gradle\caches\9.3.1\md-supplier)"        [_thread_blocked, id=8392, stack(0x000000a721500000,0x000000a721600000) (1024K)]
  0x0000025f36e9cf20 JavaThread "Cache worker for cache directory md-rule (C:\Users\ofent\.gradle\caches\9.3.1\md-rule)"        [_thread_blocked, id=19972, stack(0x000000a721600000,0x000000a721700000) (1024K)]
  0x0000025f36e94f30 JavaThread "jar transforms"                    [_thread_blocked, id=15336, stack(0x000000a721700000,0x000000a721800000) (1024K)]
  0x0000025f36e97690 JavaThread "jar transforms Thread 2"           [_thread_blocked, id=19000, stack(0x000000a721800000,0x000000a721900000) (1024K)]
  0x0000025f36e962e0 JavaThread "Unconstrained build operations"        [_thread_blocked, id=13364, stack(0x000000a71ee00000,0x000000a71ef00000) (1024K)]
  0x0000025f36e955c0 JavaThread "Unconstrained build operations Thread 2"        [_thread_blocked, id=12460, stack(0x000000a721900000,0x000000a721a00000) (1024K)]
  0x0000025f36e97d20 JavaThread "Unconstrained build operations Thread 3"        [_thread_blocked, id=19924, stack(0x000000a721a00000,0x000000a721b00000) (1024K)]
Total: 37

Other Threads:
  0x0000025f306e7360 VMThread "VM Thread"                           [id=13728, stack(0x000000a71f800000,0x000000a71f900000) (1024K)]
  0x0000025f30653c00 WatcherThread "VM Periodic Task Thread"        [id=11920, stack(0x000000a71f700000,0x000000a71f800000) (1024K)]
  0x0000025f19e01310 WorkerThread "GC Thread#0"                     [id=2688, stack(0x000000a71f200000,0x000000a71f300000) (1024K)]
  0x0000025f3522b340 WorkerThread "GC Thread#1"                     [id=11964, stack(0x000000a720300000,0x000000a720400000) (1024K)]
  0x0000025f19e137e0 ConcurrentGCThread "G1 Main Marker"            [id=19064, stack(0x000000a71f300000,0x000000a71f400000) (1024K)]
  0x0000025f19e141f0 WorkerThread "G1 Conc#0"                       [id=19936, stack(0x000000a71f400000,0x000000a71f500000) (1024K)]
  0x0000025f19e65590 ConcurrentGCThread "G1 Refine#0"               [id=13704, stack(0x000000a71f500000,0x000000a71f600000) (1024K)]
  0x0000025f19e67ba0 ConcurrentGCThread "G1 Service"                [id=6876, stack(0x000000a71f600000,0x000000a71f700000) (1024K)]
Total: 8

Threads with active compile tasks:
C2 CompilerThread0  107750 6150   !   4       sun.reflect.annotation.AnnotationParser::parseAnnotations (37 bytes)
Total: 1

VM state: not at safepoint (normal execution)

VM Mutex/Monitor currently owned by a thread: None

Heap address: 0x0000000080000000, size: 2048 MB, Compressed Oops mode: 32-bit

CDS archive(s) not mapped
Compressed class space mapped at: 0x0000000100000000-0x0000000140000000, reserved size: 1073741824
Narrow klass base: 0x0000000000000000, Narrow klass shift: 3, Narrow klass range: 0x140000000

GC Precious Log:
 CardTable entry size: 512
 Card Set container configuration: InlinePtr #cards 5 size 8 Array Of Cards #cards 12 size 40 Howl #buckets 4 coarsen threshold 1843 Howl Bitmap #cards 512 size 80 coarsen threshold 460 Card regions per heap region 1 cards per card region 2048
 CPUs: 2 total, 2 available
 Memory: 3920M
 Large Page Support: Disabled
 NUMA Support: Disabled
 Compressed Oops: Enabled (32-bit)
 Heap Region Size: 1M
 Heap Min Capacity: 8M
 Heap Initial Capacity: 62M
 Heap Max Capacity: 2G
 Pre-touch: Disabled
 Parallel Workers: 2
 Concurrent Workers: 1
 Concurrent Refinement Workers: 2
 Periodic GC: Disabled

Heap:
 garbage-first heap   total 95232K, used 47233K [0x0000000080000000, 0x0000000100000000)
  region size 1024K, 7 young (7168K), 1 survivors (1024K)
 Metaspace       used 57993K, committed 59648K, reserved 1114112K
  class space    used 8207K, committed 8960K, reserved 1048576K

Heap Regions: E=young(eden), S=young(survivor), O=old, HS=humongous(starts), HC=humongous(continues), CS=collection set, F=free, TAMS=top-at-mark-start, PB=parsable bottom
|   0|0x0000000080000000, 0x0000000080100000, 0x0000000080100000|100%| O|  |TAMS 0x0000000080000000| PB 0x0000000080000000| Untracked 
|   1|0x0000000080100000, 0x0000000080200000, 0x0000000080200000|100%|HS|  |TAMS 0x0000000080100000| PB 0x0000000080100000| Complete 
|   2|0x0000000080200000, 0x0000000080300000, 0x0000000080300000|100%|HC|  |TAMS 0x0000000080200000| PB 0x0000000080200000| Complete 
|   3|0x0000000080300000, 0x0000000080400000, 0x0000000080400000|100%|HC|  |TAMS 0x0000000080300000| PB 0x0000000080300000| Complete 
|   4|0x0000000080400000, 0x0000000080500000, 0x0000000080500000|100%|HC|  |TAMS 0x0000000080400000| PB 0x0000000080400000| Complete 
|   5|0x0000000080500000, 0x0000000080600000, 0x0000000080600000|100%| O|  |TAMS 0x0000000080500000| PB 0x0000000080500000| Untracked 
|   6|0x0000000080600000, 0x0000000080700000, 0x0000000080700000|100%| O|  |TAMS 0x0000000080600000| PB 0x0000000080600000| Untracked 
|   7|0x0000000080700000, 0x0000000080800000, 0x0000000080800000|100%| O|  |TAMS 0x0000000080700000| PB 0x0000000080700000| Untracked 
|   8|0x0000000080800000, 0x0000000080900000, 0x0000000080900000|100%| O|Cm|TAMS 0x0000000080800000| PB 0x0000000080800000| Complete 
|   9|0x0000000080900000, 0x0000000080a00000, 0x0000000080a00000|100%| O|  |TAMS 0x0000000080900000| PB 0x0000000080900000| Untracked 
|  10|0x0000000080a00000, 0x0000000080b00000, 0x0000000080b00000|100%| O|  |TAMS 0x0000000080a00000| PB 0x0000000080a00000| Untracked 
|  11|0x0000000080b00000, 0x0000000080c00000, 0x0000000080c00000|100%| O|  |TAMS 0x0000000080b00000| PB 0x0000000080b00000| Untracked 
|  12|0x0000000080c00000, 0x0000000080d00000, 0x0000000080d00000|100%|HS|  |TAMS 0x0000000080c00000| PB 0x0000000080c00000| Complete 
|  13|0x0000000080d00000, 0x0000000080e00000, 0x0000000080e00000|100%| O|  |TAMS 0x0000000080d00000| PB 0x0000000080d00000| Untracked 
|  14|0x0000000080e00000, 0x0000000080f00000, 0x0000000080f00000|100%| O|  |TAMS 0x0000000080e00000| PB 0x0000000080e00000| Untracked 
|  15|0x0000000080f00000, 0x0000000081000000, 0x0000000081000000|100%| O|  |TAMS 0x0000000080f00000| PB 0x0000000080f00000| Untracked 
|  16|0x0000000081000000, 0x0000000081100000, 0x0000000081100000|100%| O|  |TAMS 0x0000000081000000| PB 0x0000000081000000| Untracked 
|  17|0x0000000081100000, 0x0000000081200000, 0x0000000081200000|100%| O|  |TAMS 0x0000000081100000| PB 0x0000000081100000| Untracked 
|  18|0x0000000081200000, 0x0000000081300000, 0x0000000081300000|100%| O|  |TAMS 0x0000000081200000| PB 0x0000000081200000| Untracked 
|  19|0x0000000081300000, 0x0000000081400000, 0x0000000081400000|100%| O|  |TAMS 0x0000000081300000| PB 0x0000000081300000| Untracked 
|  20|0x0000000081400000, 0x0000000081500000, 0x0000000081500000|100%| O|  |TAMS 0x0000000081400000| PB 0x0000000081400000| Untracked 
|  21|0x0000000081500000, 0x0000000081600000, 0x0000000081600000|100%| O|  |TAMS 0x0000000081500000| PB 0x0000000081500000| Untracked 
|  22|0x0000000081600000, 0x0000000081700000, 0x0000000081700000|100%| O|  |TAMS 0x0000000081600000| PB 0x0000000081600000| Untracked 
|  23|0x0000000081700000, 0x0000000081800000, 0x0000000081800000|100%| O|  |TAMS 0x0000000081700000| PB 0x0000000081700000| Untracked 
|  24|0x0000000081800000, 0x0000000081900000, 0x0000000081900000|100%| O|  |TAMS 0x0000000081800000| PB 0x0000000081800000| Untracked 
|  25|0x0000000081900000, 0x0000000081a00000, 0x0000000081a00000|100%| O|  |TAMS 0x0000000081900000| PB 0x0000000081900000| Untracked 
|  26|0x0000000081a00000, 0x0000000081b00000, 0x0000000081b00000|100%| O|  |TAMS 0x0000000081a00000| PB 0x0000000081a00000| Untracked 
|  27|0x0000000081b00000, 0x0000000081c00000, 0x0000000081c00000|100%| O|  |TAMS 0x0000000081b00000| PB 0x0000000081b00000| Untracked 
|  28|0x0000000081c00000, 0x0000000081d00000, 0x0000000081d00000|100%| O|  |TAMS 0x0000000081c00000| PB 0x0000000081c00000| Untracked 
|  29|0x0000000081d00000, 0x0000000081e00000, 0x0000000081e00000|100%| O|  |TAMS 0x0000000081d00000| PB 0x0000000081d00000| Untracked 
|  30|0x0000000081e00000, 0x0000000081f00000, 0x0000000081f00000|100%| O|  |TAMS 0x0000000081e00000| PB 0x0000000081e00000| Untracked 
|  31|0x0000000081f00000, 0x0000000082000000, 0x0000000082000000|100%| O|  |TAMS 0x0000000081f00000| PB 0x0000000081f00000| Untracked 
|  32|0x0000000082000000, 0x0000000082100000, 0x0000000082100000|100%| O|  |TAMS 0x0000000082000000| PB 0x0000000082000000| Untracked 
|  33|0x0000000082100000, 0x0000000082100000, 0x0000000082200000|  0%| F|  |TAMS 0x0000000082100000| PB 0x0000000082100000| Untracked 
|  34|0x0000000082200000, 0x0000000082200000, 0x0000000082300000|  0%| F|  |TAMS 0x0000000082200000| PB 0x0000000082200000| Untracked 
|  35|0x0000000082300000, 0x0000000082400000, 0x0000000082400000|100%| O|  |TAMS 0x0000000082300000| PB 0x0000000082300000| Untracked 
|  36|0x0000000082400000, 0x0000000082500000, 0x0000000082500000|100%| O|  |TAMS 0x0000000082400000| PB 0x0000000082400000| Untracked 
|  37|0x0000000082500000, 0x0000000082600000, 0x0000000082600000|100%|HS|  |TAMS 0x0000000082500000| PB 0x0000000082500000| Complete 
|  38|0x0000000082600000, 0x0000000082700000, 0x0000000082700000|100%|HC|  |TAMS 0x0000000082600000| PB 0x0000000082600000| Complete 
|  39|0x0000000082700000, 0x0000000082800000, 0x0000000082800000|100%| O|  |TAMS 0x0000000082700000| PB 0x0000000082700000| Untracked 
|  40|0x0000000082800000, 0x0000000082900000, 0x0000000082900000|100%| O|  |TAMS 0x0000000082800000| PB 0x0000000082800000| Untracked 
|  41|0x0000000082900000, 0x0000000082900000, 0x0000000082a00000|  0%| F|  |TAMS 0x0000000082900000| PB 0x0000000082900000| Untracked 
|  42|0x0000000082a00000, 0x0000000082a00000, 0x0000000082b00000|  0%| F|  |TAMS 0x0000000082a00000| PB 0x0000000082a00000| Untracked 
|  43|0x0000000082b00000, 0x0000000082c00000, 0x0000000082c00000|100%| O|  |TAMS 0x0000000082b00000| PB 0x0000000082b00000| Untracked 
|  44|0x0000000082c00000, 0x0000000082d00000, 0x0000000082d00000|100%| O|Cm|TAMS 0x0000000082c00000| PB 0x0000000082c00000| Complete 
|  45|0x0000000082d00000, 0x0000000082d982b0, 0x0000000082e00000| 59%| O|  |TAMS 0x0000000082d00000| PB 0x0000000082d00000| Untracked 
|  46|0x0000000082e00000, 0x0000000082e883c0, 0x0000000082f00000| 53%| S|CS|TAMS 0x0000000082e00000| PB 0x0000000082e00000| Complete 
|  47|0x0000000082f00000, 0x0000000082f00000, 0x0000000083000000|  0%| F|  |TAMS 0x0000000082f00000| PB 0x0000000082f00000| Untracked 
|  48|0x0000000083000000, 0x0000000083000000, 0x0000000083100000|  0%| F|  |TAMS 0x0000000083000000| PB 0x0000000083000000| Untracked 
|  49|0x0000000083100000, 0x0000000083100000, 0x0000000083200000|  0%| F|  |TAMS 0x0000000083100000| PB 0x0000000083100000| Untracked 
|  50|0x0000000083200000, 0x0000000083200000, 0x0000000083300000|  0%| F|  |TAMS 0x0000000083200000| PB 0x0000000083200000| Untracked 
|  51|0x0000000083300000, 0x0000000083300000, 0x0000000083400000|  0%| F|  |TAMS 0x0000000083300000| PB 0x0000000083300000| Untracked 
|  52|0x0000000083400000, 0x0000000083400000, 0x0000000083500000|  0%| F|  |TAMS 0x0000000083400000| PB 0x0000000083400000| Untracked 
|  53|0x0000000083500000, 0x0000000083500000, 0x0000000083600000|  0%| F|  |TAMS 0x0000000083500000| PB 0x0000000083500000| Untracked 
|  54|0x0000000083600000, 0x0000000083600000, 0x0000000083700000|  0%| F|  |TAMS 0x0000000083600000| PB 0x0000000083600000| Untracked 
|  55|0x0000000083700000, 0x0000000083700000, 0x0000000083800000|  0%| F|  |TAMS 0x0000000083700000| PB 0x0000000083700000| Untracked 
|  56|0x0000000083800000, 0x0000000083800000, 0x0000000083900000|  0%| F|  |TAMS 0x0000000083800000| PB 0x0000000083800000| Untracked 
|  57|0x0000000083900000, 0x0000000083900000, 0x0000000083a00000|  0%| F|  |TAMS 0x0000000083900000| PB 0x0000000083900000| Untracked 
|  58|0x0000000083a00000, 0x0000000083a00000, 0x0000000083b00000|  0%| F|  |TAMS 0x0000000083a00000| PB 0x0000000083a00000| Untracked 
|  59|0x0000000083b00000, 0x0000000083b00000, 0x0000000083c00000|  0%| F|  |TAMS 0x0000000083b00000| PB 0x0000000083b00000| Untracked 
|  60|0x0000000083c00000, 0x0000000083c00000, 0x0000000083d00000|  0%| F|  |TAMS 0x0000000083c00000| PB 0x0000000083c00000| Untracked 
|  61|0x0000000083d00000, 0x0000000083d00000, 0x0000000083e00000|  0%| F|  |TAMS 0x0000000083d00000| PB 0x0000000083d00000| Untracked 
|  62|0x0000000083e00000, 0x0000000083e00000, 0x0000000083f00000|  0%| F|  |TAMS 0x0000000083e00000| PB 0x0000000083e00000| Untracked 
|  63|0x0000000083f00000, 0x0000000083f00000, 0x0000000084000000|  0%| F|  |TAMS 0x0000000083f00000| PB 0x0000000083f00000| Untracked 
|  64|0x0000000084000000, 0x0000000084000000, 0x0000000084100000|  0%| F|  |TAMS 0x0000000084000000| PB 0x0000000084000000| Untracked 
|  65|0x0000000084100000, 0x0000000084100000, 0x0000000084200000|  0%| F|  |TAMS 0x0000000084100000| PB 0x0000000084100000| Untracked 
|  66|0x0000000084200000, 0x0000000084200000, 0x0000000084300000|  0%| F|  |TAMS 0x0000000084200000| PB 0x0000000084200000| Untracked 
|  67|0x0000000084300000, 0x0000000084300000, 0x0000000084400000|  0%| F|  |TAMS 0x0000000084300000| PB 0x0000000084300000| Untracked 
|  68|0x0000000084400000, 0x0000000084400000, 0x0000000084500000|  0%| F|  |TAMS 0x0000000084400000| PB 0x0000000084400000| Untracked 
|  69|0x0000000084500000, 0x0000000084500000, 0x0000000084600000|  0%| F|  |TAMS 0x0000000084500000| PB 0x0000000084500000| Untracked 
|  70|0x0000000084600000, 0x0000000084600000, 0x0000000084700000|  0%| F|  |TAMS 0x0000000084600000| PB 0x0000000084600000| Untracked 
|  71|0x0000000084700000, 0x0000000084700000, 0x0000000084800000|  0%| F|  |TAMS 0x0000000084700000| PB 0x0000000084700000| Untracked 
|  72|0x0000000084800000, 0x0000000084800000, 0x0000000084900000|  0%| F|  |TAMS 0x0000000084800000| PB 0x0000000084800000| Untracked 
|  73|0x0000000084900000, 0x0000000084900000, 0x0000000084a00000|  0%| F|  |TAMS 0x0000000084900000| PB 0x0000000084900000| Untracked 
|  74|0x0000000084a00000, 0x0000000084a00000, 0x0000000084b00000|  0%| F|  |TAMS 0x0000000084a00000| PB 0x0000000084a00000| Untracked 
|  75|0x0000000084b00000, 0x0000000084b00000, 0x0000000084c00000|  0%| F|  |TAMS 0x0000000084b00000| PB 0x0000000084b00000| Untracked 
|  76|0x0000000084c00000, 0x0000000084c00000, 0x0000000084d00000|  0%| F|  |TAMS 0x0000000084c00000| PB 0x0000000084c00000| Untracked 
|  77|0x0000000084d00000, 0x0000000084d00000, 0x0000000084e00000|  0%| F|  |TAMS 0x0000000084d00000| PB 0x0000000084d00000| Untracked 
|  78|0x0000000084e00000, 0x0000000084e00000, 0x0000000084f00000|  0%| F|  |TAMS 0x0000000084e00000| PB 0x0000000084e00000| Untracked 
|  79|0x0000000084f00000, 0x0000000084f00000, 0x0000000085000000|  0%| F|  |TAMS 0x0000000084f00000| PB 0x0000000084f00000| Untracked 
|  80|0x0000000085000000, 0x0000000085000000, 0x0000000085100000|  0%| F|  |TAMS 0x0000000085000000| PB 0x0000000085000000| Untracked 
|  81|0x0000000085100000, 0x0000000085100000, 0x0000000085200000|  0%| F|  |TAMS 0x0000000085100000| PB 0x0000000085100000| Untracked 
|  82|0x0000000085200000, 0x0000000085200000, 0x0000000085300000|  0%| F|  |TAMS 0x0000000085200000| PB 0x0000000085200000| Untracked 
|  83|0x0000000085300000, 0x0000000085300000, 0x0000000085400000|  0%| F|  |TAMS 0x0000000085300000| PB 0x0000000085300000| Untracked 
|  84|0x0000000085400000, 0x0000000085400000, 0x0000000085500000|  0%| F|  |TAMS 0x0000000085400000| PB 0x0000000085400000| Untracked 
|  85|0x0000000085500000, 0x0000000085500000, 0x0000000085600000|  0%| F|  |TAMS 0x0000000085500000| PB 0x0000000085500000| Untracked 
|  86|0x0000000085600000, 0x0000000085600000, 0x0000000085700000|  0%| F|  |TAMS 0x0000000085600000| PB 0x0000000085600000| Untracked 
|  87|0x0000000085700000, 0x0000000085800000, 0x0000000085800000|100%| E|  |TAMS 0x0000000085700000| PB 0x0000000085700000| Complete 
|  88|0x0000000085800000, 0x0000000085900000, 0x0000000085900000|100%| E|CS|TAMS 0x0000000085800000| PB 0x0000000085800000| Complete 
|  89|0x0000000085900000, 0x0000000085a00000, 0x0000000085a00000|100%| E|CS|TAMS 0x0000000085900000| PB 0x0000000085900000| Complete 
|  90|0x0000000085a00000, 0x0000000085b00000, 0x0000000085b00000|100%| E|  |TAMS 0x0000000085a00000| PB 0x0000000085a00000| Complete 
|  91|0x0000000085b00000, 0x0000000085c00000, 0x0000000085c00000|100%| E|CS|TAMS 0x0000000085b00000| PB 0x0000000085b00000| Complete 
|  92|0x0000000085c00000, 0x0000000085d00000, 0x0000000085d00000|100%| E|CS|TAMS 0x0000000085c00000| PB 0x0000000085c00000| Complete 

Card table byte_map: [0x0000025f2bf10000,0x0000025f2c310000] _byte_map_base: 0x0000025f2bb10000

Marking Bits: (CMBitMap*) 0x0000025f19e01920
 Bits: [0x0000025f2c310000, 0x0000025f2e310000)

Polling page: 0x0000025f17b50000

Metaspace:

Usage:
  Non-class:     48.65 MB used.
      Class:      8.02 MB used.
       Both:     56.67 MB used.

Virtual space:
  Non-class space:       64.00 MB reserved,      49.56 MB ( 77%) committed,  1 nodes.
      Class space:        1.00 GB reserved,       8.75 MB ( <1%) committed,  1 nodes.
             Both:        1.06 GB reserved,      58.31 MB (  5%) committed. 

Chunk freelists:
   Non-Class:  13.78 MB
       Class:  7.25 MB
        Both:  21.03 MB

MaxMetaspaceSize: unlimited
CompressedClassSpaceSize: 1.00 GB
Initial GC threshold: 21.00 MB
Current GC threshold: 96.06 MB
CDS: off
 - commit_granule_bytes: 65536.
 - commit_granule_words: 8192.
 - virtual_space_node_default_size: 8388608.
 - enlarge_chunks_in_place: 1.
 - use_allocation_guard: 0.


Internal statistics:

num_allocs_failed_limit: 6.
num_arena_births: 3158.
num_arena_deaths: 0.
num_vsnodes_births: 2.
num_vsnodes_deaths: 0.
num_space_committed: 933.
num_space_uncommitted: 0.
num_chunks_returned_to_freelist: 6.
num_chunks_taken_from_freelist: 5575.
num_chunk_merges: 3.
num_chunk_splits: 3598.
num_chunks_enlarged: 2169.
num_inconsistent_stats: 0.

CodeHeap 'non-profiled nmethods': size=120064Kb used=2647Kb max_used=2850Kb free=117416Kb
 bounds [0x0000025f249d0000, 0x0000025f24ca0000, 0x0000025f2bf10000]
CodeHeap 'profiled nmethods': size=120000Kb used=9672Kb max_used=9983Kb free=110327Kb
 bounds [0x0000025f1cf10000, 0x0000025f1d8e0000, 0x0000025f24440000]
CodeHeap 'non-nmethods': size=5696Kb used=1853Kb max_used=1870Kb free=3842Kb
 bounds [0x0000025f24440000, 0x0000025f246b0000, 0x0000025f249d0000]
CodeCache: size=245760Kb, used=14172Kb, max_used=14703Kb, free=231585Kb
 total_blobs=5884, nmethods=5135, adapters=654, full_count=0
Compilation: enabled, stopped_count=0, restarted_count=0

Compilation events (20 events):
Event: 107.287 Thread 0x0000025f30899ef0 6153       3       org.gradle.internal.instantiation.generator.AsmBackedClassGenerator$ClassBuilderImpl$$Lambda/0x00000001002f3328::apply (8 bytes)
Event: 107.288 Thread 0x0000025f30899ef0 nmethod 6153 0x0000025f1d188d10 code [0x0000025f1d188ec0, 0x0000025f1d1890d8]
Event: 107.288 Thread 0x0000025f30899ef0 6154       1       org.gradle.internal.instantiation.generator.AbstractClassGenerator$PropertyMetadata::access$1400 (5 bytes)
Event: 107.288 Thread 0x0000025f30899ef0 nmethod 6154 0x0000025f24a9b990 code [0x0000025f24a9bb20, 0x0000025f24a9bbd0]
Event: 107.301 Thread 0x0000025f30899ef0 6155       2       java.lang.invoke.LambdaFormEditor$Transform::equals (32 bytes)
Event: 107.301 Thread 0x0000025f30899ef0 nmethod 6155 0x0000025f1d00be10 code [0x0000025f1d00bfc0, 0x0000025f1d00c118]
Event: 107.312 Thread 0x0000025f30899ef0 6156       3       java.net.URI$Parser::scan (76 bytes)
Event: 107.314 Thread 0x0000025f30899ef0 nmethod 6156 0x0000025f1d66a590 code [0x0000025f1d66a7c0, 0x0000025f1d66b030]
Event: 107.315 Thread 0x0000025f30899ef0 6157       3       java.net.URI::match (56 bytes)
Event: 107.315 Thread 0x0000025f30899ef0 nmethod 6157 0x0000025f1d123690 code [0x0000025f1d123840, 0x0000025f1d123b10]
Event: 107.338 Thread 0x0000025f30899ef0 6158       3       org.gradle.internal.resource.ExternalResourceName::isLowerCaseChar (18 bytes)
Event: 107.338 Thread 0x0000025f30899ef0 nmethod 6158 0x0000025f1cf43110 code [0x0000025f1cf432a0, 0x0000025f1cf43410]
Event: 107.340 Thread 0x0000025f30899ef0 6159       3       org.gradle.internal.logging.events.CategorisedOutputEvent::<init> (21 bytes)
Event: 107.341 Thread 0x0000025f30899ef0 nmethod 6159 0x0000025f1d427610 code [0x0000025f1d4277c0, 0x0000025f1d427a40]
Event: 107.342 Thread 0x0000025f30899ef0 6160       3       org.gradle.internal.model.InMemoryCacheFactory$DefaultLoadingCache::get (32 bytes)
Event: 107.342 Thread 0x0000025f30899ef0 nmethod 6160 0x0000025f1cfc0290 code [0x0000025f1cfc0460, 0x0000025f1cfc0768]
Event: 107.344 Thread 0x0000025f30899ef0 6161       3       com.google.common.collect.ImmutableMap::keySet (23 bytes)
Event: 107.344 Thread 0x0000025f30899ef0 nmethod 6161 0x0000025f1d6b4510 code [0x0000025f1d6b46c0, 0x0000025f1d6b4958]
Event: 107.345 Thread 0x0000025f30899ef0 6162       3       com.google.common.collect.ImmutableSet$CachingAsList::asList (21 bytes)
Event: 107.346 Thread 0x0000025f30899ef0 nmethod 6162 0x0000025f1cf67d90 code [0x0000025f1cf67f40, 0x0000025f1cf681c0]

GC Heap History (20 events):
Event: 77.209 GC heap before
{Heap before GC invocations=15 (full 0):
 garbage-first heap   total 63488K, used 52685K [0x0000000080000000, 0x0000000100000000)
  region size 1024K, 29 young (29696K), 3 survivors (3072K)
 Metaspace       used 38968K, committed 39808K, reserved 1114112K
  class space    used 5244K, committed 5632K, reserved 1048576K
}
Event: 77.241 GC heap after
{Heap after GC invocations=16 (full 0):
 garbage-first heap   total 63488K, used 28185K [0x0000000080000000, 0x0000000100000000)
  region size 1024K, 2 young (2048K), 2 survivors (2048K)
 Metaspace       used 38968K, committed 39808K, reserved 1114112K
  class space    used 5244K, committed 5632K, reserved 1048576K
}
Event: 82.023 GC heap before
{Heap before GC invocations=16 (full 0):
 garbage-first heap   total 63488K, used 54809K [0x0000000080000000, 0x0000000100000000)
  region size 1024K, 28 young (28672K), 2 survivors (2048K)
 Metaspace       used 42328K, committed 43456K, reserved 1114112K
  class space    used 5840K, committed 6400K, reserved 1048576K
}
Event: 82.056 GC heap after
{Heap after GC invocations=17 (full 0):
 garbage-first heap   total 63488K, used 29783K [0x0000000080000000, 0x0000000100000000)
  region size 1024K, 4 young (4096K), 4 survivors (4096K)
 Metaspace       used 42328K, committed 43456K, reserved 1114112K
  class space    used 5840K, committed 6400K, reserved 1048576K
}
Event: 83.903 GC heap before
{Heap before GC invocations=17 (full 0):
 garbage-first heap   total 63488K, used 54359K [0x0000000080000000, 0x0000000100000000)
  region size 1024K, 29 young (29696K), 4 survivors (4096K)
 Metaspace       used 46559K, committed 47808K, reserved 1114112K
  class space    used 6436K, committed 7040K, reserved 1048576K
}
Event: 83.941 GC heap after
{Heap after GC invocations=18 (full 0):
 garbage-first heap   total 63488K, used 31354K [0x0000000080000000, 0x0000000100000000)
  region size 1024K, 4 young (4096K), 4 survivors (4096K)
 Metaspace       used 46559K, committed 47808K, reserved 1114112K
  class space    used 6436K, committed 7040K, reserved 1048576K
}
Event: 87.848 GC heap before
{Heap before GC invocations=18 (full 0):
 garbage-first heap   total 63488K, used 54906K [0x0000000080000000, 0x0000000100000000)
  region size 1024K, 28 young (28672K), 4 survivors (4096K)
 Metaspace       used 50122K, committed 51456K, reserved 1114112K
  class space    used 6924K, committed 7552K, reserved 1048576K
}
Event: 87.904 GC heap after
{Heap after GC invocations=19 (full 0):
 garbage-first heap   total 63488K, used 34440K [0x0000000080000000, 0x0000000100000000)
  region size 1024K, 4 young (4096K), 4 survivors (4096K)
 Metaspace       used 50122K, committed 51456K, reserved 1114112K
  class space    used 6924K, committed 7552K, reserved 1048576K
}
Event: 89.942 GC heap before
{Heap before GC invocations=20 (full 0):
 garbage-first heap   total 63488K, used 54920K [0x0000000080000000, 0x0000000100000000)
  region size 1024K, 25 young (25600K), 4 survivors (4096K)
 Metaspace       used 52802K, committed 54272K, reserved 1114112K
  class space    used 7380K, committed 8064K, reserved 1048576K
}
Event: 89.987 GC heap after
{Heap after GC invocations=21 (full 0):
 garbage-first heap   total 63488K, used 36379K [0x0000000080000000, 0x0000000100000000)
  region size 1024K, 2 young (2048K), 2 survivors (2048K)
 Metaspace       used 52802K, committed 54272K, reserved 1114112K
  class space    used 7380K, committed 8064K, reserved 1048576K
}
Event: 96.183 GC heap before
{Heap before GC invocations=21 (full 0):
 garbage-first heap   total 63488K, used 55835K [0x0000000080000000, 0x0000000100000000)
  region size 1024K, 22 young (22528K), 2 survivors (2048K)
 Metaspace       used 54964K, committed 56576K, reserved 1114112K
  class space    used 7756K, committed 8512K, reserved 1048576K
}
Event: 96.217 GC heap after
{Heap after GC invocations=22 (full 0):
 garbage-first heap   total 63488K, used 37812K [0x0000000080000000, 0x0000000100000000)
  region size 1024K, 3 young (3072K), 3 survivors (3072K)
 Metaspace       used 54964K, committed 56576K, reserved 1114112K
  class space    used 7756K, committed 8512K, reserved 1048576K
}
Event: 103.033 GC heap before
{Heap before GC invocations=22 (full 0):
 garbage-first heap   total 63488K, used 52148K [0x0000000080000000, 0x0000000100000000)
  region size 1024K, 19 young (19456K), 3 survivors (3072K)
 Metaspace       used 55441K, committed 57024K, reserved 1114112K
  class space    used 7785K, committed 8512K, reserved 1048576K
}
Event: 103.057 GC heap after
{Heap after GC invocations=23 (full 0):
 garbage-first heap   total 63488K, used 38926K [0x0000000080000000, 0x0000000100000000)
  region size 1024K, 3 young (3072K), 3 survivors (3072K)
 Metaspace       used 55441K, committed 57024K, reserved 1114112K
  class space    used 7785K, committed 8512K, reserved 1048576K
}
Event: 105.909 GC heap before
{Heap before GC invocations=24 (full 0):
 garbage-first heap   total 66560K, used 59406K [0x0000000080000000, 0x0000000100000000)
  region size 1024K, 21 young (21504K), 3 survivors (3072K)
 Metaspace       used 56616K, committed 58240K, reserved 1114112K
  class space    used 7966K, committed 8704K, reserved 1048576K
}
Event: 105.942 GC heap after
{Heap after GC invocations=25 (full 0):
 garbage-first heap   total 66560K, used 43008K [0x0000000080000000, 0x0000000100000000)
  region size 1024K, 3 young (3072K), 3 survivors (3072K)
 Metaspace       used 56616K, committed 58240K, reserved 1114112K
  class space    used 7966K, committed 8704K, reserved 1048576K
}
Event: 106.113 GC heap before
{Heap before GC invocations=25 (full 0):
 garbage-first heap   total 66560K, used 60416K [0x0000000080000000, 0x0000000100000000)
  region size 1024K, 20 young (20480K), 3 survivors (3072K)
 Metaspace       used 56616K, committed 58240K, reserved 1114112K
  class space    used 7966K, committed 8704K, reserved 1048576K
}
Event: 106.135 GC heap after
{Heap after GC invocations=26 (full 0):
 garbage-first heap   total 66560K, used 43124K [0x0000000080000000, 0x0000000100000000)
  region size 1024K, 1 young (1024K), 1 survivors (1024K)
 Metaspace       used 56616K, committed 58240K, reserved 1114112K
  class space    used 7966K, committed 8704K, reserved 1048576K
}
Event: 106.846 GC heap before
{Heap before GC invocations=26 (full 0):
 garbage-first heap   total 66560K, used 60532K [0x0000000080000000, 0x0000000100000000)
  region size 1024K, 18 young (18432K), 1 survivors (1024K)
 Metaspace       used 57315K, committed 59008K, reserved 1114112K
  class space    used 8092K, committed 8896K, reserved 1048576K
}
Event: 106.856 GC heap after
{Heap after GC invocations=27 (full 0):
 garbage-first heap   total 95232K, used 43137K [0x0000000080000000, 0x0000000100000000)
  region size 1024K, 1 young (1024K), 1 survivors (1024K)
 Metaspace       used 57315K, committed 59008K, reserved 1114112K
  class space    used 8092K, committed 8896K, reserved 1048576K
}

Dll operation events (3 events):
Event: 0.622 Loaded shared library C:\Program Files\Android\Android Studio\jbr\bin\java.dll
Event: 0.874 Loaded shared library C:\Program Files\Android\Android Studio\jbr\bin\zip.dll
Event: 11.106 Loaded shared library C:\Program Files\Android\Android Studio\jbr\bin\verify.dll

Deoptimization events (20 events):
Event: 106.844 Thread 0x0000025f360f9050 Uncommon trap: trap_request=0xffffffc6 fr.pc=0x0000025f24aba148 relative=0x00000000000002e8
Event: 106.844 Thread 0x0000025f360f9050 Uncommon trap: reason=bimorphic_or_optimized_type_check action=maybe_recompile pc=0x0000025f24aba148 method=com.google.common.base.CharMatcher.indexIn(Ljava/lang/CharSequence;I)I @ 31 c2
Event: 106.844 Thread 0x0000025f360f9050 DEOPT PACKING pc=0x0000025f24aba148 sp=0x000000a720af9bf0
Event: 106.844 Thread 0x0000025f360f9050 DEOPT UNPACKING pc=0x0000025f2449429c sp=0x000000a720af9b98 mode 2
Event: 107.233 Thread 0x0000025f360f9050 Uncommon trap: trap_request=0xffffffc6 fr.pc=0x0000025f24aba148 relative=0x00000000000002e8
Event: 107.233 Thread 0x0000025f360f9050 Uncommon trap: reason=bimorphic_or_optimized_type_check action=maybe_recompile pc=0x0000025f24aba148 method=com.google.common.base.CharMatcher.indexIn(Ljava/lang/CharSequence;I)I @ 31 c2
Event: 107.233 Thread 0x0000025f360f9050 DEOPT PACKING pc=0x0000025f24aba148 sp=0x000000a720af9370
Event: 107.233 Thread 0x0000025f360f9050 DEOPT UNPACKING pc=0x0000025f2449429c sp=0x000000a720af9318 mode 2
Event: 107.312 Thread 0x0000025f360f9050 Uncommon trap: trap_request=0xffffff45 fr.pc=0x0000025f24abb49c relative=0x00000000000002dc
Event: 107.312 Thread 0x0000025f360f9050 Uncommon trap: reason=unstable_if action=reinterpret pc=0x0000025f24abb49c method=java.net.URI$Parser.scan(IILjava/lang/String;)I @ 26 c2
Event: 107.312 Thread 0x0000025f360f9050 DEOPT PACKING pc=0x0000025f24abb49c sp=0x000000a720af8660
Event: 107.312 Thread 0x0000025f360f9050 DEOPT UNPACKING pc=0x0000025f2449429c sp=0x000000a720af85f0 mode 2
Event: 107.312 Thread 0x0000025f360f9050 Uncommon trap: trap_request=0xffffff45 fr.pc=0x0000025f24a8962c relative=0x000000000000016c
Event: 107.312 Thread 0x0000025f360f9050 Uncommon trap: reason=unstable_if action=reinterpret pc=0x0000025f24a8962c method=java.net.URI.match(CJJ)Z @ 45 c2
Event: 107.312 Thread 0x0000025f360f9050 DEOPT PACKING pc=0x0000025f24a8962c sp=0x000000a720af83d0
Event: 107.312 Thread 0x0000025f360f9050 DEOPT UNPACKING pc=0x0000025f2449429c sp=0x000000a720af82f8 mode 2
Event: 107.312 Thread 0x0000025f360f9050 Uncommon trap: trap_request=0xffffff45 fr.pc=0x0000025f24a33778 relative=0x0000000000000058
Event: 107.312 Thread 0x0000025f360f9050 Uncommon trap: reason=unstable_if action=reinterpret pc=0x0000025f24a33778 method=java.net.URI.match(CJJ)Z @ 19 c2
Event: 107.312 Thread 0x0000025f360f9050 DEOPT PACKING pc=0x0000025f24a33778 sp=0x000000a720af83e0
Event: 107.312 Thread 0x0000025f360f9050 DEOPT UNPACKING pc=0x0000025f2449429c sp=0x000000a720af8370 mode 2

Classes loaded (20 events):
Event: 106.841 Loading class java/util/DualPivotQuicksort
Event: 106.843 Loading class java/util/DualPivotQuicksort done
Event: 107.418 Loading class javax/net/ssl/HostnameVerifier
Event: 107.420 Loading class javax/net/ssl/HostnameVerifier done
Event: 107.432 Loading class javax/net/ssl/TrustManager
Event: 107.432 Loading class javax/net/ssl/TrustManager done
Event: 107.434 Loading class javax/net/ssl/X509TrustManager
Event: 107.434 Loading class javax/net/ssl/X509TrustManager done
Event: 107.471 Loading class javax/net/ssl/SSLException
Event: 107.471 Loading class javax/net/ssl/SSLException done
Event: 107.471 Loading class javax/net/ssl/SSLPeerUnverifiedException
Event: 107.471 Loading class javax/net/ssl/SSLPeerUnverifiedException done
Event: 107.471 Loading class javax/naming/NamingException
Event: 107.473 Loading class javax/naming/NamingException done
Event: 107.473 Loading class javax/naming/InvalidNameException
Event: 107.474 Loading class javax/naming/InvalidNameException done
Event: 107.475 Loading class java/security/cert/CertificateParsingException
Event: 107.476 Loading class java/security/cert/CertificateException
Event: 107.476 Loading class java/security/cert/CertificateException done
Event: 107.476 Loading class java/security/cert/CertificateParsingException done

Classes unloaded (0 events):
No events

Classes redefined (0 events):
No events

Internal exceptions (20 events):
Event: 105.476 Thread 0x0000025f360f9050 Exception <a 'sun/nio/fs/WindowsException'{0x00000000837ceec0}> (0x00000000837ceec0) 
thrown [s\src\hotspot\share\prims\jni.cpp, line 537]
Event: 105.477 Thread 0x0000025f360f9050 Exception <a 'sun/nio/fs/WindowsException'{0x00000000837d0020}> (0x00000000837d0020) 
thrown [s\src\hotspot\share\prims\jni.cpp, line 537]
Event: 105.483 Thread 0x0000025f360f9050 Exception <a 'java/lang/NoSuchMethodError'{0x00000000837ea7d0}: 'java.lang.Object java.lang.invoke.Invokers$Holder.invoker(java.lang.Object, java.lang.Object, java.lang.Object, java.lang.Object, java.lang.Object, java.lang.Object)'> (0x00000000837ea7d0) 
thrown [s\src\hotspot\share\interpreter\linkResolver.cpp, line 784]
Event: 105.540 Thread 0x0000025f360f9050 Exception <a 'java/lang/NoSuchMethodError'{0x000000008368b630}: 'java.lang.Object java.lang.invoke.DirectMethodHandle$Holder.invokeSpecial(java.lang.Object, java.lang.Object, java.lang.Object, java.lang.Object, java.lang.Object, java.lang.Object, java.lang.Object, java.lang.Object, java.lang.Object, java.lang.Object, java.lang.Object, java.lang.Object, java.lang.Object, java.lang.Object, java.lang.Object, java.lang.Object, java.lang.Object, java.lang.Object, java.lang.Object, java.lang.Object, java.lang.Ob
Event: 105.541 Thread 0x0000025f360f9050 Exception <a 'java/lang/NoSuchMethodError'{0x0000000083691708}: 'java.lang.Object java.lang.invoke.DelegatingMethodHandle$Holder.reinvoke_L(java.lang.Object, java.lang.Object, java.lang.Object, java.lang.Object, java.lang.Object, java.lang.Object, java.lang.Object, java.lang.Object, java.lang.Object, java.lang.Object, java.lang.Object, java.lang.Object, java.lang.Object, java.lang.Object, java.lang.Object, java.lang.Object, java.lang.Object, java.lang.Object, java.lang.Object, java.lang.Object, java.lang.O
Event: 105.543 Thread 0x0000025f360f9050 Exception <a 'java/lang/NoSuchMethodError'{0x000000008369cb48}: 'java.lang.Object java.lang.invoke.Invokers$Holder.invoker(java.lang.Object, java.lang.Object, java.lang.Object, java.lang.Object, java.lang.Object, java.lang.Object, java.lang.Object, java.lang.Object, java.lang.Object, java.lang.Object, java.lang.Object, java.lang.Object, java.lang.Object, java.lang.Object, java.lang.Object, java.lang.Object, java.lang.Object, java.lang.Object, java.lang.Object, java.lang.Object, java.lang.Object, java.lang.
Event: 105.544 Thread 0x0000025f360f9050 Exception <a 'java/lang/NoSuchMethodError'{0x00000000836a34d0}: 'java.lang.Object java.lang.invoke.DelegatingMethodHandle$Holder.delegate(java.lang.Object, java.lang.Object, java.lang.Object, java.lang.Object, java.lang.Object, java.lang.Object, java.lang.Object, java.lang.Object, java.lang.Object, java.lang.Object, java.lang.Object, java.lang.Object, java.lang.Object, java.lang.Object, java.lang.Object, java.lang.Object, java.lang.Object, java.lang.Object, java.lang.Object, java.lang.Object, java.lang.Obj
Event: 105.611 Thread 0x0000025f360f9050 Exception <a 'sun/nio/fs/WindowsException'{0x00000000835db9b0}> (0x00000000835db9b0) 
thrown [s\src\hotspot\share\prims\jni.cpp, line 537]
Event: 105.724 Thread 0x0000025f360f9050 Exception <a 'java/lang/NoSuchMethodError'{0x000000008332e440}: 'java.lang.Object java.lang.invoke.DirectMethodHandle$Holder.newInvokeSpecial(java.lang.Object, java.lang.Object, java.lang.Object, java.lang.Object, java.lang.Object, java.lang.Object, int)'> (0x000000008332e440) 
thrown [s\src\hotspot\share\interpreter\linkResolver.cpp, line 784]
Event: 105.725 Thread 0x0000025f360f9050 Exception <a 'java/lang/NoSuchMethodError'{0x0000000083333118}: 'java.lang.Object java.lang.invoke.DirectMethodHandle$Holder.invokeSpecial(java.lang.Object, java.lang.Object, java.lang.Object, java.lang.Object, java.lang.Object, java.lang.Object, java.lang.Object, int)'> (0x0000000083333118) 
thrown [s\src\hotspot\share\interpreter\linkResolver.cpp, line 784]
Event: 105.726 Thread 0x0000025f360f9050 Exception <a 'java/lang/NoSuchMethodError'{0x0000000083337348}: 'java.lang.Object java.lang.invoke.Invokers$Holder.linkToTargetMethod(java.lang.Object, java.lang.Object, java.lang.Object, java.lang.Object, java.lang.Object, int, java.lang.Object)'> (0x0000000083337348) 
thrown [s\src\hotspot\share\interpreter\linkResolver.cpp, line 784]
Event: 106.258 Thread 0x0000025f360f9050 Exception <a 'sun/nio/fs/WindowsException'{0x0000000083886ca8}> (0x0000000083886ca8) 
thrown [s\src\hotspot\share\prims\jni.cpp, line 537]
Event: 106.404 Thread 0x0000025f360f9050 Exception <a 'java/lang/NoSuchMethodError'{0x00000000836436e0}: 'java.lang.Object java.lang.invoke.DirectMethodHandle$Holder.newInvokeSpecial(java.lang.Object, java.lang.Object, int, java.lang.Object, java.lang.Object, java.lang.Object, java.lang.Object)'> (0x00000000836436e0) 
thrown [s\src\hotspot\share\interpreter\linkResolver.cpp, line 784]
Event: 106.405 Thread 0x0000025f360f9050 Exception <a 'java/lang/NoSuchMethodError'{0x000000008364bff0}: 'java.lang.Object java.lang.invoke.Invokers$Holder.linkToTargetMethod(java.lang.Object, int, java.lang.Object, java.lang.Object, java.lang.Object, java.lang.Object, java.lang.Object)'> (0x000000008364bff0) 
thrown [s\src\hotspot\share\interpreter\linkResolver.cpp, line 784]
Event: 106.455 Thread 0x0000025f360f9050 Exception <a 'sun/nio/fs/WindowsException'{0x00000000836eff30}> (0x00000000836eff30) 
thrown [s\src\hotspot\share\prims\jni.cpp, line 537]
Event: 106.492 Thread 0x0000025f360f9050 Exception <a 'sun/nio/fs/WindowsException'{0x0000000083514d88}> (0x0000000083514d88) 
thrown [s\src\hotspot\share\prims\jni.cpp, line 537]
Event: 106.779 Thread 0x0000025f360f9050 Exception <a 'java/lang/NoSuchMethodError'{0x00000000831e4908}: 'java.lang.Object java.lang.invoke.DirectMethodHandle$Holder.newInvokeSpecial(java.lang.Object, java.lang.Object, java.lang.Object, java.lang.Object, java.lang.Object, java.lang.Object, java.lang.Object, java.lang.Object, java.lang.Object, java.lang.Object, java.lang.Object, java.lang.Object, java.lang.Object, java.lang.Object, java.lang.Object, java.lang.Object, java.lang.Object, java.lang.Object, java.lang.Object)'> (0x00000000831e4908) 
thr
Event: 106.781 Thread 0x0000025f360f9050 Exception <a 'java/lang/NoSuchMethodError'{0x00000000831eb5f8}: 'java.lang.Object java.lang.invoke.DirectMethodHandle$Holder.invokeSpecial(java.lang.Object, java.lang.Object, java.lang.Object, java.lang.Object, java.lang.Object, java.lang.Object, java.lang.Object, java.lang.Object, java.lang.Object, java.lang.Object, java.lang.Object, java.lang.Object, java.lang.Object, java.lang.Object, java.lang.Object, java.lang.Object, java.lang.Object, java.lang.Object, java.lang.Object, java.lang.Object)'> (0x0000000
Event: 106.782 Thread 0x0000025f360f9050 Exception <a 'java/lang/NoSuchMethodError'{0x00000000831f0eb8}: 'java.lang.Object java.lang.invoke.DelegatingMethodHandle$Holder.reinvoke_L(java.lang.Object, java.lang.Object, java.lang.Object, java.lang.Object, java.lang.Object, java.lang.Object, java.lang.Object, java.lang.Object, java.lang.Object, java.lang.Object, java.lang.Object, java.lang.Object, java.lang.Object, java.lang.Object, java.lang.Object, java.lang.Object, java.lang.Object, java.lang.Object, java.lang.Object)'> (0x00000000831f0eb8) 
throw
Event: 107.086 Thread 0x0000025f360f9050 Exception <a 'java/lang/IncompatibleClassChangeError'{0x0000000085c1f010}: Found class java.lang.Object, but interface was expected> (0x0000000085c1f010) 
thrown [s\src\hotspot\share\interpreter\linkResolver.cpp, line 851]

ZGC Phase Switch (0 events):
No events

VM Operations (20 events):
Event: 103.219 Executing VM operation: G1PauseRemark
Event: 103.237 Executing VM operation: G1PauseRemark done
Event: 103.327 Executing VM operation: G1PauseCleanup
Event: 103.345 Executing VM operation: G1PauseCleanup done
Event: 104.350 Executing VM operation: Cleanup
Event: 104.350 Executing VM operation: Cleanup done
Event: 104.717 Executing VM operation: HandshakeAllThreads (Deoptimize)
Event: 104.717 Executing VM operation: HandshakeAllThreads (Deoptimize) done
Event: 105.730 Executing VM operation: Cleanup
Event: 105.748 Executing VM operation: Cleanup done
Event: 105.909 Executing VM operation: G1CollectForAllocation (G1 Evacuation Pause)
Event: 105.942 Executing VM operation: G1CollectForAllocation (G1 Evacuation Pause) done
Event: 106.113 Executing VM operation: G1CollectForAllocation (G1 Evacuation Pause)
Event: 106.135 Executing VM operation: G1CollectForAllocation (G1 Evacuation Pause) done
Event: 106.846 Executing VM operation: G1CollectForAllocation (G1 Evacuation Pause)
Event: 106.856 Executing VM operation: G1CollectForAllocation (G1 Evacuation Pause) done
Event: 107.045 Executing VM operation: G1PauseRemark
Event: 107.073 Executing VM operation: G1PauseRemark done
Event: 107.179 Executing VM operation: G1PauseCleanup
Event: 107.179 Executing VM operation: G1PauseCleanup done

Memory protections (0 events):
No events

Nmethod flushes (20 events):
Event: 107.072 Thread 0x0000025f306e7360 flushing  nmethod 0x0000025f1d468590
Event: 107.072 Thread 0x0000025f306e7360 flushing  nmethod 0x0000025f1d468f90
Event: 107.072 Thread 0x0000025f306e7360 flushing  nmethod 0x0000025f1d469410
Event: 107.072 Thread 0x0000025f306e7360 flushing  nmethod 0x0000025f1d484a10
Event: 107.072 Thread 0x0000025f306e7360 flushing  nmethod 0x0000025f1d49ed90
Event: 107.072 Thread 0x0000025f306e7360 flushing  nmethod 0x0000025f1d4b0990
Event: 107.072 Thread 0x0000025f306e7360 flushing  nmethod 0x0000025f1d4e4890
Event: 107.072 Thread 0x0000025f306e7360 flushing  nmethod 0x0000025f1d500290
Event: 107.072 Thread 0x0000025f306e7360 flushing  nmethod 0x0000025f1d527a90
Event: 107.072 Thread 0x0000025f306e7360 flushing  nmethod 0x0000025f1d5dbe90
Event: 107.072 Thread 0x0000025f306e7360 flushing  nmethod 0x0000025f1d605910
Event: 107.072 Thread 0x0000025f306e7360 flushing  nmethod 0x0000025f1d626a90
Event: 107.072 Thread 0x0000025f306e7360 flushing  nmethod 0x0000025f1d66a590
Event: 107.072 Thread 0x0000025f306e7360 flushing  nmethod 0x0000025f1d66e910
Event: 107.072 Thread 0x0000025f306e7360 flushing  nmethod 0x0000025f1d6b4510
Event: 107.072 Thread 0x0000025f306e7360 flushing  nmethod 0x0000025f1d6df910
Event: 107.072 Thread 0x0000025f306e7360 flushing  nmethod 0x0000025f1d6e9c10
Event: 107.072 Thread 0x0000025f306e7360 flushing  nmethod 0x0000025f1d6ff310
Event: 107.072 Thread 0x0000025f306e7360 flushing  nmethod 0x0000025f1d736410
Event: 107.072 Thread 0x0000025f306e7360 flushing  nmethod 0x0000025f1d748710

Events (20 events):
Event: 34.220 Thread 0x0000025f36b680f0 Thread added: 0x0000025f360f9050
Event: 34.626 Thread 0x0000025f360f9050 Thread added: 0x0000025f360f7ca0
Event: 34.644 Thread 0x0000025f360f9050 Thread added: 0x0000025f360f96e0
Event: 34.677 Thread 0x0000025f360f9050 Thread added: 0x0000025f360f9d70
Event: 41.079 Thread 0x0000025f360f9050 Thread added: 0x0000025f360fb120
Event: 41.243 Thread 0x0000025f360f9050 Thread added: 0x0000025f360fa400
Event: 44.337 Thread 0x0000025f360f9050 Thread added: 0x0000025f360faa90
Event: 73.867 Thread 0x0000025f360f9050 Thread added: 0x0000025f36e9dc40
Event: 73.957 Thread 0x0000025f360f9050 Thread added: 0x0000025f36ea03a0
Event: 75.297 Thread 0x0000025f360f9050 Thread added: 0x0000025f36e9d5b0
Event: 75.329 Thread 0x0000025f360f9050 Thread added: 0x0000025f36e9f680
Event: 79.022 Thread 0x0000025f360f9050 Thread added: 0x0000025f36e9e2d0
Event: 79.517 Thread 0x0000025f360f9050 Thread added: 0x0000025f36e9fd10
Event: 81.316 Thread 0x0000025f360f9050 Thread added: 0x0000025f36e9e960
Event: 82.074 Thread 0x0000025f360f9050 Thread added: 0x0000025f36e9cf20
Event: 82.945 Thread 0x0000025f360f9050 Thread added: 0x0000025f36e94f30
Event: 83.159 Thread 0x0000025f360f9050 Thread added: 0x0000025f36e97690
Event: 92.273 Thread 0x0000025f360f9050 Thread added: 0x0000025f36e962e0
Event: 96.025 Thread 0x0000025f360f9050 Thread added: 0x0000025f36e955c0
Event: 104.591 Thread 0x0000025f360f9050 Thread added: 0x0000025f36e97d20


Dynamic libraries:
0x00007ff663020000 - 0x00007ff66302a000 	C:\Program Files\Android\Android Studio\jbr\bin\java.exe
0x00007ffa005c0000 - 0x00007ffa00827000 	C:\WINDOWS\SYSTEM32\ntdll.dll
0x00007ff9feba0000 - 0x00007ff9fec69000 	C:\WINDOWS\System32\KERNEL32.DLL
0x00007ff9fd350000 - 0x00007ff9fd744000 	C:\WINDOWS\System32\KERNELBASE.dll
0x00007ff9fcf40000 - 0x00007ff9fd08b000 	C:\WINDOWS\System32\ucrtbase.dll
0x00007ff9d8c60000 - 0x00007ff9d8c78000 	C:\Program Files\Android\Android Studio\jbr\bin\jli.dll
0x00007ff9e5bf0000 - 0x00007ff9e5c0b000 	C:\Program Files\Android\Android Studio\jbr\bin\VCRUNTIME140.dll
0x00007ff9ffb30000 - 0x00007ff9ffcf5000 	C:\WINDOWS\System32\USER32.dll
0x00007ff9dc460000 - 0x00007ff9dc6f3000 	C:\WINDOWS\WinSxS\amd64_microsoft.windows.common-controls_6595b64144ccf1df_6.0.26100.8115_none_3e075c82e3354f9c\COMCTL32.dll
0x00007ff9fe3e0000 - 0x00007ff9fe489000 	C:\WINDOWS\System32\msvcrt.dll
0x00007ff9fe140000 - 0x00007ff9fe167000 	C:\WINDOWS\System32\win32u.dll
0x00007ff9fee80000 - 0x00007ff9feeab000 	C:\WINDOWS\System32\GDI32.dll
0x00007ff9fe220000 - 0x00007ff9fe34b000 	C:\WINDOWS\System32\gdi32full.dll
0x00007ff9fe170000 - 0x00007ff9fe213000 	C:\WINDOWS\System32\msvcp_win.dll
0x00007ff9fe630000 - 0x00007ff9fe662000 	C:\WINDOWS\System32\IMM32.DLL
0x00007ff9ecad0000 - 0x00007ff9ecadc000 	C:\Program Files\Android\Android Studio\jbr\bin\vcruntime140_1.dll
0x00007ff9d38a0000 - 0x00007ff9d392d000 	C:\Program Files\Android\Android Studio\jbr\bin\msvcp140.dll
0x00007ff97b560000 - 0x00007ff97c1f6000 	C:\Program Files\Android\Android Studio\jbr\bin\server\jvm.dll
0x00007ff9fec70000 - 0x00007ff9fed26000 	C:\WINDOWS\System32\ADVAPI32.dll
0x00007ff9fed40000 - 0x00007ff9fede7000 	C:\WINDOWS\System32\sechost.dll
0x00007ff9fea80000 - 0x00007ff9feb98000 	C:\WINDOWS\System32\RPCRT4.dll
0x00007ff9fedf0000 - 0x00007ff9fee70000 	C:\WINDOWS\System32\WS2_32.dll
0x00007ff9d90f0000 - 0x00007ff9d9126000 	C:\WINDOWS\SYSTEM32\WINMM.dll
0x00007ff9ec080000 - 0x00007ff9ec08b000 	C:\WINDOWS\SYSTEM32\VERSION.dll
0x00007ff9fcd10000 - 0x00007ff9fcd6e000 	C:\WINDOWS\SYSTEM32\POWRPROF.dll
0x00007ff9fccf0000 - 0x00007ff9fcd04000 	C:\WINDOWS\SYSTEM32\UMPDC.dll
0x00007ff9fbc20000 - 0x00007ff9fbc3b000 	C:\WINDOWS\SYSTEM32\kernel.appcore.dll
0x00007ff9e7db0000 - 0x00007ff9e7dba000 	C:\Program Files\Android\Android Studio\jbr\bin\jimage.dll
0x00007ff9faf30000 - 0x00007ff9fb172000 	C:\WINDOWS\SYSTEM32\DBGHELP.DLL
0x00007ff9ff570000 - 0x00007ff9ff8f2000 	C:\WINDOWS\System32\combase.dll
0x00007ff9fe940000 - 0x00007ff9fea18000 	C:\WINDOWS\System32\OLEAUT32.dll
0x00007ff9e7d70000 - 0x00007ff9e7dab000 	C:\WINDOWS\SYSTEM32\dbgcore.DLL
0x00007ff9fce90000 - 0x00007ff9fcf35000 	C:\WINDOWS\System32\bcryptPrimitives.dll
0x00007ff9ebcd0000 - 0x00007ff9ebcde000 	C:\Program Files\Android\Android Studio\jbr\bin\instrument.dll
0x00007ff9dd710000 - 0x00007ff9dd730000 	C:\Program Files\Android\Android Studio\jbr\bin\java.dll
0x00007ff9da380000 - 0x00007ff9da398000 	C:\Program Files\Android\Android Studio\jbr\bin\zip.dll
0x00007ff9ffe00000 - 0x00007ffa00567000 	C:\WINDOWS\System32\SHELL32.dll
0x00007ff9fd090000 - 0x00007ff9fd1fa000 	C:\WINDOWS\System32\wintypes.dll
0x00007ff9fd8d0000 - 0x00007ff9fe138000 	C:\WINDOWS\System32\windows.storage.dll
0x00007ff9ffd00000 - 0x00007ff9ffdf8000 	C:\WINDOWS\System32\SHCORE.dll
0x00007ff9fe6f0000 - 0x00007ff9fe756000 	C:\WINDOWS\System32\shlwapi.dll
0x00007ff9fcdb0000 - 0x00007ff9fcdd9000 	C:\WINDOWS\SYSTEM32\profapi.dll
0x00007ff9df790000 - 0x00007ff9df7a0000 	C:\Program Files\Android\Android Studio\jbr\bin\net.dll
0x00007ff9ed8b0000 - 0x00007ff9ed9dd000 	C:\WINDOWS\SYSTEM32\WINHTTP.dll
0x00007ff9fc190000 - 0x00007ff9fc1fc000 	C:\WINDOWS\system32\mswsock.dll
0x00007ff9d8cb0000 - 0x00007ff9d8cc6000 	C:\Program Files\Android\Android Studio\jbr\bin\nio.dll
0x00007ff9d9ec0000 - 0x00007ff9d9ed0000 	C:\Program Files\Android\Android Studio\jbr\bin\verify.dll
0x00007ff9df040000 - 0x00007ff9df067000 	C:\Users\ofent\.gradle\native\660c5614fbf4a5f2a75b1949f50a0caf5cd603558e7d8a26e50b933a0cfb79d1\windows-amd64\native-platform.dll
0x00007ff9dd7c0000 - 0x00007ff9dd837000 	C:\Users\ofent\.gradle\native\0.2.8\x86_64-windows-gnu\gradle-fileevents.dll
0x00007ff9de5c0000 - 0x00007ff9de5c9000 	C:\Program Files\Android\Android Studio\jbr\bin\management.dll
0x00007ff9dd700000 - 0x00007ff9dd70b000 	C:\Program Files\Android\Android Studio\jbr\bin\management_ext.dll
0x00007ffa00570000 - 0x00007ffa00578000 	C:\WINDOWS\System32\PSAPI.DLL
0x00007ff9fb6d0000 - 0x00007ff9fb702000 	C:\WINDOWS\SYSTEM32\IPHLPAPI.DLL
0x00007ff9fe760000 - 0x00007ff9fe76a000 	C:\WINDOWS\System32\NSI.dll
0x00007ff9df030000 - 0x00007ff9df039000 	C:\Program Files\Android\Android Studio\jbr\bin\extnet.dll
0x00007ff9fc470000 - 0x00007ff9fc48b000 	C:\WINDOWS\SYSTEM32\CRYPTSP.dll
0x00007ff9fbb80000 - 0x00007ff9fbbb9000 	C:\WINDOWS\system32\rsaenh.dll
0x00007ff9fc240000 - 0x00007ff9fc273000 	C:\WINDOWS\SYSTEM32\USERENV.dll
0x00007ff9fcd80000 - 0x00007ff9fcdaa000 	C:\WINDOWS\SYSTEM32\bcrypt.dll
0x00007ff9fc490000 - 0x00007ff9fc49c000 	C:\WINDOWS\SYSTEM32\CRYPTBASE.dll
0x00007ff9da050000 - 0x00007ff9da058000 	C:\WINDOWS\system32\wshunix.dll

JVMTI agents:
C:\Users\ofent\.gradle\wrapper\dists\gradle-9.3.1-bin\23ovyewtku6u96viwx3xl3oks\gradle-9.3.1\lib\agents\gradle-instrumentation-agent-9.3.1.jar path:C:\Program Files\Android\Android Studio\jbr\bin\instrument.dll, loaded, initialized, instrumentlib options:none

dbghelp: loaded successfully - version: 4.0.5 - missing functions: none
symbol engine: initialized successfully - sym options: 0x614 - pdb path: .;C:\Program Files\Android\Android Studio\jbr\bin;C:\WINDOWS\SYSTEM32;C:\WINDOWS\WinSxS\amd64_microsoft.windows.common-controls_6595b64144ccf1df_6.0.26100.8115_none_3e075c82e3354f9c;C:\Program Files\Android\Android Studio\jbr\bin\server;C:\Users\ofent\.gradle\native\660c5614fbf4a5f2a75b1949f50a0caf5cd603558e7d8a26e50b933a0cfb79d1\windows-amd64;C:\Users\ofent\.gradle\native\0.2.8\x86_64-windows-gnu

VM Arguments:
jvm_args: --add-opens=java.base/java.lang=ALL-UNNAMED --add-opens=java.base/java.lang.invoke=ALL-UNNAMED --add-opens=java.base/java.util=ALL-UNNAMED --add-opens=java.prefs/java.util.prefs=ALL-UNNAMED --add-exports=jdk.compiler/com.sun.tools.javac.api=ALL-UNNAMED --add-exports=jdk.compiler/com.sun.tools.javac.util=ALL-UNNAMED --add-opens=java.base/java.util=ALL-UNNAMED --add-opens=java.prefs/java.util.prefs=ALL-UNNAMED --add-opens=java.base/java.nio.charset=ALL-UNNAMED --add-opens=java.base/java.net=ALL-UNNAMED --add-opens=java.base/java.util.concurrent=ALL-UNNAMED --add-opens=java.base/java.util.concurrent.atomic=ALL-UNNAMED --add-opens=java.xml/javax.xml.namespace=ALL-UNNAMED --add-opens=java.base/java.time=ALL-UNNAMED -Xmx2048m -Dfile.encoding=UTF-8 -Duser.country=ZA -Duser.language=en -Duser.variant -javaagent:C:\Users\ofent\.gradle\wrapper\dists\gradle-9.3.1-bin\23ovyewtku6u96viwx3xl3oks\gradle-9.3.1\lib\agents\gradle-instrumentation-agent-9.3.1.jar 
java_command: org.gradle.launcher.daemon.bootstrap.GradleDaemon 9.3.1
java_class_path (initial): C:\Users\ofent\.gradle\wrapper\dists\gradle-9.3.1-bin\23ovyewtku6u96viwx3xl3oks\gradle-9.3.1\lib\gradle-daemon-main-9.3.1.jar
Launcher Type: SUN_STANDARD

[Global flags]
     intx CICompilerCount                          = 2                                         {product} {ergonomic}
     uint ConcGCThreads                            = 1                                         {product} {ergonomic}
     uint G1ConcRefinementThreads                  = 2                                         {product} {ergonomic}
   size_t G1HeapRegionSize                         = 1048576                                   {product} {ergonomic}
    uintx GCDrainStackTargetSize                   = 64                                        {product} {ergonomic}
   size_t InitialHeapSize                          = 65011712                                  {product} {ergonomic}
   size_t MarkStackSize                            = 4194304                                   {product} {ergonomic}
   size_t MaxHeapSize                              = 2147483648                                {product} {command line}
   size_t MaxNewSize                               = 1287651328                                {product} {ergonomic}
   size_t MinHeapDeltaBytes                        = 1048576                                   {product} {ergonomic}
   size_t MinHeapSize                              = 8388608                                   {product} {ergonomic}
    uintx NonNMethodCodeHeapSize                   = 5826188                                {pd product} {ergonomic}
    uintx NonProfiledCodeHeapSize                  = 122916026                              {pd product} {ergonomic}
    uintx ProfiledCodeHeapSize                     = 122916026                              {pd product} {ergonomic}
    uintx ReservedCodeCacheSize                    = 251658240                              {pd product} {ergonomic}
     bool SegmentedCodeCache                       = true                                      {product} {ergonomic}
   size_t SoftMaxHeapSize                          = 2147483648                             {manageable} {ergonomic}
     bool UseCompressedOops                        = true                           {product lp64_product} {ergonomic}
     bool UseG1GC                                  = true                                      {product} {ergonomic}
     bool UseLargePagesIndividualAllocation        = false                                  {pd product} {ergonomic}

Logging:
Log output configuration:
 #0: stdout all=warning uptime,level,tags foldmultilines=false
 #1: stderr all=off uptime,level,tags foldmultilines=false

Release file:
JAVA_VERSION="21.0.9" 
MODULES="java.base java.compiler java.datatransfer java.xml java.prefs java.desktop java.instrument java.logging java.management java.security.sasl java.naming java.rmi java.management.rmi java.net.http java.scripting java.security.jgss java.transaction.xa java.sql java.sql.rowset java.xml.crypto java.se java.smartcardio jdk.accessibility jdk.internal.jvmstat jdk.attach jdk.charsets jdk.internal.opt jdk.zipfs jdk.compiler jdk.crypto.ec jdk.crypto.cryptoki jdk.dynalink jdk.hotspot.agent jdk.httpserver jdk.internal.ed jdk.internal.le jdk.internal.vm.ci jdk.jartool jdk.javadoc jdk.jcmd jdk.jdeps jdk.jdwp.agent jdk.jdi jdk.jfr jdk.jlink jdk.jsobject jdk.localedata jdk.management jdk.management.agent jdk.management.jfr jdk.naming.dns jdk.naming.rmi jdk.net jdk.sctp jdk.security.auth jdk.security.jgss jdk.unsupported jdk.unsupported.desktop jdk.xml.dom" 
IMPLEMENTOR="JetBrains s.r.o." 
JAVA_RUNTIME_VERSION="21.0.9+-14787801-b1163.94" 
LIBC="default" 
OS_ARCH="x86_64" 
OS_NAME="Windows" 
SOURCE=".:git:0c757ddc9f2f" 

Environment Variables:
PATH=C:\WINDOWS\system32;C:\WINDOWS;C:\WINDOWS\System32\Wbem;C:\WINDOWS\System32\WindowsPowerShell\v1.0\;C:\WINDOWS\System32\OpenSSH\;C:\Users\ofent\AppData\Local\Microsoft\WindowsApps;C:\Users\ofent\AppData\Local\Programs\Microsoft VS Code\bin;
USERNAME=ofent
OS=Windows_NT
PROCESSOR_IDENTIFIER=Intel64 Family 6 Model 122 Stepping 8, GenuineIntel
TMP=C:\Users\ofent\AppData\Local\Temp
TEMP=C:\Users\ofent\AppData\Local\Temp




Periodic native trim disabled

JNI global refs:
JNI global refs: 23, weak refs: 1

JNI global refs memory usage: 835, weak refs: 833

Process memory usage:
Resident Set Size: 198716K (4% of 4014332K total physical memory with 225184K free physical memory)

OOME stack traces (most recent first):
Classloader memory used:
Loader org.gradle.internal.classloader.VisitableURLClassLoader                         : 28857K
Loader bootstrap                                                                       : 21618K
Loader org.gradle.initialization.MixInLegacyTypesClassLoader                           : 7126K
Loader jdk.internal.loader.ClassLoaders$AppClassLoader                                 : 229K
Loader jdk.internal.loader.ClassLoaders$PlatformClassLoader                            : 148K
Loader org.gradle.groovy.scripts.internal.DefaultScriptCompilationHandler$ScriptClassLoader: 105K
Loader org.gradle.internal.classloader.VisitableURLClassLoader                         : 21960B
Loader org.gradle.internal.classloader.VisitableURLClassLoader$InstrumentingVisitableURLClassLoader: 16488B
Loader jdk.internal.reflect.DelegatingClassLoader                                      : 10608B


[error occurred during error reporting (Classloader stats), id 0xe0000001, Out of Memory Error (s\src\hotspot\share\memory\arena.cpp:168)]
---------------  S Y S T E M  ---------------

OS:
 Windows 11 , 64 bit Build 26100 (10.0.26100.8246)
OS uptime: 9 days 2:27 hours

CPU: total 2 (initial active 2) (2 cores per cpu, 1 threads per core) family 6 model 122 stepping 8 microcode 0x18, cx8, cmov, fxsr, mmx, 3dnowpref, sse, sse2, sse3, ssse3, sse4.1, sse4.2, popcnt, tsc, tscinvbit, aes, erms, clmul, sha, clflush, clflushopt, rdtscp, rdpid
Processor Information for the first 2 processors :
  Max Mhz: 1100, Current Mhz: 1100, Mhz Limit: 1100

Memory: 4k page, system-wide physical 3920M (219M free)
TotalPageFile size 11236M (AvailPageFile size 4M)
current process WorkingSet (physical memory assigned to process): 196M, peak: 196M
current process commit charge ("private bytes"): 275M, peak: 275M

vm_info: OpenJDK 64-Bit Server VM (21.0.9+-14787801-b1163.94) for windows-amd64 JRE (21.0.9+-14787801-b1163.94), built on 2026-01-27T21:15:44Z by "builder" with MS VC++ 16.10 / 16.11 (VS2019)

END.
